{"name":"verify successful creation of Patient Account","status":"broken","statusDetails":{"known":false,"muted":false,"flaky":false,"message":"Argument is of an illegal type: org.openqa.selenium.By$ByXPath","trace":"java.lang.IllegalArgumentException: Argument is of an illegal type: org.openqa.selenium.By$ByXPath\r\n\tat org.openqa.selenium.remote.internal.WebElementToJsonConverter.apply(WebElementToJsonConverter.java:83)\r\n\tat java.base/java.util.stream.ReferencePipeline$3$1.accept(ReferencePipeline.java:195)\r\n\tat java.base/java.util.Spliterators$ArraySpliterator.forEachRemaining(Spliterators.java:948)\r\n\tat java.base/java.util.stream.AbstractPipeline.copyInto(AbstractPipeline.java:484)\r\n\tat java.base/java.util.stream.AbstractPipeline.wrapAndCopyInto(AbstractPipeline.java:474)\r\n\tat java.base/java.util.stream.ReduceOps$ReduceOp.evaluateSequential(ReduceOps.java:913)\r\n\tat java.base/java.util.stream.AbstractPipeline.evaluate(AbstractPipeline.java:234)\r\n\tat java.base/java.util.stream.ReferencePipeline.collect(ReferencePipeline.java:578)\r\n\tat org.openqa.selenium.remote.RemoteWebDriver.executeScript(RemoteWebDriver.java:484)\r\n\tat pages.AccountPage.selectPatientOption(AccountPage.java:84)\r\n\tat tests.ui.PatientCreationTest.createPatient(PatientCreationTest.java:43)\r\n\tat java.base/jdk.internal.reflect.NativeMethodAccessorImpl.invoke0(Native Method)\r\n\tat java.base/jdk.internal.reflect.NativeMethodAccessorImpl.invoke(NativeMethodAccessorImpl.java:62)\r\n\tat java.base/jdk.internal.reflect.DelegatingMethodAccessorImpl.invoke(DelegatingMethodAccessorImpl.java:43)\r\n\tat java.base/java.lang.reflect.Method.invoke(Method.java:566)\r\n\tat org.testng.internal.MethodInvocationHelper.invokeMethod(MethodInvocationHelper.java:133)\r\n\tat org.testng.internal.TestInvoker.invokeMethod(TestInvoker.java:598)\r\n\tat org.testng.internal.TestInvoker.invokeTestMethod(TestInvoker.java:173)\r\n\tat org.testng.internal.MethodRunner.runInSequence(MethodRunner.java:46)\r\n\tat org.testng.internal.TestInvoker$MethodInvocationAgent.invoke(TestInvoker.java:824)\r\n\tat org.testng.internal.TestInvoker.invokeTestMethods(TestInvoker.java:146)\r\n\tat org.testng.internal.TestMethodWorker.invokeTestMethods(TestMethodWorker.java:146)\r\n\tat org.testng.internal.TestMethodWorker.run(TestMethodWorker.java:128)\r\n\tat java.base/java.util.ArrayList.forEach(ArrayList.java:1541)\r\n\tat org.testng.TestRunner.privateRun(TestRunner.java:794)\r\n\tat org.testng.TestRunner.run(TestRunner.java:596)\r\n\tat org.testng.SuiteRunner.runTest(SuiteRunner.java:377)\r\n\tat org.testng.SuiteRunner.runSequentially(SuiteRunner.java:371)\r\n\tat org.testng.SuiteRunner.privateRun(SuiteRunner.java:332)\r\n\tat org.testng.SuiteRunner.run(SuiteRunner.java:276)\r\n\tat org.testng.SuiteRunnerWorker.runSuite(SuiteRunnerWorker.java:53)\r\n\tat org.testng.SuiteRunnerWorker.run(SuiteRunnerWorker.java:96)\r\n\tat org.testng.TestNG.runSuitesSequentially(TestNG.java:1212)\r\n\tat org.testng.TestNG.runSuitesLocally(TestNG.java:1134)\r\n\tat org.testng.TestNG.runSuites(TestNG.java:1063)\r\n\tat org.testng.TestNG.run(TestNG.java:1031)\r\n\tat com.intellij.rt.testng.IDEARemoteTestNG.run(IDEARemoteTestNG.java:66)\r\n\tat com.intellij.rt.testng.RemoteTestNGStarter.main(RemoteTestNGStarter.java:109)\r\n"},"stage":"finished","description":"successful creation of Patient Account record","steps":[{"name":"verify ACTICS PRM and Env title displayed on the Home Page","status":"passed","stage":"finished","steps":[{"name":"check if element is displayed","status":"passed","stage":"finished","steps":[],"attachments":[],"parameters":[{"name":"element","value":"[[ChromeDriver: chrome on WINDOWS (a074a56d158f8aecb9cae7b1629b0a5c)] -> xpath: //span[contains(text(),\"Sandbox: Regression\")]]"}],"start":1679922157370,"stop":1679922157405},{"name":"check if element is displayed","status":"passed","stage":"finished","steps":[],"attachments":[],"parameters":[{"name":"element","value":"[[ChromeDriver: chrome on WINDOWS (a074a56d158f8aecb9cae7b1629b0a5c)] -> xpath: //span[@title=\"ACTICS PRM\"]]"}],"start":1679922157427,"stop":1679922157457}],"attachments":[],"parameters":[],"start":1679922148664,"stop":1679922157457},{"name":"close all open tabs","status":"passed","stage":"finished","steps":[],"attachments":[],"parameters":[],"start":1679922157457,"stop":1679922167570},{"name":"click on navigation button dropdown","status":"passed","stage":"finished","steps":[{"name":"click on element - [[ChromeDriver: chrome on WINDOWS (a074a56d158f8aecb9cae7b1629b0a5c)] -> xpath: //span[contains(text(),\"Show Navigation Menu\")]/parent::button]","status":"passed","stage":"finished","steps":[],"attachments":[],"parameters":[{"name":"element","value":"[[ChromeDriver: chrome on WINDOWS (a074a56d158f8aecb9cae7b1629b0a5c)] -> xpath: //span[contains(text(),\"Show Navigation Menu\")]/parent::button]"}],"start":1679922167681,"stop":1679922168846},{"name":"check if element is displayed","status":"passed","stage":"finished","steps":[],"attachments":[],"parameters":[{"name":"element","value":"[[ChromeDriver: chrome on WINDOWS (a074a56d158f8aecb9cae7b1629b0a5c)] -> xpath: //div[@id=\"navMenuList\"]]"}],"start":1679922168868,"stop":1679922168890}],"attachments":[],"parameters":[],"start":1679922167571,"stop":1679922168890},{"name":"click on account option from navigation dropdown","status":"passed","stage":"finished","steps":[],"attachments":[],"parameters":[],"start":1679922168891,"stop":1679922172132},{"name":"verify Account Page title is displayed","status":"passed","stage":"finished","steps":[{"name":"check if element is displayed","status":"passed","stage":"finished","steps":[],"attachments":[],"parameters":[{"name":"element","value":"[[ChromeDriver: chrome on WINDOWS (a074a56d158f8aecb9cae7b1629b0a5c)] -> xpath: //h1/span[text()=\"Accounts\"]]"}],"start":1679922172251,"stop":1679922172285},{"name":"check if element is displayed","status":"passed","stage":"finished","steps":[],"attachments":[],"parameters":[{"name":"element","value":"[[ChromeDriver: chrome on WINDOWS (a074a56d158f8aecb9cae7b1629b0a5c)] -> xpath: //h1/span[text()=\"Recently Viewed\"]]"}],"start":1679922172320,"stop":1679922172347},{"name":"check if element is displayed","status":"passed","stage":"finished","steps":[],"attachments":[],"parameters":[{"name":"element","value":"[[ChromeDriver: chrome on WINDOWS (a074a56d158f8aecb9cae7b1629b0a5c)] -> xpath: //div[text()=\"New\"]/parent::a]"}],"start":1679922172381,"stop":1679922172411}],"attachments":[],"parameters":[],"start":1679922172137,"stop":1679922172411},{"name":"click on new button","status":"passed","stage":"finished","steps":[{"name":"click on element - [[ChromeDriver: chrome on WINDOWS (a074a56d158f8aecb9cae7b1629b0a5c)] -> xpath: //a[@title='New' and @class='forceActionLink']]","status":"passed","stage":"finished","steps":[],"attachments":[],"parameters":[{"name":"element","value":"[[ChromeDriver: chrome on WINDOWS (a074a56d158f8aecb9cae7b1629b0a5c)] -> xpath: //a[@title='New' and @class='forceActionLink']]"}],"start":1679922172533,"stop":1679922173630}],"attachments":[],"parameters":[],"start":1679922172412,"stop":1679922173630},{"name":"verify New Account Page title is displayed","status":"passed","stage":"finished","steps":[{"name":"check if element is displayed","status":"passed","stage":"finished","steps":[],"attachments":[],"parameters":[{"name":"element","value":"[[ChromeDriver: chrome on WINDOWS (a074a56d158f8aecb9cae7b1629b0a5c)] -> xpath: //h2[text()=\"New Account\"]]"}],"start":1679922174897,"stop":1679922174928}],"attachments":[],"parameters":[],"start":1679922173631,"stop":1679922174928},{"name":"Click on Patient radio button","status":"broken","statusDetails":{"known":false,"muted":false,"flaky":false,"message":"Argument is of an illegal type: org.openqa.selenium.By$ByXPath","trace":"java.lang.IllegalArgumentException: Argument is of an illegal type: org.openqa.selenium.By$ByXPath\r\n\tat org.openqa.selenium.remote.internal.WebElementToJsonConverter.apply(WebElementToJsonConverter.java:83)\r\n\tat java.base/java.util.stream.ReferencePipeline$3$1.accept(ReferencePipeline.java:195)\r\n\tat java.base/java.util.Spliterators$ArraySpliterator.forEachRemaining(Spliterators.java:948)\r\n\tat java.base/java.util.stream.AbstractPipeline.copyInto(AbstractPipeline.java:484)\r\n\tat java.base/java.util.stream.AbstractPipeline.wrapAndCopyInto(AbstractPipeline.java:474)\r\n\tat java.base/java.util.stream.ReduceOps$ReduceOp.evaluateSequential(ReduceOps.java:913)\r\n\tat java.base/java.util.stream.AbstractPipeline.evaluate(AbstractPipeline.java:234)\r\n\tat java.base/java.util.stream.ReferencePipeline.collect(ReferencePipeline.java:578)\r\n\tat org.openqa.selenium.remote.RemoteWebDriver.executeScript(RemoteWebDriver.java:484)\r\n\tat pages.AccountPage.selectPatientOption(AccountPage.java:84)\r\n\tat tests.ui.PatientCreationTest.createPatient(PatientCreationTest.java:43)\r\n\tat java.base/jdk.internal.reflect.NativeMethodAccessorImpl.invoke0(Native Method)\r\n\tat java.base/jdk.internal.reflect.NativeMethodAccessorImpl.invoke(NativeMethodAccessorImpl.java:62)\r\n\tat java.base/jdk.internal.reflect.DelegatingMethodAccessorImpl.invoke(DelegatingMethodAccessorImpl.java:43)\r\n\tat java.base/java.lang.reflect.Method.invoke(Method.java:566)\r\n\tat org.testng.internal.MethodInvocationHelper.invokeMethod(MethodInvocationHelper.java:133)\r\n\tat org.testng.internal.TestInvoker.invokeMethod(TestInvoker.java:598)\r\n\tat org.testng.internal.TestInvoker.invokeTestMethod(TestInvoker.java:173)\r\n\tat org.testng.internal.MethodRunner.runInSequence(MethodRunner.java:46)\r\n\tat org.testng.internal.TestInvoker$MethodInvocationAgent.invoke(TestInvoker.java:824)\r\n\tat org.testng.internal.TestInvoker.invokeTestMethods(TestInvoker.java:146)\r\n\tat org.testng.internal.TestMethodWorker.invokeTestMethods(TestMethodWorker.java:146)\r\n\tat org.testng.internal.TestMethodWorker.run(TestMethodWorker.java:128)\r\n\tat java.base/java.util.ArrayList.forEach(ArrayList.java:1541)\r\n\tat org.testng.TestRunner.privateRun(TestRunner.java:794)\r\n\tat org.testng.TestRunner.run(TestRunner.java:596)\r\n\tat org.testng.SuiteRunner.runTest(SuiteRunner.java:377)\r\n\tat org.testng.SuiteRunner.runSequentially(SuiteRunner.java:371)\r\n\tat org.testng.SuiteRunner.privateRun(SuiteRunner.java:332)\r\n\tat org.testng.SuiteRunner.run(SuiteRunner.java:276)\r\n\tat org.testng.SuiteRunnerWorker.runSuite(SuiteRunnerWorker.java:53)\r\n\tat org.testng.SuiteRunnerWorker.run(SuiteRunnerWorker.java:96)\r\n\tat org.testng.TestNG.runSuitesSequentially(TestNG.java:1212)\r\n\tat org.testng.TestNG.runSuitesLocally(TestNG.java:1134)\r\n\tat org.testng.TestNG.runSuites(TestNG.java:1063)\r\n\tat org.testng.TestNG.run(TestNG.java:1031)\r\n\tat com.intellij.rt.testng.IDEARemoteTestNG.run(IDEARemoteTestNG.java:66)\r\n\tat com.intellij.rt.testng.RemoteTestNGStarter.main(RemoteTestNGStarter.java:109)\r\n"},"stage":"finished","steps":[],"attachments":[],"parameters":[],"start":1679922174928,"stop":1679922174996}],"attachments":[{"name":"saveFailureScreenShot","source":"c7d51982-29a5-4c5f-b27d-5488e12fa88c-attachment"}],"parameters":[{"name":"environment","value":"qa"},{"name":"browser","value":"chrome"}],"start":1679922148660,"stop":1679922175192,"uuid":"088fb11e-4c74-4e5e-a931-815839479f94","historyId":"53e44cda7c186f2143ebfb0259677964","fullName":"tests.ui.PatientCreationTest.createPatient","labels":[{"name":"package","value":"tests.ui.PatientCreationTest"},{"name":"testClass","value":"tests.ui.PatientCreationTest"},{"name":"testMethod","value":"createPatient"},{"name":"parentSuite","value":"UI_Regression_Suite"},{"name":"suite","value":"Test"},{"name":"subSuite","value":"tests.ui.PatientCreationTest"},{"name":"host","value":"NTS-ShishantYadav"},{"name":"thread","value":"13160@NTS-ShishantYadav.main(1)"},{"name":"framework","value":"testng"},{"name":"language","value":"java"},{"name":"story","value":"story_id: 003 - successful creation of Patient Account record"},{"name":"feature","value":"Patient Account feature"},{"name":"severity","value":"critical"}],"links":[]}