{"name":"verify successful deletion of Patient Contact","status":"passed","statusDetails":{"known":false,"muted":false,"flaky":false},"stage":"finished","description":"successful deletion of Patient Contact record","steps":[{"name":"close all open tabs","status":"passed","stage":"finished","steps":[{"name":"click on element - [[ChromeDriver: chrome on WINDOWS (4fc9a62ca8e60f68e7aaa25b98f6589a)] -> xpath: //button[contains(@title,'Close')]]","status":"passed","stage":"finished","steps":[],"attachments":[],"parameters":[{"name":"element","value":"[[ChromeDriver: chrome on WINDOWS (4fc9a62ca8e60f68e7aaa25b98f6589a)] -> xpath: //button[contains(@title,'Close')]]"}],"start":1679864677050,"stop":1679864678165},{"name":"click on element - [[ChromeDriver: chrome on WINDOWS (4fc9a62ca8e60f68e7aaa25b98f6589a)] -> xpath: //button[contains(@title,'Close')]]","status":"broken","statusDetails":{"known":false,"muted":false,"flaky":false,"message":"Expected condition failed: waiting for element to be clickable: [[ChromeDriver: chrome on WINDOWS (4fc9a62ca8e60f68e7aaa25b98f6589a)] -> xpath: //button[contains(@title,'Close')]] (tried for 10 second(s) with 600 milliseconds interval)","trace":"org.openqa.selenium.TimeoutException: Expected condition failed: waiting for element to be clickable: [[ChromeDriver: chrome on WINDOWS (4fc9a62ca8e60f68e7aaa25b98f6589a)] -> xpath: //button[contains(@title,'Close')]] (tried for 10 second(s) with 600 milliseconds interval)\r\n\tat org.openqa.selenium.support.ui.FluentWait.timeoutException(FluentWait.java:304)\r\n\tat org.openqa.selenium.support.ui.FluentWait.until(FluentWait.java:272)\r\n\tat utilities.AppUtils.waitForElementClickable(AppUtils.java:208)\r\n\tat utilities.AppUtils.jseClick(AppUtils.java:32)\r\n\tat pages.HomePage.closeAllTabs(HomePage.java:66)\r\n\tat tests.ui.PersonContactAccountTest.successful_contact_deletion_Test(PersonContactAccountTest.java:68)\r\n\tat java.base/jdk.internal.reflect.NativeMethodAccessorImpl.invoke0(Native Method)\r\n\tat java.base/jdk.internal.reflect.NativeMethodAccessorImpl.invoke(NativeMethodAccessorImpl.java:62)\r\n\tat java.base/jdk.internal.reflect.DelegatingMethodAccessorImpl.invoke(DelegatingMethodAccessorImpl.java:43)\r\n\tat java.base/java.lang.reflect.Method.invoke(Method.java:566)\r\n\tat org.testng.internal.MethodInvocationHelper.invokeMethod(MethodInvocationHelper.java:133)\r\n\tat org.testng.internal.TestInvoker.invokeMethod(TestInvoker.java:598)\r\n\tat org.testng.internal.TestInvoker.invokeTestMethod(TestInvoker.java:173)\r\n\tat org.testng.internal.MethodRunner.runInSequence(MethodRunner.java:46)\r\n\tat org.testng.internal.TestInvoker$MethodInvocationAgent.invoke(TestInvoker.java:824)\r\n\tat org.testng.internal.TestInvoker.invokeTestMethods(TestInvoker.java:146)\r\n\tat org.testng.internal.TestMethodWorker.invokeTestMethods(TestMethodWorker.java:146)\r\n\tat org.testng.internal.TestMethodWorker.run(TestMethodWorker.java:128)\r\n\tat java.base/java.util.ArrayList.forEach(ArrayList.java:1541)\r\n\tat org.testng.TestRunner.privateRun(TestRunner.java:794)\r\n\tat org.testng.TestRunner.run(TestRunner.java:596)\r\n\tat org.testng.SuiteRunner.runTest(SuiteRunner.java:377)\r\n\tat org.testng.SuiteRunner.runSequentially(SuiteRunner.java:371)\r\n\tat org.testng.SuiteRunner.privateRun(SuiteRunner.java:332)\r\n\tat org.testng.SuiteRunner.run(SuiteRunner.java:276)\r\n\tat org.testng.SuiteRunnerWorker.runSuite(SuiteRunnerWorker.java:53)\r\n\tat org.testng.SuiteRunnerWorker.run(SuiteRunnerWorker.java:96)\r\n\tat org.testng.TestNG.runSuitesSequentially(TestNG.java:1212)\r\n\tat org.testng.TestNG.runSuitesLocally(TestNG.java:1134)\r\n\tat org.testng.TestNG.runSuites(TestNG.java:1063)\r\n\tat org.testng.TestNG.run(TestNG.java:1031)\r\n\tat com.intellij.rt.testng.IDEARemoteTestNG.run(IDEARemoteTestNG.java:66)\r\n\tat com.intellij.rt.testng.RemoteTestNGStarter.main(RemoteTestNGStarter.java:109)\r\nCaused by: org.openqa.selenium.StaleElementReferenceException: stale element reference: element is not attached to the page document\n  (Session info: chrome=111.0.5563.65)\nFor documentation on this error, please visit: https://www.seleniumhq.org/exceptions/stale_element_reference.html\nBuild info: version: '3.141.59', revision: 'e82be7d358', time: '2018-11-14T08:17:03'\nSystem info: host: 'NTS-NISHANTKOLT', ip: '192.168.0.123', os.name: 'Windows 10', os.arch: 'amd64', os.version: '10.0', java.version: '11.0.15.1'\nDriver info: org.openqa.selenium.chrome.ChromeDriver\nCapabilities {acceptInsecureCerts: false, browserName: chrome, browserVersion: 111.0.5563.65, chrome: {chromedriverVersion: 111.0.5563.64 (c710e93d5b63..., userDataDir: C:\\Users\\NTS-NI~1\\AppData\\L...}, goog:chromeOptions: {debuggerAddress: localhost:54215}, javascriptEnabled: true, networkConnectionEnabled: false, pageLoadStrategy: normal, platform: WINDOWS, platformName: WINDOWS, proxy: Proxy(), setWindowRect: true, strictFileInteractability: false, timeouts: {implicit: 0, pageLoad: 300000, script: 30000}, unhandledPromptBehavior: dismiss and notify, webauthn:extension:credBlob: true, webauthn:extension:largeBlob: true, webauthn:extension:minPinLength: true, webauthn:extension:prf: true, webauthn:virtualAuthenticators: true}\nSession ID: 4fc9a62ca8e60f68e7aaa25b98f6589a\r\n\tat jdk.internal.reflect.GeneratedConstructorAccessor12.newInstance(Unknown Source)\r\n\tat java.base/jdk.internal.reflect.DelegatingConstructorAccessorImpl.newInstance(DelegatingConstructorAccessorImpl.java:45)\r\n\tat java.base/java.lang.reflect.Constructor.newInstance(Constructor.java:490)\r\n\tat org.openqa.selenium.remote.http.W3CHttpResponseCodec.createException(W3CHttpResponseCodec.java:187)\r\n\tat org.openqa.selenium.remote.http.W3CHttpResponseCodec.decode(W3CHttpResponseCodec.java:122)\r\n\tat org.openqa.selenium.remote.http.W3CHttpResponseCodec.decode(W3CHttpResponseCodec.java:49)\r\n\tat org.openqa.selenium.remote.HttpCommandExecutor.execute(HttpCommandExecutor.java:158)\r\n\tat org.openqa.selenium.remote.service.DriverCommandExecutor.execute(DriverCommandExecutor.java:83)\r\n\tat org.openqa.selenium.remote.RemoteWebDriver.execute(RemoteWebDriver.java:552)\r\n\tat org.openqa.selenium.remote.RemoteWebElement.execute(RemoteWebElement.java:285)\r\n\tat org.openqa.selenium.remote.RemoteWebElement.isDisplayed(RemoteWebElement.java:326)\r\n\tat org.openqa.selenium.support.ui.ExpectedConditions.elementIfVisible(ExpectedConditions.java:314)\r\n\tat org.openqa.selenium.support.ui.ExpectedConditions.access$000(ExpectedConditions.java:43)\r\n\tat org.openqa.selenium.support.ui.ExpectedConditions$10.apply(ExpectedConditions.java:300)\r\n\tat org.openqa.selenium.support.ui.ExpectedConditions$10.apply(ExpectedConditions.java:297)\r\n\tat org.openqa.selenium.support.ui.ExpectedConditions$23.apply(ExpectedConditions.java:670)\r\n\tat org.openqa.selenium.support.ui.ExpectedConditions$23.apply(ExpectedConditions.java:666)\r\n\tat org.openqa.selenium.support.ui.FluentWait.until(FluentWait.java:249)\r\n\t... 31 more\r\n"},"stage":"finished","steps":[],"attachments":[],"parameters":[{"name":"element","value":"[[ChromeDriver: chrome on WINDOWS (4fc9a62ca8e60f68e7aaa25b98f6589a)] -> xpath: //button[contains(@title,'Close')]]"}],"start":1679864679167,"stop":1679864690432}],"attachments":[],"parameters":[],"start":1679864675946,"stop":1679864690433},{"name":"click on navigation button dropdown","status":"passed","stage":"finished","steps":[{"name":"click on element - [[ChromeDriver: chrome on WINDOWS (4fc9a62ca8e60f68e7aaa25b98f6589a)] -> xpath: //span[contains(text(),\"Show Navigation Menu\")]/parent::button]","status":"passed","stage":"finished","steps":[],"attachments":[],"parameters":[{"name":"element","value":"[[ChromeDriver: chrome on WINDOWS (4fc9a62ca8e60f68e7aaa25b98f6589a)] -> xpath: //span[contains(text(),\"Show Navigation Menu\")]/parent::button]"}],"start":1679864690550,"stop":1679864691696},{"name":"check if element is displayed","status":"passed","stage":"finished","steps":[],"attachments":[],"parameters":[{"name":"element","value":"[[ChromeDriver: chrome on WINDOWS (4fc9a62ca8e60f68e7aaa25b98f6589a)] -> xpath: //div[@id=\"navMenuList\"]]"}],"start":1679864691723,"stop":1679864691754}],"attachments":[],"parameters":[],"start":1679864690434,"stop":1679864691754},{"name":"click on account option from navigation dropdown","status":"passed","stage":"finished","steps":[],"attachments":[],"parameters":[],"start":1679864691754,"stop":1679864695010},{"name":"verify Account Page title is displayed","status":"passed","stage":"finished","steps":[{"name":"check if element is displayed","status":"passed","stage":"finished","steps":[],"attachments":[],"parameters":[{"name":"element","value":"[[ChromeDriver: chrome on WINDOWS (4fc9a62ca8e60f68e7aaa25b98f6589a)] -> xpath: //h1/span[text()=\"Accounts\"]]"}],"start":1679864695130,"stop":1679864695165},{"name":"check if element is displayed","status":"passed","stage":"finished","steps":[],"attachments":[],"parameters":[{"name":"element","value":"[[ChromeDriver: chrome on WINDOWS (4fc9a62ca8e60f68e7aaa25b98f6589a)] -> xpath: //h1/span[text()=\"Recently Viewed\"]]"}],"start":1679864695199,"stop":1679864695228},{"name":"check if element is displayed","status":"passed","stage":"finished","steps":[],"attachments":[],"parameters":[{"name":"element","value":"[[ChromeDriver: chrome on WINDOWS (4fc9a62ca8e60f68e7aaa25b98f6589a)] -> xpath: //div[text()=\"New\"]/parent::a]"}],"start":1679864695260,"stop":1679864695288}],"attachments":[],"parameters":[],"start":1679864695011,"stop":1679864695288},{"name":"navigate to the contact account","status":"passed","stage":"finished","steps":[{"name":"click on element - [[ChromeDriver: chrome on WINDOWS (4fc9a62ca8e60f68e7aaa25b98f6589a)] -> xpath: //a[contains(text(),'contact FN contact LN')]]","status":"passed","stage":"finished","steps":[],"attachments":[],"parameters":[{"name":"element","value":"[[ChromeDriver: chrome on WINDOWS (4fc9a62ca8e60f68e7aaa25b98f6589a)] -> xpath: //a[contains(text(),'contact FN contact LN')]]"}],"start":1679864695385,"stop":1679864696696}],"attachments":[],"parameters":[{"name":"expectedContactName","value":"contact FN contact LN"}],"start":1679864695289,"stop":1679864696696},{"name":"get name of the contact person from the Account tab","status":"passed","stage":"finished","steps":[],"attachments":[],"parameters":[],"start":1679864696697,"stop":1679864696912},{"name":"delete Contact record","status":"passed","stage":"finished","steps":[{"name":"click on element - [[ChromeDriver: chrome on WINDOWS (4fc9a62ca8e60f68e7aaa25b98f6589a)] -> xpath: //button[@name='Delete']]","status":"passed","stage":"finished","steps":[],"attachments":[],"parameters":[{"name":"element","value":"[[ChromeDriver: chrome on WINDOWS (4fc9a62ca8e60f68e7aaa25b98f6589a)] -> xpath: //button[@name='Delete']]"}],"start":1679864697056,"stop":1679864698200},{"name":"click on element - [[ChromeDriver: chrome on WINDOWS (4fc9a62ca8e60f68e7aaa25b98f6589a)] -> xpath: //div[@class=\"modal-footer slds-modal__footer\"]/descendant::button[@title='Delete']]","status":"passed","stage":"finished","steps":[],"attachments":[],"parameters":[{"name":"element","value":"[[ChromeDriver: chrome on WINDOWS (4fc9a62ca8e60f68e7aaa25b98f6589a)] -> xpath: //div[@class=\"modal-footer slds-modal__footer\"]/descendant::button[@title='Delete']]"}],"start":1679864698429,"stop":1679864699568}],"attachments":[],"parameters":[],"start":1679864696914,"stop":1679864699568},{"name":"verify success message once record is created created","status":"passed","stage":"finished","steps":[],"attachments":[],"parameters":[{"name":"contactname","value":"contact FN contact LN"}],"start":1679864699569,"stop":1679864701668}],"attachments":[],"parameters":[{"name":"environment","value":"qa"},{"name":"browser","value":"chrome"}],"start":1679864675942,"stop":1679864701668,"uuid":"74bbfbf3-2f4e-4717-86c2-01d3c2641613","historyId":"7b26f7f983e044718b9e3a177870d739","fullName":"tests.ui.PersonContactAccountTest.successful_contact_deletion_Test","labels":[{"name":"package","value":"tests.ui.PersonContactAccountTest"},{"name":"testClass","value":"tests.ui.PersonContactAccountTest"},{"name":"testMethod","value":"successful_contact_deletion_Test"},{"name":"parentSuite","value":"UI_Regression_Suite"},{"name":"suite","value":"Test"},{"name":"subSuite","value":"tests.ui.PersonContactAccountTest"},{"name":"host","value":"NTS-NishantKolte"},{"name":"thread","value":"5276@NTS-NishantKolte.main(1)"},{"name":"framework","value":"testng"},{"name":"language","value":"java"},{"name":"story","value":"story_id: 002 - successful deletion of Patient Contact record"},{"name":"feature","value":"Person Contact Account feature"},{"name":"severity","value":"critical"}],"links":[]}