{"name":"verify successful login test","status":"broken","statusDetails":{"known":false,"muted":false,"flaky":false,"message":"element click intercepted: Element <button lightning-basecombobox_basecombobox=\"\" class=\"slds-combobox__input slds-input_faux slds-combobox__input-value\" id=\"combobox-button-896\" type=\"button\" aria-expanded=\"false\" aria-haspopup=\"listbox\" name=\"PHX_PrimaryContact__c\" role=\"combobox\" data-value=\"--None--\" aria-label=\"Primary, --None--\" aria-required=\"false\" aria-controls=\"dropdown-element-896\">...</button> is not clickable at point (429, 89). Other element would receive the click: <a role=\"tab\" aria-controls=\"590:0\" tabindex=\"-1\" title=\"GanRevcovi GK\" data-tabid=\"ctab0\" aria-selected=\"false\" aria-describedby=\"tabOperation-452:0;p\" href=\"/lightning/r/Account/0010100000TTXRJAA5/view\" class=\"tabHeader slds-context-bar__label-action \" data-aura-rendered-by=\"598:0\">...</a>\n  (Session info: chrome=111.0.5563.65)\nBuild info: version: '3.141.59', revision: 'e82be7d358', time: '2018-11-14T08:17:03'\nSystem info: host: 'NTS-NISHANTKOLT', ip: '192.168.1.5', os.name: 'Windows 10', os.arch: 'amd64', os.version: '10.0', java.version: '11.0.15.1'\nDriver info: org.openqa.selenium.chrome.ChromeDriver\nCapabilities {acceptInsecureCerts: false, browserName: chrome, browserVersion: 111.0.5563.65, chrome: {chromedriverVersion: 111.0.5563.64 (c710e93d5b63..., userDataDir: C:\\Users\\NTS-NI~1\\AppData\\L...}, goog:chromeOptions: {debuggerAddress: localhost:49207}, javascriptEnabled: true, networkConnectionEnabled: false, pageLoadStrategy: normal, platform: WINDOWS, platformName: WINDOWS, proxy: Proxy(), setWindowRect: true, strictFileInteractability: false, timeouts: {implicit: 0, pageLoad: 300000, script: 30000}, unhandledPromptBehavior: dismiss and notify, webauthn:extension:credBlob: true, webauthn:extension:largeBlob: true, webauthn:extension:minPinLength: true, webauthn:extension:prf: true, webauthn:virtualAuthenticators: true}\nSession ID: 33fe4732f27a859a047b9b804af4d63a","trace":"org.openqa.selenium.ElementClickInterceptedException: element click intercepted: Element <button lightning-basecombobox_basecombobox=\"\" class=\"slds-combobox__input slds-input_faux slds-combobox__input-value\" id=\"combobox-button-896\" type=\"button\" aria-expanded=\"false\" aria-haspopup=\"listbox\" name=\"PHX_PrimaryContact__c\" role=\"combobox\" data-value=\"--None--\" aria-label=\"Primary, --None--\" aria-required=\"false\" aria-controls=\"dropdown-element-896\">...</button> is not clickable at point (429, 89). Other element would receive the click: <a role=\"tab\" aria-controls=\"590:0\" tabindex=\"-1\" title=\"GanRevcovi GK\" data-tabid=\"ctab0\" aria-selected=\"false\" aria-describedby=\"tabOperation-452:0;p\" href=\"/lightning/r/Account/0010100000TTXRJAA5/view\" class=\"tabHeader slds-context-bar__label-action \" data-aura-rendered-by=\"598:0\">...</a>\n  (Session info: chrome=111.0.5563.65)\nBuild info: version: '3.141.59', revision: 'e82be7d358', time: '2018-11-14T08:17:03'\nSystem info: host: 'NTS-NISHANTKOLT', ip: '192.168.1.5', os.name: 'Windows 10', os.arch: 'amd64', os.version: '10.0', java.version: '11.0.15.1'\nDriver info: org.openqa.selenium.chrome.ChromeDriver\nCapabilities {acceptInsecureCerts: false, browserName: chrome, browserVersion: 111.0.5563.65, chrome: {chromedriverVersion: 111.0.5563.64 (c710e93d5b63..., userDataDir: C:\\Users\\NTS-NI~1\\AppData\\L...}, goog:chromeOptions: {debuggerAddress: localhost:49207}, javascriptEnabled: true, networkConnectionEnabled: false, pageLoadStrategy: normal, platform: WINDOWS, platformName: WINDOWS, proxy: Proxy(), setWindowRect: true, strictFileInteractability: false, timeouts: {implicit: 0, pageLoad: 300000, script: 30000}, unhandledPromptBehavior: dismiss and notify, webauthn:extension:credBlob: true, webauthn:extension:largeBlob: true, webauthn:extension:minPinLength: true, webauthn:extension:prf: true, webauthn:virtualAuthenticators: true}\nSession ID: 33fe4732f27a859a047b9b804af4d63a\r\n\tat java.base/jdk.internal.reflect.NativeConstructorAccessorImpl.newInstance0(Native Method)\r\n\tat java.base/jdk.internal.reflect.NativeConstructorAccessorImpl.newInstance(NativeConstructorAccessorImpl.java:62)\r\n\tat java.base/jdk.internal.reflect.DelegatingConstructorAccessorImpl.newInstance(DelegatingConstructorAccessorImpl.java:45)\r\n\tat java.base/java.lang.reflect.Constructor.newInstance(Constructor.java:490)\r\n\tat org.openqa.selenium.remote.http.W3CHttpResponseCodec.createException(W3CHttpResponseCodec.java:187)\r\n\tat org.openqa.selenium.remote.http.W3CHttpResponseCodec.decode(W3CHttpResponseCodec.java:122)\r\n\tat org.openqa.selenium.remote.http.W3CHttpResponseCodec.decode(W3CHttpResponseCodec.java:49)\r\n\tat org.openqa.selenium.remote.HttpCommandExecutor.execute(HttpCommandExecutor.java:158)\r\n\tat org.openqa.selenium.remote.service.DriverCommandExecutor.execute(DriverCommandExecutor.java:83)\r\n\tat org.openqa.selenium.remote.RemoteWebDriver.execute(RemoteWebDriver.java:552)\r\n\tat org.openqa.selenium.remote.RemoteWebElement.execute(RemoteWebElement.java:285)\r\n\tat org.openqa.selenium.remote.RemoteWebElement.click(RemoteWebElement.java:84)\r\n\tat utilities.AppUtils.selectDropDownField(AppUtils.java:166)\r\n\tat pages.AccountPage.updateContactDetails(AccountPage.java:110)\r\n\tat tests.ui.HomePageTest.successful_Login_Test(HomePageTest.java:41)\r\n\tat java.base/jdk.internal.reflect.NativeMethodAccessorImpl.invoke0(Native Method)\r\n\tat java.base/jdk.internal.reflect.NativeMethodAccessorImpl.invoke(NativeMethodAccessorImpl.java:62)\r\n\tat java.base/jdk.internal.reflect.DelegatingMethodAccessorImpl.invoke(DelegatingMethodAccessorImpl.java:43)\r\n\tat java.base/java.lang.reflect.Method.invoke(Method.java:566)\r\n\tat org.testng.internal.MethodInvocationHelper.invokeMethod(MethodInvocationHelper.java:133)\r\n\tat org.testng.internal.TestInvoker.invokeMethod(TestInvoker.java:598)\r\n\tat org.testng.internal.TestInvoker.invokeTestMethod(TestInvoker.java:173)\r\n\tat org.testng.internal.MethodRunner.runInSequence(MethodRunner.java:46)\r\n\tat org.testng.internal.TestInvoker$MethodInvocationAgent.invoke(TestInvoker.java:824)\r\n\tat org.testng.internal.TestInvoker.invokeTestMethods(TestInvoker.java:146)\r\n\tat org.testng.internal.TestMethodWorker.invokeTestMethods(TestMethodWorker.java:146)\r\n\tat org.testng.internal.TestMethodWorker.run(TestMethodWorker.java:128)\r\n\tat java.base/java.util.ArrayList.forEach(ArrayList.java:1541)\r\n\tat org.testng.TestRunner.privateRun(TestRunner.java:794)\r\n\tat org.testng.TestRunner.run(TestRunner.java:596)\r\n\tat org.testng.SuiteRunner.runTest(SuiteRunner.java:377)\r\n\tat org.testng.SuiteRunner.runSequentially(SuiteRunner.java:371)\r\n\tat org.testng.SuiteRunner.privateRun(SuiteRunner.java:332)\r\n\tat org.testng.SuiteRunner.run(SuiteRunner.java:276)\r\n\tat org.testng.SuiteRunnerWorker.runSuite(SuiteRunnerWorker.java:53)\r\n\tat org.testng.SuiteRunnerWorker.run(SuiteRunnerWorker.java:96)\r\n\tat org.testng.TestNG.runSuitesSequentially(TestNG.java:1212)\r\n\tat org.testng.TestNG.runSuitesLocally(TestNG.java:1134)\r\n\tat org.testng.TestNG.runSuites(TestNG.java:1063)\r\n\tat org.testng.TestNG.run(TestNG.java:1031)\r\n\tat com.intellij.rt.testng.IDEARemoteTestNG.run(IDEARemoteTestNG.java:66)\r\n\tat com.intellij.rt.testng.RemoteTestNGStarter.main(RemoteTestNGStarter.java:109)\r\n"},"stage":"finished","description":"verify user able to create a new patient account","steps":[{"name":"verify ACTICS PRM and Env title displayed on the Home Page","status":"passed","stage":"finished","steps":[{"name":"wait for [[ChromeDriver: chrome on WINDOWS (33fe4732f27a859a047b9b804af4d63a)] -> xpath: //span[contains(text(),\"Sandbox: Regression\")]] element to load with default timeout","status":"passed","stage":"finished","steps":[],"attachments":[],"parameters":[{"name":"element","value":"[[ChromeDriver: chrome on WINDOWS (33fe4732f27a859a047b9b804af4d63a)] -> xpath: //span[contains(text(),\"Sandbox: Regression\")]]"}],"start":1679746948064,"stop":1679746948141},{"name":"check if element is displayed","status":"passed","stage":"finished","steps":[],"attachments":[],"parameters":[{"name":"element","value":"[[ChromeDriver: chrome on WINDOWS (33fe4732f27a859a047b9b804af4d63a)] -> xpath: //span[contains(text(),\"Sandbox: Regression\")]]"}],"start":1679746948164,"stop":1679746948216},{"name":"wait for [[ChromeDriver: chrome on WINDOWS (33fe4732f27a859a047b9b804af4d63a)] -> xpath: //span[@title=\"ACTICS PRM\"]] element to load with default timeout","status":"passed","stage":"finished","steps":[],"attachments":[],"parameters":[{"name":"element","value":"[[ChromeDriver: chrome on WINDOWS (33fe4732f27a859a047b9b804af4d63a)] -> xpath: //span[@title=\"ACTICS PRM\"]]"}],"start":1679746948260,"stop":1679746948313},{"name":"check if element is displayed","status":"passed","stage":"finished","steps":[],"attachments":[],"parameters":[{"name":"element","value":"[[ChromeDriver: chrome on WINDOWS (33fe4732f27a859a047b9b804af4d63a)] -> xpath: //span[@title=\"ACTICS PRM\"]]"}],"start":1679746948335,"stop":1679746948384}],"attachments":[],"parameters":[],"start":1679746940259,"stop":1679746948384},{"name":"click on navigation button dropdown","status":"passed","stage":"finished","steps":[{"name":"check if element is displayed","status":"passed","stage":"finished","steps":[],"attachments":[],"parameters":[{"name":"element","value":"[[ChromeDriver: chrome on WINDOWS (33fe4732f27a859a047b9b804af4d63a)] -> xpath: //div[@id=\"navMenuList\"]]"}],"start":1679746962415,"stop":1679746962429}],"attachments":[],"parameters":[],"start":1679746948384,"stop":1679746964438},{"name":"click on account option from navigation dropdown","status":"passed","stage":"finished","steps":[{"name":"wait for [[ChromeDriver: chrome on WINDOWS (33fe4732f27a859a047b9b804af4d63a)] -> xpath: //li[@role=\"presentation\"]//descendant::a[@data-itemid=\"Account\"]] element to be clickable within 60 seconds","status":"passed","stage":"finished","steps":[],"attachments":[],"parameters":[{"name":"element","value":"[[ChromeDriver: chrome on WINDOWS (33fe4732f27a859a047b9b804af4d63a)] -> xpath: //li[@role=\"presentation\"]//descendant::a[@data-itemid=\"Account\"]]"},{"name":"timeout","value":"60"}],"start":1679746964475,"stop":1679746964563}],"attachments":[],"parameters":[],"start":1679746964438,"stop":1679746964755},{"name":"verify Account Page title is displayed","status":"passed","stage":"finished","steps":[{"name":"wait for [[ChromeDriver: chrome on WINDOWS (33fe4732f27a859a047b9b804af4d63a)] -> xpath: //h1/span[text()=\"Accounts\"]] element to load with default timeout","status":"passed","stage":"finished","steps":[],"attachments":[],"parameters":[{"name":"element","value":"[[ChromeDriver: chrome on WINDOWS (33fe4732f27a859a047b9b804af4d63a)] -> xpath: //h1/span[text()=\"Accounts\"]]"}],"start":1679746965230,"stop":1679746965307},{"name":"check if element is displayed","status":"passed","stage":"finished","steps":[],"attachments":[],"parameters":[{"name":"element","value":"[[ChromeDriver: chrome on WINDOWS (33fe4732f27a859a047b9b804af4d63a)] -> xpath: //h1/span[text()=\"Accounts\"]]"}],"start":1679746965335,"stop":1679746965380},{"name":"wait for [[ChromeDriver: chrome on WINDOWS (33fe4732f27a859a047b9b804af4d63a)] -> xpath: //h1/span[text()=\"Recently Viewed\"]] element to load with default timeout","status":"passed","stage":"finished","steps":[],"attachments":[],"parameters":[{"name":"element","value":"[[ChromeDriver: chrome on WINDOWS (33fe4732f27a859a047b9b804af4d63a)] -> xpath: //h1/span[text()=\"Recently Viewed\"]]"}],"start":1679746965407,"stop":1679746965478},{"name":"check if element is displayed","status":"passed","stage":"finished","steps":[],"attachments":[],"parameters":[{"name":"element","value":"[[ChromeDriver: chrome on WINDOWS (33fe4732f27a859a047b9b804af4d63a)] -> xpath: //h1/span[text()=\"Recently Viewed\"]]"}],"start":1679746965501,"stop":1679746965535},{"name":"wait for [[ChromeDriver: chrome on WINDOWS (33fe4732f27a859a047b9b804af4d63a)] -> xpath: //a[@title=\"New\"]] element to load with default timeout","status":"passed","stage":"finished","steps":[],"attachments":[],"parameters":[{"name":"element","value":"[[ChromeDriver: chrome on WINDOWS (33fe4732f27a859a047b9b804af4d63a)] -> xpath: //a[@title=\"New\"]]"}],"start":1679746966158,"stop":1679746966222},{"name":"check if element is displayed","status":"passed","stage":"finished","steps":[],"attachments":[],"parameters":[{"name":"element","value":"[[ChromeDriver: chrome on WINDOWS (33fe4732f27a859a047b9b804af4d63a)] -> xpath: //a[@title=\"New\"]]"}],"start":1679746966248,"stop":1679746966293}],"attachments":[],"parameters":[],"start":1679746964755,"stop":1679746966293},{"name":"click on new button","status":"passed","stage":"finished","steps":[{"name":"wait for [[ChromeDriver: chrome on WINDOWS (33fe4732f27a859a047b9b804af4d63a)] -> xpath: //a[@title=\"New\"]] element to load within 60 secs","status":"passed","stage":"finished","steps":[],"attachments":[],"parameters":[{"name":"element","value":"[[ChromeDriver: chrome on WINDOWS (33fe4732f27a859a047b9b804af4d63a)] -> xpath: //a[@title=\"New\"]]"},{"name":"timeout","value":"60"}],"start":1679746966330,"stop":1679746966396}],"attachments":[],"parameters":[],"start":1679746966294,"stop":1679746966475},{"name":"verify New Account Page title is displayed","status":"passed","stage":"finished","steps":[{"name":"wait for [[ChromeDriver: chrome on WINDOWS (33fe4732f27a859a047b9b804af4d63a)] -> xpath: //h2[text()=\"New Account\"]] element to load with default timeout","status":"passed","stage":"finished","steps":[],"attachments":[],"parameters":[{"name":"element","value":"[[ChromeDriver: chrome on WINDOWS (33fe4732f27a859a047b9b804af4d63a)] -> xpath: //h2[text()=\"New Account\"]]"}],"start":1679746969989,"stop":1679746970063},{"name":"check if element is displayed","status":"passed","stage":"finished","steps":[],"attachments":[],"parameters":[{"name":"element","value":"[[ChromeDriver: chrome on WINDOWS (33fe4732f27a859a047b9b804af4d63a)] -> xpath: //h2[text()=\"New Account\"]]"}],"start":1679746970086,"stop":1679746970134}],"attachments":[],"parameters":[],"start":1679746966475,"stop":1679746970134},{"name":"click on Contact radio button","status":"passed","stage":"finished","steps":[{"name":"wait for [[ChromeDriver: chrome on WINDOWS (33fe4732f27a859a047b9b804af4d63a)] -> xpath: //span[text()=\"Contact\"]] element to load within 10 secs","status":"passed","stage":"finished","steps":[],"attachments":[],"parameters":[{"name":"element","value":"[[ChromeDriver: chrome on WINDOWS (33fe4732f27a859a047b9b804af4d63a)] -> xpath: //span[text()=\"Contact\"]]"},{"name":"timeout","value":"10"}],"start":1679746970170,"stop":1679746970219}],"attachments":[],"parameters":[],"start":1679746970134,"stop":1679746970292},{"name":"click on Next button","status":"passed","stage":"finished","steps":[{"name":"wait for [[ChromeDriver: chrome on WINDOWS (33fe4732f27a859a047b9b804af4d63a)] -> xpath: //span[text()='Next']/parent::button] element to load within 10 secs","status":"passed","stage":"finished","steps":[],"attachments":[],"parameters":[{"name":"element","value":"[[ChromeDriver: chrome on WINDOWS (33fe4732f27a859a047b9b804af4d63a)] -> xpath: //span[text()='Next']/parent::button]"},{"name":"timeout","value":"10"}],"start":1679746970339,"stop":1679746970406}],"attachments":[],"parameters":[],"start":1679746970292,"stop":1679746970504},{"name":"select value from contact input lookup","status":"passed","stage":"finished","steps":[{"name":"wait for [[ChromeDriver: chrome on WINDOWS (33fe4732f27a859a047b9b804af4d63a)] -> xpath: //label[text()='Person Account']/following-sibling::div/descendant::input] element to load within 10 secs","status":"passed","stage":"finished","steps":[],"attachments":[],"parameters":[{"name":"element","value":"[[ChromeDriver: chrome on WINDOWS (33fe4732f27a859a047b9b804af4d63a)] -> xpath: //label[text()='Person Account']/following-sibling::div/descendant::input]"},{"name":"timeout","value":"10"}],"start":1679746981067,"stop":1679746981700}],"attachments":[],"parameters":[{"name":"inputText","value":"Patient Test"}],"start":1679746970505,"stop":1679746984473},{"name":"click next button on Account Information Page","status":"passed","stage":"finished","steps":[{"name":"wait for [[ChromeDriver: chrome on WINDOWS (33fe4732f27a859a047b9b804af4d63a)] -> xpath: //button[text()='Next']] element to load within 5 secs","status":"passed","stage":"finished","steps":[],"attachments":[],"parameters":[{"name":"element","value":"[[ChromeDriver: chrome on WINDOWS (33fe4732f27a859a047b9b804af4d63a)] -> xpath: //button[text()='Next']]"},{"name":"timeout","value":"5"}],"start":1679746984505,"stop":1679746984574}],"attachments":[],"parameters":[],"start":1679746984473,"stop":1679746984646},{"name":"update the contact details","status":"broken","statusDetails":{"known":false,"muted":false,"flaky":false,"message":"element click intercepted: Element <button lightning-basecombobox_basecombobox=\"\" class=\"slds-combobox__input slds-input_faux slds-combobox__input-value\" id=\"combobox-button-896\" type=\"button\" aria-expanded=\"false\" aria-haspopup=\"listbox\" name=\"PHX_PrimaryContact__c\" role=\"combobox\" data-value=\"--None--\" aria-label=\"Primary, --None--\" aria-required=\"false\" aria-controls=\"dropdown-element-896\">...</button> is not clickable at point (429, 89). Other element would receive the click: <a role=\"tab\" aria-controls=\"590:0\" tabindex=\"-1\" title=\"GanRevcovi GK\" data-tabid=\"ctab0\" aria-selected=\"false\" aria-describedby=\"tabOperation-452:0;p\" href=\"/lightning/r/Account/0010100000TTXRJAA5/view\" class=\"tabHeader slds-context-bar__label-action \" data-aura-rendered-by=\"598:0\">...</a>\n  (Session info: chrome=111.0.5563.65)\nBuild info: version: '3.141.59', revision: 'e82be7d358', time: '2018-11-14T08:17:03'\nSystem info: host: 'NTS-NISHANTKOLT', ip: '192.168.1.5', os.name: 'Windows 10', os.arch: 'amd64', os.version: '10.0', java.version: '11.0.15.1'\nDriver info: org.openqa.selenium.chrome.ChromeDriver\nCapabilities {acceptInsecureCerts: false, browserName: chrome, browserVersion: 111.0.5563.65, chrome: {chromedriverVersion: 111.0.5563.64 (c710e93d5b63..., userDataDir: C:\\Users\\NTS-NI~1\\AppData\\L...}, goog:chromeOptions: {debuggerAddress: localhost:49207}, javascriptEnabled: true, networkConnectionEnabled: false, pageLoadStrategy: normal, platform: WINDOWS, platformName: WINDOWS, proxy: Proxy(), setWindowRect: true, strictFileInteractability: false, timeouts: {implicit: 0, pageLoad: 300000, script: 30000}, unhandledPromptBehavior: dismiss and notify, webauthn:extension:credBlob: true, webauthn:extension:largeBlob: true, webauthn:extension:minPinLength: true, webauthn:extension:prf: true, webauthn:virtualAuthenticators: true}\nSession ID: 33fe4732f27a859a047b9b804af4d63a","trace":"org.openqa.selenium.ElementClickInterceptedException: element click intercepted: Element <button lightning-basecombobox_basecombobox=\"\" class=\"slds-combobox__input slds-input_faux slds-combobox__input-value\" id=\"combobox-button-896\" type=\"button\" aria-expanded=\"false\" aria-haspopup=\"listbox\" name=\"PHX_PrimaryContact__c\" role=\"combobox\" data-value=\"--None--\" aria-label=\"Primary, --None--\" aria-required=\"false\" aria-controls=\"dropdown-element-896\">...</button> is not clickable at point (429, 89). Other element would receive the click: <a role=\"tab\" aria-controls=\"590:0\" tabindex=\"-1\" title=\"GanRevcovi GK\" data-tabid=\"ctab0\" aria-selected=\"false\" aria-describedby=\"tabOperation-452:0;p\" href=\"/lightning/r/Account/0010100000TTXRJAA5/view\" class=\"tabHeader slds-context-bar__label-action \" data-aura-rendered-by=\"598:0\">...</a>\n  (Session info: chrome=111.0.5563.65)\nBuild info: version: '3.141.59', revision: 'e82be7d358', time: '2018-11-14T08:17:03'\nSystem info: host: 'NTS-NISHANTKOLT', ip: '192.168.1.5', os.name: 'Windows 10', os.arch: 'amd64', os.version: '10.0', java.version: '11.0.15.1'\nDriver info: org.openqa.selenium.chrome.ChromeDriver\nCapabilities {acceptInsecureCerts: false, browserName: chrome, browserVersion: 111.0.5563.65, chrome: {chromedriverVersion: 111.0.5563.64 (c710e93d5b63..., userDataDir: C:\\Users\\NTS-NI~1\\AppData\\L...}, goog:chromeOptions: {debuggerAddress: localhost:49207}, javascriptEnabled: true, networkConnectionEnabled: false, pageLoadStrategy: normal, platform: WINDOWS, platformName: WINDOWS, proxy: Proxy(), setWindowRect: true, strictFileInteractability: false, timeouts: {implicit: 0, pageLoad: 300000, script: 30000}, unhandledPromptBehavior: dismiss and notify, webauthn:extension:credBlob: true, webauthn:extension:largeBlob: true, webauthn:extension:minPinLength: true, webauthn:extension:prf: true, webauthn:virtualAuthenticators: true}\nSession ID: 33fe4732f27a859a047b9b804af4d63a\r\n\tat java.base/jdk.internal.reflect.NativeConstructorAccessorImpl.newInstance0(Native Method)\r\n\tat java.base/jdk.internal.reflect.NativeConstructorAccessorImpl.newInstance(NativeConstructorAccessorImpl.java:62)\r\n\tat java.base/jdk.internal.reflect.DelegatingConstructorAccessorImpl.newInstance(DelegatingConstructorAccessorImpl.java:45)\r\n\tat java.base/java.lang.reflect.Constructor.newInstance(Constructor.java:490)\r\n\tat org.openqa.selenium.remote.http.W3CHttpResponseCodec.createException(W3CHttpResponseCodec.java:187)\r\n\tat org.openqa.selenium.remote.http.W3CHttpResponseCodec.decode(W3CHttpResponseCodec.java:122)\r\n\tat org.openqa.selenium.remote.http.W3CHttpResponseCodec.decode(W3CHttpResponseCodec.java:49)\r\n\tat org.openqa.selenium.remote.HttpCommandExecutor.execute(HttpCommandExecutor.java:158)\r\n\tat org.openqa.selenium.remote.service.DriverCommandExecutor.execute(DriverCommandExecutor.java:83)\r\n\tat org.openqa.selenium.remote.RemoteWebDriver.execute(RemoteWebDriver.java:552)\r\n\tat org.openqa.selenium.remote.RemoteWebElement.execute(RemoteWebElement.java:285)\r\n\tat org.openqa.selenium.remote.RemoteWebElement.click(RemoteWebElement.java:84)\r\n\tat utilities.AppUtils.selectDropDownField(AppUtils.java:166)\r\n\tat pages.AccountPage.updateContactDetails(AccountPage.java:110)\r\n\tat tests.ui.HomePageTest.successful_Login_Test(HomePageTest.java:41)\r\n\tat java.base/jdk.internal.reflect.NativeMethodAccessorImpl.invoke0(Native Method)\r\n\tat java.base/jdk.internal.reflect.NativeMethodAccessorImpl.invoke(NativeMethodAccessorImpl.java:62)\r\n\tat java.base/jdk.internal.reflect.DelegatingMethodAccessorImpl.invoke(DelegatingMethodAccessorImpl.java:43)\r\n\tat java.base/java.lang.reflect.Method.invoke(Method.java:566)\r\n\tat org.testng.internal.MethodInvocationHelper.invokeMethod(MethodInvocationHelper.java:133)\r\n\tat org.testng.internal.TestInvoker.invokeMethod(TestInvoker.java:598)\r\n\tat org.testng.internal.TestInvoker.invokeTestMethod(TestInvoker.java:173)\r\n\tat org.testng.internal.MethodRunner.runInSequence(MethodRunner.java:46)\r\n\tat org.testng.internal.TestInvoker$MethodInvocationAgent.invoke(TestInvoker.java:824)\r\n\tat org.testng.internal.TestInvoker.invokeTestMethods(TestInvoker.java:146)\r\n\tat org.testng.internal.TestMethodWorker.invokeTestMethods(TestMethodWorker.java:146)\r\n\tat org.testng.internal.TestMethodWorker.run(TestMethodWorker.java:128)\r\n\tat java.base/java.util.ArrayList.forEach(ArrayList.java:1541)\r\n\tat org.testng.TestRunner.privateRun(TestRunner.java:794)\r\n\tat org.testng.TestRunner.run(TestRunner.java:596)\r\n\tat org.testng.SuiteRunner.runTest(SuiteRunner.java:377)\r\n\tat org.testng.SuiteRunner.runSequentially(SuiteRunner.java:371)\r\n\tat org.testng.SuiteRunner.privateRun(SuiteRunner.java:332)\r\n\tat org.testng.SuiteRunner.run(SuiteRunner.java:276)\r\n\tat org.testng.SuiteRunnerWorker.runSuite(SuiteRunnerWorker.java:53)\r\n\tat org.testng.SuiteRunnerWorker.run(SuiteRunnerWorker.java:96)\r\n\tat org.testng.TestNG.runSuitesSequentially(TestNG.java:1212)\r\n\tat org.testng.TestNG.runSuitesLocally(TestNG.java:1134)\r\n\tat org.testng.TestNG.runSuites(TestNG.java:1063)\r\n\tat org.testng.TestNG.run(TestNG.java:1031)\r\n\tat com.intellij.rt.testng.IDEARemoteTestNG.run(IDEARemoteTestNG.java:66)\r\n\tat com.intellij.rt.testng.RemoteTestNGStarter.main(RemoteTestNGStarter.java:109)\r\n"},"stage":"finished","steps":[{"name":"enter text 'test first name contact' in field 'test first name contact'","status":"passed","stage":"finished","steps":[],"attachments":[],"parameters":[{"name":"value","value":"test first name contact"},{"name":"label","value":"First Name"}],"start":1679746984646,"stop":1679746988058},{"name":"enter text 'test middle name contact' in field 'test middle name contact'","status":"passed","stage":"finished","steps":[],"attachments":[],"parameters":[{"name":"value","value":"test middle name contact"},{"name":"label","value":"Middle Name"}],"start":1679746988058,"stop":1679746989336},{"name":"enter text 'test Last Name contact' in field 'test Last Name contact'","status":"passed","stage":"finished","steps":[],"attachments":[],"parameters":[{"name":"value","value":"test Last Name contact"},{"name":"label","value":"Last Name"}],"start":1679746989336,"stop":1679746990569},{"name":"enter text '1122334455' in field '1122334455'","status":"passed","stage":"finished","steps":[],"attachments":[],"parameters":[{"name":"value","value":"1122334455"},{"name":"label","value":"Home Phone"}],"start":1679746990569,"stop":1679746991789},{"name":"enter text '9988776655' in field '9988776655'","status":"passed","stage":"finished","steps":[],"attachments":[],"parameters":[{"name":"value","value":"9988776655"},{"name":"label","value":"Mobile Phone"}],"start":1679746991789,"stop":1679746993007},{"name":"enter text 'test Address 1' in field 'test Address 1'","status":"passed","stage":"finished","steps":[],"attachments":[],"parameters":[{"name":"value","value":"test Address 1"},{"name":"label","value":"Address 1"}],"start":1679746993008,"stop":1679746994248},{"name":"enter text 'test Address 2' in field 'test Address 2'","status":"passed","stage":"finished","steps":[],"attachments":[],"parameters":[{"name":"value","value":"test Address 2"},{"name":"label","value":"Address 2"}],"start":1679746994248,"stop":1679746995482},{"name":"enter text 'test Address 3' in field 'test Address 3'","status":"passed","stage":"finished","steps":[],"attachments":[],"parameters":[{"name":"value","value":"test Address 3"},{"name":"label","value":"Address 3"}],"start":1679746995482,"stop":1679746996713},{"name":"enter text 'test City 1' in field 'test City 1'","status":"passed","stage":"finished","steps":[],"attachments":[],"parameters":[{"name":"value","value":"test City 1"},{"name":"label","value":"City"}],"start":1679746996713,"stop":1679746997927},{"name":"enter text 'test Zip Code 1' in field 'test Zip Code 1'","status":"passed","stage":"finished","steps":[],"attachments":[],"parameters":[{"name":"value","value":"test Zip Code 1"},{"name":"label","value":"Zip Code"}],"start":1679746997927,"stop":1679746999171},{"name":"select text 'Yes' from dropdown field 'Yes'","status":"broken","statusDetails":{"known":false,"muted":false,"flaky":false,"message":"element click intercepted: Element <button lightning-basecombobox_basecombobox=\"\" class=\"slds-combobox__input slds-input_faux slds-combobox__input-value\" id=\"combobox-button-896\" type=\"button\" aria-expanded=\"false\" aria-haspopup=\"listbox\" name=\"PHX_PrimaryContact__c\" role=\"combobox\" data-value=\"--None--\" aria-label=\"Primary, --None--\" aria-required=\"false\" aria-controls=\"dropdown-element-896\">...</button> is not clickable at point (429, 89). Other element would receive the click: <a role=\"tab\" aria-controls=\"590:0\" tabindex=\"-1\" title=\"GanRevcovi GK\" data-tabid=\"ctab0\" aria-selected=\"false\" aria-describedby=\"tabOperation-452:0;p\" href=\"/lightning/r/Account/0010100000TTXRJAA5/view\" class=\"tabHeader slds-context-bar__label-action \" data-aura-rendered-by=\"598:0\">...</a>\n  (Session info: chrome=111.0.5563.65)\nBuild info: version: '3.141.59', revision: 'e82be7d358', time: '2018-11-14T08:17:03'\nSystem info: host: 'NTS-NISHANTKOLT', ip: '192.168.1.5', os.name: 'Windows 10', os.arch: 'amd64', os.version: '10.0', java.version: '11.0.15.1'\nDriver info: org.openqa.selenium.chrome.ChromeDriver\nCapabilities {acceptInsecureCerts: false, browserName: chrome, browserVersion: 111.0.5563.65, chrome: {chromedriverVersion: 111.0.5563.64 (c710e93d5b63..., userDataDir: C:\\Users\\NTS-NI~1\\AppData\\L...}, goog:chromeOptions: {debuggerAddress: localhost:49207}, javascriptEnabled: true, networkConnectionEnabled: false, pageLoadStrategy: normal, platform: WINDOWS, platformName: WINDOWS, proxy: Proxy(), setWindowRect: true, strictFileInteractability: false, timeouts: {implicit: 0, pageLoad: 300000, script: 30000}, unhandledPromptBehavior: dismiss and notify, webauthn:extension:credBlob: true, webauthn:extension:largeBlob: true, webauthn:extension:minPinLength: true, webauthn:extension:prf: true, webauthn:virtualAuthenticators: true}\nSession ID: 33fe4732f27a859a047b9b804af4d63a","trace":"org.openqa.selenium.ElementClickInterceptedException: element click intercepted: Element <button lightning-basecombobox_basecombobox=\"\" class=\"slds-combobox__input slds-input_faux slds-combobox__input-value\" id=\"combobox-button-896\" type=\"button\" aria-expanded=\"false\" aria-haspopup=\"listbox\" name=\"PHX_PrimaryContact__c\" role=\"combobox\" data-value=\"--None--\" aria-label=\"Primary, --None--\" aria-required=\"false\" aria-controls=\"dropdown-element-896\">...</button> is not clickable at point (429, 89). Other element would receive the click: <a role=\"tab\" aria-controls=\"590:0\" tabindex=\"-1\" title=\"GanRevcovi GK\" data-tabid=\"ctab0\" aria-selected=\"false\" aria-describedby=\"tabOperation-452:0;p\" href=\"/lightning/r/Account/0010100000TTXRJAA5/view\" class=\"tabHeader slds-context-bar__label-action \" data-aura-rendered-by=\"598:0\">...</a>\n  (Session info: chrome=111.0.5563.65)\nBuild info: version: '3.141.59', revision: 'e82be7d358', time: '2018-11-14T08:17:03'\nSystem info: host: 'NTS-NISHANTKOLT', ip: '192.168.1.5', os.name: 'Windows 10', os.arch: 'amd64', os.version: '10.0', java.version: '11.0.15.1'\nDriver info: org.openqa.selenium.chrome.ChromeDriver\nCapabilities {acceptInsecureCerts: false, browserName: chrome, browserVersion: 111.0.5563.65, chrome: {chromedriverVersion: 111.0.5563.64 (c710e93d5b63..., userDataDir: C:\\Users\\NTS-NI~1\\AppData\\L...}, goog:chromeOptions: {debuggerAddress: localhost:49207}, javascriptEnabled: true, networkConnectionEnabled: false, pageLoadStrategy: normal, platform: WINDOWS, platformName: WINDOWS, proxy: Proxy(), setWindowRect: true, strictFileInteractability: false, timeouts: {implicit: 0, pageLoad: 300000, script: 30000}, unhandledPromptBehavior: dismiss and notify, webauthn:extension:credBlob: true, webauthn:extension:largeBlob: true, webauthn:extension:minPinLength: true, webauthn:extension:prf: true, webauthn:virtualAuthenticators: true}\nSession ID: 33fe4732f27a859a047b9b804af4d63a\r\n\tat java.base/jdk.internal.reflect.NativeConstructorAccessorImpl.newInstance0(Native Method)\r\n\tat java.base/jdk.internal.reflect.NativeConstructorAccessorImpl.newInstance(NativeConstructorAccessorImpl.java:62)\r\n\tat java.base/jdk.internal.reflect.DelegatingConstructorAccessorImpl.newInstance(DelegatingConstructorAccessorImpl.java:45)\r\n\tat java.base/java.lang.reflect.Constructor.newInstance(Constructor.java:490)\r\n\tat org.openqa.selenium.remote.http.W3CHttpResponseCodec.createException(W3CHttpResponseCodec.java:187)\r\n\tat org.openqa.selenium.remote.http.W3CHttpResponseCodec.decode(W3CHttpResponseCodec.java:122)\r\n\tat org.openqa.selenium.remote.http.W3CHttpResponseCodec.decode(W3CHttpResponseCodec.java:49)\r\n\tat org.openqa.selenium.remote.HttpCommandExecutor.execute(HttpCommandExecutor.java:158)\r\n\tat org.openqa.selenium.remote.service.DriverCommandExecutor.execute(DriverCommandExecutor.java:83)\r\n\tat org.openqa.selenium.remote.RemoteWebDriver.execute(RemoteWebDriver.java:552)\r\n\tat org.openqa.selenium.remote.RemoteWebElement.execute(RemoteWebElement.java:285)\r\n\tat org.openqa.selenium.remote.RemoteWebElement.click(RemoteWebElement.java:84)\r\n\tat utilities.AppUtils.selectDropDownField(AppUtils.java:166)\r\n\tat pages.AccountPage.updateContactDetails(AccountPage.java:110)\r\n\tat tests.ui.HomePageTest.successful_Login_Test(HomePageTest.java:41)\r\n\tat java.base/jdk.internal.reflect.NativeMethodAccessorImpl.invoke0(Native Method)\r\n\tat java.base/jdk.internal.reflect.NativeMethodAccessorImpl.invoke(NativeMethodAccessorImpl.java:62)\r\n\tat java.base/jdk.internal.reflect.DelegatingMethodAccessorImpl.invoke(DelegatingMethodAccessorImpl.java:43)\r\n\tat java.base/java.lang.reflect.Method.invoke(Method.java:566)\r\n\tat org.testng.internal.MethodInvocationHelper.invokeMethod(MethodInvocationHelper.java:133)\r\n\tat org.testng.internal.TestInvoker.invokeMethod(TestInvoker.java:598)\r\n\tat org.testng.internal.TestInvoker.invokeTestMethod(TestInvoker.java:173)\r\n\tat org.testng.internal.MethodRunner.runInSequence(MethodRunner.java:46)\r\n\tat org.testng.internal.TestInvoker$MethodInvocationAgent.invoke(TestInvoker.java:824)\r\n\tat org.testng.internal.TestInvoker.invokeTestMethods(TestInvoker.java:146)\r\n\tat org.testng.internal.TestMethodWorker.invokeTestMethods(TestMethodWorker.java:146)\r\n\tat org.testng.internal.TestMethodWorker.run(TestMethodWorker.java:128)\r\n\tat java.base/java.util.ArrayList.forEach(ArrayList.java:1541)\r\n\tat org.testng.TestRunner.privateRun(TestRunner.java:794)\r\n\tat org.testng.TestRunner.run(TestRunner.java:596)\r\n\tat org.testng.SuiteRunner.runTest(SuiteRunner.java:377)\r\n\tat org.testng.SuiteRunner.runSequentially(SuiteRunner.java:371)\r\n\tat org.testng.SuiteRunner.privateRun(SuiteRunner.java:332)\r\n\tat org.testng.SuiteRunner.run(SuiteRunner.java:276)\r\n\tat org.testng.SuiteRunnerWorker.runSuite(SuiteRunnerWorker.java:53)\r\n\tat org.testng.SuiteRunnerWorker.run(SuiteRunnerWorker.java:96)\r\n\tat org.testng.TestNG.runSuitesSequentially(TestNG.java:1212)\r\n\tat org.testng.TestNG.runSuitesLocally(TestNG.java:1134)\r\n\tat org.testng.TestNG.runSuites(TestNG.java:1063)\r\n\tat org.testng.TestNG.run(TestNG.java:1031)\r\n\tat com.intellij.rt.testng.IDEARemoteTestNG.run(IDEARemoteTestNG.java:66)\r\n\tat com.intellij.rt.testng.RemoteTestNGStarter.main(RemoteTestNGStarter.java:109)\r\n"},"stage":"finished","steps":[],"attachments":[],"parameters":[{"name":"value","value":"Yes"},{"name":"label","value":"Primary"}],"start":1679746999171,"stop":1679747001392}],"attachments":[],"parameters":[],"start":1679746984646,"stop":1679747001393}],"attachments":[{"name":"saveFailureScreenShot","source":"1daf6162-92cb-49ea-b49b-a2948264aa1b-attachment"}],"parameters":[],"start":1679746940256,"stop":1679747001570,"uuid":"970ae9cd-20d4-4b01-957a-6a84e17ebb90","historyId":"1c655a8ba9faaa96eaea2f1f5ac376af","fullName":"tests.ui.HomePageTest.successful_Login_Test","labels":[{"name":"package","value":"tests.ui.HomePageTest"},{"name":"testClass","value":"tests.ui.HomePageTest"},{"name":"testMethod","value":"successful_Login_Test"},{"name":"parentSuite","value":"Default Suite"},{"name":"suite","value":"automation_poc-main"},{"name":"subSuite","value":"tests.ui.HomePageTest"},{"name":"host","value":"NTS-NishantKolte"},{"name":"thread","value":"25072@NTS-NishantKolte.main(1)"},{"name":"framework","value":"testng"},{"name":"language","value":"java"},{"name":"story","value":"story_id: 001 - successful login and create a patient account"},{"name":"feature","value":"HomePage feature"},{"name":"severity","value":"critical"}],"links":[]}