{"name":"verify successful login test","status":"broken","statusDetails":{"known":false,"muted":false,"flaky":false,"message":"Expected condition failed: waiting for visibility of [[ChromeDriver: chrome on WINDOWS (9e98765bdfd93ed1d524008beae358fa)] -> xpath: //span[text()=\"Contact\"]] (tried for 10 second(s) with 500 milliseconds interval)\nBuild info: version: '3.141.59', revision: 'e82be7d358', time: '2018-11-14T08:17:03'\nSystem info: host: 'NTS-NISHANTKOLT', ip: '192.168.1.5', os.name: 'Windows 10', os.arch: 'amd64', os.version: '10.0', java.version: '11.0.15.1'\nDriver info: org.openqa.selenium.chrome.ChromeDriver\nCapabilities {acceptInsecureCerts: false, browserName: chrome, browserVersion: 111.0.5563.65, chrome: {chromedriverVersion: 111.0.5563.64 (c710e93d5b63..., userDataDir: C:\\Users\\NTS-NI~1\\AppData\\L...}, goog:chromeOptions: {debuggerAddress: localhost:62989}, javascriptEnabled: true, networkConnectionEnabled: false, pageLoadStrategy: normal, platform: WINDOWS, platformName: WINDOWS, proxy: Proxy(), setWindowRect: true, strictFileInteractability: false, timeouts: {implicit: 0, pageLoad: 300000, script: 30000}, unhandledPromptBehavior: dismiss and notify, webauthn:extension:credBlob: true, webauthn:extension:largeBlob: true, webauthn:extension:minPinLength: true, webauthn:extension:prf: true, webauthn:virtualAuthenticators: true}\nSession ID: 9e98765bdfd93ed1d524008beae358fa","trace":"org.openqa.selenium.TimeoutException: Expected condition failed: waiting for visibility of [[ChromeDriver: chrome on WINDOWS (9e98765bdfd93ed1d524008beae358fa)] -> xpath: //span[text()=\"Contact\"]] (tried for 10 second(s) with 500 milliseconds interval)\nBuild info: version: '3.141.59', revision: 'e82be7d358', time: '2018-11-14T08:17:03'\nSystem info: host: 'NTS-NISHANTKOLT', ip: '192.168.1.5', os.name: 'Windows 10', os.arch: 'amd64', os.version: '10.0', java.version: '11.0.15.1'\nDriver info: org.openqa.selenium.chrome.ChromeDriver\nCapabilities {acceptInsecureCerts: false, browserName: chrome, browserVersion: 111.0.5563.65, chrome: {chromedriverVersion: 111.0.5563.64 (c710e93d5b63..., userDataDir: C:\\Users\\NTS-NI~1\\AppData\\L...}, goog:chromeOptions: {debuggerAddress: localhost:62989}, javascriptEnabled: true, networkConnectionEnabled: false, pageLoadStrategy: normal, platform: WINDOWS, platformName: WINDOWS, proxy: Proxy(), setWindowRect: true, strictFileInteractability: false, timeouts: {implicit: 0, pageLoad: 300000, script: 30000}, unhandledPromptBehavior: dismiss and notify, webauthn:extension:credBlob: true, webauthn:extension:largeBlob: true, webauthn:extension:minPinLength: true, webauthn:extension:prf: true, webauthn:virtualAuthenticators: true}\nSession ID: 9e98765bdfd93ed1d524008beae358fa\r\n\tat org.openqa.selenium.support.ui.WebDriverWait.timeoutException(WebDriverWait.java:95)\r\n\tat org.openqa.selenium.support.ui.FluentWait.until(FluentWait.java:272)\r\n\tat utilities.AppUtils.waitForElementLoad(AppUtils.java:119)\r\n\tat pages.AccountPage.selectContact(AccountPage.java:86)\r\n\tat tests.ui.HomePageTest.successful_Login_Test(HomePageTest.java:37)\r\n\tat java.base/jdk.internal.reflect.NativeMethodAccessorImpl.invoke0(Native Method)\r\n\tat java.base/jdk.internal.reflect.NativeMethodAccessorImpl.invoke(NativeMethodAccessorImpl.java:62)\r\n\tat java.base/jdk.internal.reflect.DelegatingMethodAccessorImpl.invoke(DelegatingMethodAccessorImpl.java:43)\r\n\tat java.base/java.lang.reflect.Method.invoke(Method.java:566)\r\n\tat org.testng.internal.MethodInvocationHelper.invokeMethod(MethodInvocationHelper.java:133)\r\n\tat org.testng.internal.TestInvoker.invokeMethod(TestInvoker.java:598)\r\n\tat org.testng.internal.TestInvoker.invokeTestMethod(TestInvoker.java:173)\r\n\tat org.testng.internal.MethodRunner.runInSequence(MethodRunner.java:46)\r\n\tat org.testng.internal.TestInvoker$MethodInvocationAgent.invoke(TestInvoker.java:824)\r\n\tat org.testng.internal.TestInvoker.invokeTestMethods(TestInvoker.java:146)\r\n\tat org.testng.internal.TestMethodWorker.invokeTestMethods(TestMethodWorker.java:146)\r\n\tat org.testng.internal.TestMethodWorker.run(TestMethodWorker.java:128)\r\n\tat java.base/java.util.ArrayList.forEach(ArrayList.java:1541)\r\n\tat org.testng.TestRunner.privateRun(TestRunner.java:794)\r\n\tat org.testng.TestRunner.run(TestRunner.java:596)\r\n\tat org.testng.SuiteRunner.runTest(SuiteRunner.java:377)\r\n\tat org.testng.SuiteRunner.runSequentially(SuiteRunner.java:371)\r\n\tat org.testng.SuiteRunner.privateRun(SuiteRunner.java:332)\r\n\tat org.testng.SuiteRunner.run(SuiteRunner.java:276)\r\n\tat org.testng.SuiteRunnerWorker.runSuite(SuiteRunnerWorker.java:53)\r\n\tat org.testng.SuiteRunnerWorker.run(SuiteRunnerWorker.java:96)\r\n\tat org.testng.TestNG.runSuitesSequentially(TestNG.java:1212)\r\n\tat org.testng.TestNG.runSuitesLocally(TestNG.java:1134)\r\n\tat org.testng.TestNG.runSuites(TestNG.java:1063)\r\n\tat org.testng.TestNG.run(TestNG.java:1031)\r\n\tat com.intellij.rt.testng.IDEARemoteTestNG.run(IDEARemoteTestNG.java:66)\r\n\tat com.intellij.rt.testng.RemoteTestNGStarter.main(RemoteTestNGStarter.java:109)\r\n"},"stage":"finished","description":"verify user able to create a new patient account","steps":[{"name":"verify ACTICS PRM and Env title displayed on the Home Page","status":"passed","stage":"finished","steps":[{"name":"wait for [[ChromeDriver: chrome on WINDOWS (9e98765bdfd93ed1d524008beae358fa)] -> xpath: //span[contains(text(),\"Sandbox: Regression\")]] element to load with default timeout","status":"passed","stage":"finished","steps":[],"attachments":[],"parameters":[{"name":"element","value":"[[ChromeDriver: chrome on WINDOWS (9e98765bdfd93ed1d524008beae358fa)] -> xpath: //span[contains(text(),\"Sandbox: Regression\")]]"}],"start":1679766183618,"stop":1679766183762},{"name":"check if element is displayed","status":"passed","stage":"finished","steps":[],"attachments":[],"parameters":[{"name":"element","value":"[[ChromeDriver: chrome on WINDOWS (9e98765bdfd93ed1d524008beae358fa)] -> xpath: //span[contains(text(),\"Sandbox: Regression\")]]"}],"start":1679766183789,"stop":1679766183869},{"name":"wait for [[ChromeDriver: chrome on WINDOWS (9e98765bdfd93ed1d524008beae358fa)] -> xpath: //span[@title=\"ACTICS PRM\"]] element to load with default timeout","status":"passed","stage":"finished","steps":[],"attachments":[],"parameters":[{"name":"element","value":"[[ChromeDriver: chrome on WINDOWS (9e98765bdfd93ed1d524008beae358fa)] -> xpath: //span[@title=\"ACTICS PRM\"]]"}],"start":1679766183928,"stop":1679766184011},{"name":"check if element is displayed","status":"passed","stage":"finished","steps":[],"attachments":[],"parameters":[{"name":"element","value":"[[ChromeDriver: chrome on WINDOWS (9e98765bdfd93ed1d524008beae358fa)] -> xpath: //span[@title=\"ACTICS PRM\"]]"}],"start":1679766184047,"stop":1679766184103}],"attachments":[],"parameters":[],"start":1679766177496,"stop":1679766184103},{"name":"close all open tabs","status":"passed","stage":"finished","steps":[{"name":"click on element - [[ChromeDriver: chrome on WINDOWS (9e98765bdfd93ed1d524008beae358fa)] -> xpath: //button[contains(@title,'Close')]]","status":"passed","stage":"finished","steps":[],"attachments":[],"parameters":[{"name":"element","value":"[[ChromeDriver: chrome on WINDOWS (9e98765bdfd93ed1d524008beae358fa)] -> xpath: //button[contains(@title,'Close')]]"}],"start":1679766185394,"stop":1679766186495}],"attachments":[],"parameters":[],"start":1679766184104,"stop":1679766186495},{"name":"click on navigation button dropdown","status":"passed","stage":"finished","steps":[{"name":"wait for [[ChromeDriver: chrome on WINDOWS (9e98765bdfd93ed1d524008beae358fa)] -> xpath: //span[contains(text(),\"Show Navigation Menu\")]/parent::button] element to be clickable within 10 seconds","status":"passed","stage":"finished","steps":[],"attachments":[],"parameters":[{"name":"element","value":"[[ChromeDriver: chrome on WINDOWS (9e98765bdfd93ed1d524008beae358fa)] -> xpath: //span[contains(text(),\"Show Navigation Menu\")]/parent::button]"},{"name":"timeout","value":"10"}],"start":1679766189593,"stop":1679766189694},{"name":"click on element - [[ChromeDriver: chrome on WINDOWS (9e98765bdfd93ed1d524008beae358fa)] -> xpath: //span[contains(text(),\"Show Navigation Menu\")]/parent::button]","status":"passed","stage":"finished","steps":[],"attachments":[],"parameters":[{"name":"element","value":"[[ChromeDriver: chrome on WINDOWS (9e98765bdfd93ed1d524008beae358fa)] -> xpath: //span[contains(text(),\"Show Navigation Menu\")]/parent::button]"}],"start":1679766189732,"stop":1679766190943},{"name":"check if element is displayed","status":"passed","stage":"finished","steps":[],"attachments":[],"parameters":[{"name":"element","value":"[[ChromeDriver: chrome on WINDOWS (9e98765bdfd93ed1d524008beae358fa)] -> xpath: //div[@id=\"navMenuList\"]]"}],"start":1679766191035,"stop":1679766191075}],"attachments":[],"parameters":[],"start":1679766186496,"stop":1679766193082},{"name":"click on account option from navigation dropdown","status":"passed","stage":"finished","steps":[{"name":"wait for [[ChromeDriver: chrome on WINDOWS (9e98765bdfd93ed1d524008beae358fa)] -> xpath: //li[@role=\"presentation\"]//descendant::a[@data-itemid=\"Account\"]] element to be clickable within 10 seconds","status":"passed","stage":"finished","steps":[],"attachments":[],"parameters":[{"name":"element","value":"[[ChromeDriver: chrome on WINDOWS (9e98765bdfd93ed1d524008beae358fa)] -> xpath: //li[@role=\"presentation\"]//descendant::a[@data-itemid=\"Account\"]]"},{"name":"timeout","value":"10"}],"start":1679766193143,"stop":1679766193272}],"attachments":[],"parameters":[],"start":1679766193082,"stop":1679766193413},{"name":"verify Account Page title is displayed","status":"passed","stage":"finished","steps":[{"name":"wait for [[ChromeDriver: chrome on WINDOWS (9e98765bdfd93ed1d524008beae358fa)] -> xpath: //h1/span[text()=\"Accounts\"]] element to load with default timeout","status":"passed","stage":"finished","steps":[],"attachments":[],"parameters":[{"name":"element","value":"[[ChromeDriver: chrome on WINDOWS (9e98765bdfd93ed1d524008beae358fa)] -> xpath: //h1/span[text()=\"Accounts\"]]"}],"start":1679766193468,"stop":1679766193551},{"name":"check if element is displayed","status":"passed","stage":"finished","steps":[],"attachments":[],"parameters":[{"name":"element","value":"[[ChromeDriver: chrome on WINDOWS (9e98765bdfd93ed1d524008beae358fa)] -> xpath: //h1/span[text()=\"Accounts\"]]"}],"start":1679766193576,"stop":1679766193623},{"name":"wait for [[ChromeDriver: chrome on WINDOWS (9e98765bdfd93ed1d524008beae358fa)] -> xpath: //h1/span[text()=\"Recently Viewed\"]] element to load with default timeout","status":"passed","stage":"finished","steps":[],"attachments":[],"parameters":[{"name":"element","value":"[[ChromeDriver: chrome on WINDOWS (9e98765bdfd93ed1d524008beae358fa)] -> xpath: //h1/span[text()=\"Recently Viewed\"]]"}],"start":1679766193652,"stop":1679766193723},{"name":"check if element is displayed","status":"passed","stage":"finished","steps":[],"attachments":[],"parameters":[{"name":"element","value":"[[ChromeDriver: chrome on WINDOWS (9e98765bdfd93ed1d524008beae358fa)] -> xpath: //h1/span[text()=\"Recently Viewed\"]]"}],"start":1679766193749,"stop":1679766193793},{"name":"wait for [[ChromeDriver: chrome on WINDOWS (9e98765bdfd93ed1d524008beae358fa)] -> xpath: //a[@title=\"New\"]] element to load with default timeout","status":"passed","stage":"finished","steps":[],"attachments":[],"parameters":[{"name":"element","value":"[[ChromeDriver: chrome on WINDOWS (9e98765bdfd93ed1d524008beae358fa)] -> xpath: //a[@title=\"New\"]]"}],"start":1679766193841,"stop":1679766193908},{"name":"check if element is displayed","status":"passed","stage":"finished","steps":[],"attachments":[],"parameters":[{"name":"element","value":"[[ChromeDriver: chrome on WINDOWS (9e98765bdfd93ed1d524008beae358fa)] -> xpath: //a[@title=\"New\"]]"}],"start":1679766194163,"stop":1679766194225}],"attachments":[],"parameters":[],"start":1679766193413,"stop":1679766194225},{"name":"click on new button","status":"passed","stage":"finished","steps":[{"name":"wait for [[ChromeDriver: chrome on WINDOWS (9e98765bdfd93ed1d524008beae358fa)] -> xpath: //a[@title=\"New\"]] element to load within 60 secs","status":"passed","stage":"finished","steps":[],"attachments":[],"parameters":[{"name":"element","value":"[[ChromeDriver: chrome on WINDOWS (9e98765bdfd93ed1d524008beae358fa)] -> xpath: //a[@title=\"New\"]]"},{"name":"timeout","value":"60"}],"start":1679766194260,"stop":1679766194331}],"attachments":[],"parameters":[],"start":1679766194226,"stop":1679766194418},{"name":"verify New Account Page title is displayed","status":"passed","stage":"finished","steps":[{"name":"wait for [[ChromeDriver: chrome on WINDOWS (9e98765bdfd93ed1d524008beae358fa)] -> xpath: //h2[text()=\"New Account\"]] element to load with default timeout","status":"passed","stage":"finished","steps":[],"attachments":[],"parameters":[{"name":"element","value":"[[ChromeDriver: chrome on WINDOWS (9e98765bdfd93ed1d524008beae358fa)] -> xpath: //h2[text()=\"New Account\"]]"}],"start":1679766195525,"stop":1679766195608},{"name":"check if element is displayed","status":"passed","stage":"finished","steps":[],"attachments":[],"parameters":[{"name":"element","value":"[[ChromeDriver: chrome on WINDOWS (9e98765bdfd93ed1d524008beae358fa)] -> xpath: //h2[text()=\"New Account\"]]"}],"start":1679766195634,"stop":1679766195689}],"attachments":[],"parameters":[],"start":1679766194418,"stop":1679766195689},{"name":"click on Contact radio button","status":"broken","statusDetails":{"known":false,"muted":false,"flaky":false,"message":"Expected condition failed: waiting for visibility of [[ChromeDriver: chrome on WINDOWS (9e98765bdfd93ed1d524008beae358fa)] -> xpath: //span[text()=\"Contact\"]] (tried for 10 second(s) with 500 milliseconds interval)\nBuild info: version: '3.141.59', revision: 'e82be7d358', time: '2018-11-14T08:17:03'\nSystem info: host: 'NTS-NISHANTKOLT', ip: '192.168.1.5', os.name: 'Windows 10', os.arch: 'amd64', os.version: '10.0', java.version: '11.0.15.1'\nDriver info: org.openqa.selenium.chrome.ChromeDriver\nCapabilities {acceptInsecureCerts: false, browserName: chrome, browserVersion: 111.0.5563.65, chrome: {chromedriverVersion: 111.0.5563.64 (c710e93d5b63..., userDataDir: C:\\Users\\NTS-NI~1\\AppData\\L...}, goog:chromeOptions: {debuggerAddress: localhost:62989}, javascriptEnabled: true, networkConnectionEnabled: false, pageLoadStrategy: normal, platform: WINDOWS, platformName: WINDOWS, proxy: Proxy(), setWindowRect: true, strictFileInteractability: false, timeouts: {implicit: 0, pageLoad: 300000, script: 30000}, unhandledPromptBehavior: dismiss and notify, webauthn:extension:credBlob: true, webauthn:extension:largeBlob: true, webauthn:extension:minPinLength: true, webauthn:extension:prf: true, webauthn:virtualAuthenticators: true}\nSession ID: 9e98765bdfd93ed1d524008beae358fa","trace":"org.openqa.selenium.TimeoutException: Expected condition failed: waiting for visibility of [[ChromeDriver: chrome on WINDOWS (9e98765bdfd93ed1d524008beae358fa)] -> xpath: //span[text()=\"Contact\"]] (tried for 10 second(s) with 500 milliseconds interval)\nBuild info: version: '3.141.59', revision: 'e82be7d358', time: '2018-11-14T08:17:03'\nSystem info: host: 'NTS-NISHANTKOLT', ip: '192.168.1.5', os.name: 'Windows 10', os.arch: 'amd64', os.version: '10.0', java.version: '11.0.15.1'\nDriver info: org.openqa.selenium.chrome.ChromeDriver\nCapabilities {acceptInsecureCerts: false, browserName: chrome, browserVersion: 111.0.5563.65, chrome: {chromedriverVersion: 111.0.5563.64 (c710e93d5b63..., userDataDir: C:\\Users\\NTS-NI~1\\AppData\\L...}, goog:chromeOptions: {debuggerAddress: localhost:62989}, javascriptEnabled: true, networkConnectionEnabled: false, pageLoadStrategy: normal, platform: WINDOWS, platformName: WINDOWS, proxy: Proxy(), setWindowRect: true, strictFileInteractability: false, timeouts: {implicit: 0, pageLoad: 300000, script: 30000}, unhandledPromptBehavior: dismiss and notify, webauthn:extension:credBlob: true, webauthn:extension:largeBlob: true, webauthn:extension:minPinLength: true, webauthn:extension:prf: true, webauthn:virtualAuthenticators: true}\nSession ID: 9e98765bdfd93ed1d524008beae358fa\r\n\tat org.openqa.selenium.support.ui.WebDriverWait.timeoutException(WebDriverWait.java:95)\r\n\tat org.openqa.selenium.support.ui.FluentWait.until(FluentWait.java:272)\r\n\tat utilities.AppUtils.waitForElementLoad(AppUtils.java:119)\r\n\tat pages.AccountPage.selectContact(AccountPage.java:86)\r\n\tat tests.ui.HomePageTest.successful_Login_Test(HomePageTest.java:37)\r\n\tat java.base/jdk.internal.reflect.NativeMethodAccessorImpl.invoke0(Native Method)\r\n\tat java.base/jdk.internal.reflect.NativeMethodAccessorImpl.invoke(NativeMethodAccessorImpl.java:62)\r\n\tat java.base/jdk.internal.reflect.DelegatingMethodAccessorImpl.invoke(DelegatingMethodAccessorImpl.java:43)\r\n\tat java.base/java.lang.reflect.Method.invoke(Method.java:566)\r\n\tat org.testng.internal.MethodInvocationHelper.invokeMethod(MethodInvocationHelper.java:133)\r\n\tat org.testng.internal.TestInvoker.invokeMethod(TestInvoker.java:598)\r\n\tat org.testng.internal.TestInvoker.invokeTestMethod(TestInvoker.java:173)\r\n\tat org.testng.internal.MethodRunner.runInSequence(MethodRunner.java:46)\r\n\tat org.testng.internal.TestInvoker$MethodInvocationAgent.invoke(TestInvoker.java:824)\r\n\tat org.testng.internal.TestInvoker.invokeTestMethods(TestInvoker.java:146)\r\n\tat org.testng.internal.TestMethodWorker.invokeTestMethods(TestMethodWorker.java:146)\r\n\tat org.testng.internal.TestMethodWorker.run(TestMethodWorker.java:128)\r\n\tat java.base/java.util.ArrayList.forEach(ArrayList.java:1541)\r\n\tat org.testng.TestRunner.privateRun(TestRunner.java:794)\r\n\tat org.testng.TestRunner.run(TestRunner.java:596)\r\n\tat org.testng.SuiteRunner.runTest(SuiteRunner.java:377)\r\n\tat org.testng.SuiteRunner.runSequentially(SuiteRunner.java:371)\r\n\tat org.testng.SuiteRunner.privateRun(SuiteRunner.java:332)\r\n\tat org.testng.SuiteRunner.run(SuiteRunner.java:276)\r\n\tat org.testng.SuiteRunnerWorker.runSuite(SuiteRunnerWorker.java:53)\r\n\tat org.testng.SuiteRunnerWorker.run(SuiteRunnerWorker.java:96)\r\n\tat org.testng.TestNG.runSuitesSequentially(TestNG.java:1212)\r\n\tat org.testng.TestNG.runSuitesLocally(TestNG.java:1134)\r\n\tat org.testng.TestNG.runSuites(TestNG.java:1063)\r\n\tat org.testng.TestNG.run(TestNG.java:1031)\r\n\tat com.intellij.rt.testng.IDEARemoteTestNG.run(IDEARemoteTestNG.java:66)\r\n\tat com.intellij.rt.testng.RemoteTestNGStarter.main(RemoteTestNGStarter.java:109)\r\n"},"stage":"finished","steps":[{"name":"wait for [[ChromeDriver: chrome on WINDOWS (9e98765bdfd93ed1d524008beae358fa)] -> xpath: //span[text()=\"Contact\"]] element to load within 10 secs","status":"broken","statusDetails":{"known":false,"muted":false,"flaky":false,"message":"Expected condition failed: waiting for visibility of [[ChromeDriver: chrome on WINDOWS (9e98765bdfd93ed1d524008beae358fa)] -> xpath: //span[text()=\"Contact\"]] (tried for 10 second(s) with 500 milliseconds interval)\nBuild info: version: '3.141.59', revision: 'e82be7d358', time: '2018-11-14T08:17:03'\nSystem info: host: 'NTS-NISHANTKOLT', ip: '192.168.1.5', os.name: 'Windows 10', os.arch: 'amd64', os.version: '10.0', java.version: '11.0.15.1'\nDriver info: org.openqa.selenium.chrome.ChromeDriver\nCapabilities {acceptInsecureCerts: false, browserName: chrome, browserVersion: 111.0.5563.65, chrome: {chromedriverVersion: 111.0.5563.64 (c710e93d5b63..., userDataDir: C:\\Users\\NTS-NI~1\\AppData\\L...}, goog:chromeOptions: {debuggerAddress: localhost:62989}, javascriptEnabled: true, networkConnectionEnabled: false, pageLoadStrategy: normal, platform: WINDOWS, platformName: WINDOWS, proxy: Proxy(), setWindowRect: true, strictFileInteractability: false, timeouts: {implicit: 0, pageLoad: 300000, script: 30000}, unhandledPromptBehavior: dismiss and notify, webauthn:extension:credBlob: true, webauthn:extension:largeBlob: true, webauthn:extension:minPinLength: true, webauthn:extension:prf: true, webauthn:virtualAuthenticators: true}\nSession ID: 9e98765bdfd93ed1d524008beae358fa","trace":"org.openqa.selenium.TimeoutException: Expected condition failed: waiting for visibility of [[ChromeDriver: chrome on WINDOWS (9e98765bdfd93ed1d524008beae358fa)] -> xpath: //span[text()=\"Contact\"]] (tried for 10 second(s) with 500 milliseconds interval)\nBuild info: version: '3.141.59', revision: 'e82be7d358', time: '2018-11-14T08:17:03'\nSystem info: host: 'NTS-NISHANTKOLT', ip: '192.168.1.5', os.name: 'Windows 10', os.arch: 'amd64', os.version: '10.0', java.version: '11.0.15.1'\nDriver info: org.openqa.selenium.chrome.ChromeDriver\nCapabilities {acceptInsecureCerts: false, browserName: chrome, browserVersion: 111.0.5563.65, chrome: {chromedriverVersion: 111.0.5563.64 (c710e93d5b63..., userDataDir: C:\\Users\\NTS-NI~1\\AppData\\L...}, goog:chromeOptions: {debuggerAddress: localhost:62989}, javascriptEnabled: true, networkConnectionEnabled: false, pageLoadStrategy: normal, platform: WINDOWS, platformName: WINDOWS, proxy: Proxy(), setWindowRect: true, strictFileInteractability: false, timeouts: {implicit: 0, pageLoad: 300000, script: 30000}, unhandledPromptBehavior: dismiss and notify, webauthn:extension:credBlob: true, webauthn:extension:largeBlob: true, webauthn:extension:minPinLength: true, webauthn:extension:prf: true, webauthn:virtualAuthenticators: true}\nSession ID: 9e98765bdfd93ed1d524008beae358fa\r\n\tat org.openqa.selenium.support.ui.WebDriverWait.timeoutException(WebDriverWait.java:95)\r\n\tat org.openqa.selenium.support.ui.FluentWait.until(FluentWait.java:272)\r\n\tat utilities.AppUtils.waitForElementLoad(AppUtils.java:119)\r\n\tat pages.AccountPage.selectContact(AccountPage.java:86)\r\n\tat tests.ui.HomePageTest.successful_Login_Test(HomePageTest.java:37)\r\n\tat java.base/jdk.internal.reflect.NativeMethodAccessorImpl.invoke0(Native Method)\r\n\tat java.base/jdk.internal.reflect.NativeMethodAccessorImpl.invoke(NativeMethodAccessorImpl.java:62)\r\n\tat java.base/jdk.internal.reflect.DelegatingMethodAccessorImpl.invoke(DelegatingMethodAccessorImpl.java:43)\r\n\tat java.base/java.lang.reflect.Method.invoke(Method.java:566)\r\n\tat org.testng.internal.MethodInvocationHelper.invokeMethod(MethodInvocationHelper.java:133)\r\n\tat org.testng.internal.TestInvoker.invokeMethod(TestInvoker.java:598)\r\n\tat org.testng.internal.TestInvoker.invokeTestMethod(TestInvoker.java:173)\r\n\tat org.testng.internal.MethodRunner.runInSequence(MethodRunner.java:46)\r\n\tat org.testng.internal.TestInvoker$MethodInvocationAgent.invoke(TestInvoker.java:824)\r\n\tat org.testng.internal.TestInvoker.invokeTestMethods(TestInvoker.java:146)\r\n\tat org.testng.internal.TestMethodWorker.invokeTestMethods(TestMethodWorker.java:146)\r\n\tat org.testng.internal.TestMethodWorker.run(TestMethodWorker.java:128)\r\n\tat java.base/java.util.ArrayList.forEach(ArrayList.java:1541)\r\n\tat org.testng.TestRunner.privateRun(TestRunner.java:794)\r\n\tat org.testng.TestRunner.run(TestRunner.java:596)\r\n\tat org.testng.SuiteRunner.runTest(SuiteRunner.java:377)\r\n\tat org.testng.SuiteRunner.runSequentially(SuiteRunner.java:371)\r\n\tat org.testng.SuiteRunner.privateRun(SuiteRunner.java:332)\r\n\tat org.testng.SuiteRunner.run(SuiteRunner.java:276)\r\n\tat org.testng.SuiteRunnerWorker.runSuite(SuiteRunnerWorker.java:53)\r\n\tat org.testng.SuiteRunnerWorker.run(SuiteRunnerWorker.java:96)\r\n\tat org.testng.TestNG.runSuitesSequentially(TestNG.java:1212)\r\n\tat org.testng.TestNG.runSuitesLocally(TestNG.java:1134)\r\n\tat org.testng.TestNG.runSuites(TestNG.java:1063)\r\n\tat org.testng.TestNG.run(TestNG.java:1031)\r\n\tat com.intellij.rt.testng.IDEARemoteTestNG.run(IDEARemoteTestNG.java:66)\r\n\tat com.intellij.rt.testng.RemoteTestNGStarter.main(RemoteTestNGStarter.java:109)\r\n"},"stage":"finished","steps":[],"attachments":[],"parameters":[{"name":"element","value":"[[ChromeDriver: chrome on WINDOWS (9e98765bdfd93ed1d524008beae358fa)] -> xpath: //span[text()=\"Contact\"]]"},{"name":"timeout","value":"10"}],"start":1679766195750,"stop":1679766206023}],"attachments":[],"parameters":[],"start":1679766195690,"stop":1679766206023}],"attachments":[{"name":"saveFailureScreenShot","source":"99f89eaa-e1c9-4bc2-8b99-dc0167383499-attachment"}],"parameters":[],"start":1679766177493,"stop":1679766206219,"uuid":"ac66e93d-da89-4a17-af47-673e1da4489a","historyId":"1c655a8ba9faaa96eaea2f1f5ac376af","fullName":"tests.ui.HomePageTest.successful_Login_Test","labels":[{"name":"package","value":"tests.ui.HomePageTest"},{"name":"testClass","value":"tests.ui.HomePageTest"},{"name":"testMethod","value":"successful_Login_Test"},{"name":"parentSuite","value":"Default Suite"},{"name":"suite","value":"automation_poc-main"},{"name":"subSuite","value":"tests.ui.HomePageTest"},{"name":"host","value":"NTS-NishantKolte"},{"name":"thread","value":"30104@NTS-NishantKolte.main(1)"},{"name":"framework","value":"testng"},{"name":"language","value":"java"},{"name":"story","value":"story_id: 001 - successful login and create a patient account"},{"name":"feature","value":"HomePage feature"},{"name":"severity","value":"critical"}],"links":[]}