{"name":"verify successful login test","status":"broken","statusDetails":{"known":false,"muted":false,"flaky":false,"message":"Expected condition failed: waiting for visibility of [[ChromeDriver: chrome on WINDOWS (834d783bd6cd0eb80bf58d8d9d8104b9)] -> xpath: //span[text()=\"Contact\"]] (tried for 10 second(s) with 500 milliseconds interval)\nBuild info: version: '3.141.59', revision: 'e82be7d358', time: '2018-11-14T08:17:03'\nSystem info: host: 'NTS-NISHANTKOLT', ip: '192.168.1.5', os.name: 'Windows 10', os.arch: 'amd64', os.version: '10.0', java.version: '11.0.15.1'\nDriver info: org.openqa.selenium.chrome.ChromeDriver\nCapabilities {acceptInsecureCerts: false, browserName: chrome, browserVersion: 111.0.5563.65, chrome: {chromedriverVersion: 111.0.5563.64 (c710e93d5b63..., userDataDir: C:\\Users\\NTS-NI~1\\AppData\\L...}, goog:chromeOptions: {debuggerAddress: localhost:62093}, javascriptEnabled: true, networkConnectionEnabled: false, pageLoadStrategy: normal, platform: WINDOWS, platformName: WINDOWS, proxy: Proxy(), setWindowRect: true, strictFileInteractability: false, timeouts: {implicit: 0, pageLoad: 300000, script: 30000}, unhandledPromptBehavior: dismiss and notify, webauthn:extension:credBlob: true, webauthn:extension:largeBlob: true, webauthn:extension:minPinLength: true, webauthn:extension:prf: true, webauthn:virtualAuthenticators: true}\nSession ID: 834d783bd6cd0eb80bf58d8d9d8104b9","trace":"org.openqa.selenium.TimeoutException: Expected condition failed: waiting for visibility of [[ChromeDriver: chrome on WINDOWS (834d783bd6cd0eb80bf58d8d9d8104b9)] -> xpath: //span[text()=\"Contact\"]] (tried for 10 second(s) with 500 milliseconds interval)\nBuild info: version: '3.141.59', revision: 'e82be7d358', time: '2018-11-14T08:17:03'\nSystem info: host: 'NTS-NISHANTKOLT', ip: '192.168.1.5', os.name: 'Windows 10', os.arch: 'amd64', os.version: '10.0', java.version: '11.0.15.1'\nDriver info: org.openqa.selenium.chrome.ChromeDriver\nCapabilities {acceptInsecureCerts: false, browserName: chrome, browserVersion: 111.0.5563.65, chrome: {chromedriverVersion: 111.0.5563.64 (c710e93d5b63..., userDataDir: C:\\Users\\NTS-NI~1\\AppData\\L...}, goog:chromeOptions: {debuggerAddress: localhost:62093}, javascriptEnabled: true, networkConnectionEnabled: false, pageLoadStrategy: normal, platform: WINDOWS, platformName: WINDOWS, proxy: Proxy(), setWindowRect: true, strictFileInteractability: false, timeouts: {implicit: 0, pageLoad: 300000, script: 30000}, unhandledPromptBehavior: dismiss and notify, webauthn:extension:credBlob: true, webauthn:extension:largeBlob: true, webauthn:extension:minPinLength: true, webauthn:extension:prf: true, webauthn:virtualAuthenticators: true}\nSession ID: 834d783bd6cd0eb80bf58d8d9d8104b9\r\n\tat org.openqa.selenium.support.ui.WebDriverWait.timeoutException(WebDriverWait.java:95)\r\n\tat org.openqa.selenium.support.ui.FluentWait.until(FluentWait.java:272)\r\n\tat utilities.AppUtils.waitForElementLoad(AppUtils.java:119)\r\n\tat pages.AccountPage.selectContact(AccountPage.java:86)\r\n\tat tests.ui.HomePageTest.successful_Login_Test(HomePageTest.java:37)\r\n\tat java.base/jdk.internal.reflect.NativeMethodAccessorImpl.invoke0(Native Method)\r\n\tat java.base/jdk.internal.reflect.NativeMethodAccessorImpl.invoke(NativeMethodAccessorImpl.java:62)\r\n\tat java.base/jdk.internal.reflect.DelegatingMethodAccessorImpl.invoke(DelegatingMethodAccessorImpl.java:43)\r\n\tat java.base/java.lang.reflect.Method.invoke(Method.java:566)\r\n\tat org.testng.internal.MethodInvocationHelper.invokeMethod(MethodInvocationHelper.java:133)\r\n\tat org.testng.internal.TestInvoker.invokeMethod(TestInvoker.java:598)\r\n\tat org.testng.internal.TestInvoker.invokeTestMethod(TestInvoker.java:173)\r\n\tat org.testng.internal.MethodRunner.runInSequence(MethodRunner.java:46)\r\n\tat org.testng.internal.TestInvoker$MethodInvocationAgent.invoke(TestInvoker.java:824)\r\n\tat org.testng.internal.TestInvoker.invokeTestMethods(TestInvoker.java:146)\r\n\tat org.testng.internal.TestMethodWorker.invokeTestMethods(TestMethodWorker.java:146)\r\n\tat org.testng.internal.TestMethodWorker.run(TestMethodWorker.java:128)\r\n\tat java.base/java.util.ArrayList.forEach(ArrayList.java:1541)\r\n\tat org.testng.TestRunner.privateRun(TestRunner.java:794)\r\n\tat org.testng.TestRunner.run(TestRunner.java:596)\r\n\tat org.testng.SuiteRunner.runTest(SuiteRunner.java:377)\r\n\tat org.testng.SuiteRunner.runSequentially(SuiteRunner.java:371)\r\n\tat org.testng.SuiteRunner.privateRun(SuiteRunner.java:332)\r\n\tat org.testng.SuiteRunner.run(SuiteRunner.java:276)\r\n\tat org.testng.SuiteRunnerWorker.runSuite(SuiteRunnerWorker.java:53)\r\n\tat org.testng.SuiteRunnerWorker.run(SuiteRunnerWorker.java:96)\r\n\tat org.testng.TestNG.runSuitesSequentially(TestNG.java:1212)\r\n\tat org.testng.TestNG.runSuitesLocally(TestNG.java:1134)\r\n\tat org.testng.TestNG.runSuites(TestNG.java:1063)\r\n\tat org.testng.TestNG.run(TestNG.java:1031)\r\n\tat com.intellij.rt.testng.IDEARemoteTestNG.run(IDEARemoteTestNG.java:66)\r\n\tat com.intellij.rt.testng.RemoteTestNGStarter.main(RemoteTestNGStarter.java:109)\r\n"},"stage":"finished","description":"verify user able to create a new patient account","steps":[{"name":"verify ACTICS PRM and Env title displayed on the Home Page","status":"passed","stage":"finished","steps":[{"name":"wait for [[ChromeDriver: chrome on WINDOWS (834d783bd6cd0eb80bf58d8d9d8104b9)] -> xpath: //span[contains(text(),\"Sandbox: Regression\")]] element to load with default timeout","status":"passed","stage":"finished","steps":[],"attachments":[],"parameters":[{"name":"element","value":"[[ChromeDriver: chrome on WINDOWS (834d783bd6cd0eb80bf58d8d9d8104b9)] -> xpath: //span[contains(text(),\"Sandbox: Regression\")]]"}],"start":1679764969058,"stop":1679764969165},{"name":"check if element is displayed","status":"passed","stage":"finished","steps":[],"attachments":[],"parameters":[{"name":"element","value":"[[ChromeDriver: chrome on WINDOWS (834d783bd6cd0eb80bf58d8d9d8104b9)] -> xpath: //span[contains(text(),\"Sandbox: Regression\")]]"}],"start":1679764969191,"stop":1679764969256},{"name":"wait for [[ChromeDriver: chrome on WINDOWS (834d783bd6cd0eb80bf58d8d9d8104b9)] -> xpath: //span[@title=\"ACTICS PRM\"]] element to load with default timeout","status":"passed","stage":"finished","steps":[],"attachments":[],"parameters":[{"name":"element","value":"[[ChromeDriver: chrome on WINDOWS (834d783bd6cd0eb80bf58d8d9d8104b9)] -> xpath: //span[@title=\"ACTICS PRM\"]]"}],"start":1679764969323,"stop":1679764969413},{"name":"check if element is displayed","status":"passed","stage":"finished","steps":[],"attachments":[],"parameters":[{"name":"element","value":"[[ChromeDriver: chrome on WINDOWS (834d783bd6cd0eb80bf58d8d9d8104b9)] -> xpath: //span[@title=\"ACTICS PRM\"]]"}],"start":1679764969440,"stop":1679764969489}],"attachments":[],"parameters":[],"start":1679764959613,"stop":1679764969491},{"name":"click on navigation button dropdown","status":"passed","stage":"finished","steps":[{"name":"wait for [[ChromeDriver: chrome on WINDOWS (834d783bd6cd0eb80bf58d8d9d8104b9)] -> xpath: //span[contains(text(),\"Show Navigation Menu\")]/parent::button] element to be clickable within 10 seconds","status":"passed","stage":"finished","steps":[],"attachments":[],"parameters":[{"name":"element","value":"[[ChromeDriver: chrome on WINDOWS (834d783bd6cd0eb80bf58d8d9d8104b9)] -> xpath: //span[contains(text(),\"Show Navigation Menu\")]/parent::button]"},{"name":"timeout","value":"10"}],"start":1679764972564,"stop":1679764972662},{"name":"click on element - [[ChromeDriver: chrome on WINDOWS (834d783bd6cd0eb80bf58d8d9d8104b9)] -> xpath: //span[contains(text(),\"Show Navigation Menu\")]/parent::button]","status":"passed","stage":"finished","steps":[],"attachments":[],"parameters":[{"name":"element","value":"[[ChromeDriver: chrome on WINDOWS (834d783bd6cd0eb80bf58d8d9d8104b9)] -> xpath: //span[contains(text(),\"Show Navigation Menu\")]/parent::button]"}],"start":1679764972699,"stop":1679764973916},{"name":"check if element is displayed","status":"passed","stage":"finished","steps":[],"attachments":[],"parameters":[{"name":"element","value":"[[ChromeDriver: chrome on WINDOWS (834d783bd6cd0eb80bf58d8d9d8104b9)] -> xpath: //div[@id=\"navMenuList\"]]"}],"start":1679764973938,"stop":1679764973968}],"attachments":[],"parameters":[],"start":1679764969491,"stop":1679764975981},{"name":"click on account option from navigation dropdown","status":"passed","stage":"finished","steps":[{"name":"wait for [[ChromeDriver: chrome on WINDOWS (834d783bd6cd0eb80bf58d8d9d8104b9)] -> xpath: //li[@role=\"presentation\"]//descendant::a[@data-itemid=\"Account\"]] element to be clickable within 10 seconds","status":"passed","stage":"finished","steps":[],"attachments":[],"parameters":[{"name":"element","value":"[[ChromeDriver: chrome on WINDOWS (834d783bd6cd0eb80bf58d8d9d8104b9)] -> xpath: //li[@role=\"presentation\"]//descendant::a[@data-itemid=\"Account\"]]"},{"name":"timeout","value":"10"}],"start":1679764989295,"stop":1679764989441}],"attachments":[],"parameters":[],"start":1679764975981,"stop":1679764989660},{"name":"verify Account Page title is displayed","status":"passed","stage":"finished","steps":[{"name":"wait for [[ChromeDriver: chrome on WINDOWS (834d783bd6cd0eb80bf58d8d9d8104b9)] -> xpath: //h1/span[text()=\"Accounts\"]] element to load with default timeout","status":"passed","stage":"finished","steps":[],"attachments":[],"parameters":[{"name":"element","value":"[[ChromeDriver: chrome on WINDOWS (834d783bd6cd0eb80bf58d8d9d8104b9)] -> xpath: //h1/span[text()=\"Accounts\"]]"}],"start":1679764990113,"stop":1679764990206},{"name":"check if element is displayed","status":"passed","stage":"finished","steps":[],"attachments":[],"parameters":[{"name":"element","value":"[[ChromeDriver: chrome on WINDOWS (834d783bd6cd0eb80bf58d8d9d8104b9)] -> xpath: //h1/span[text()=\"Accounts\"]]"}],"start":1679764990547,"stop":1679764990637},{"name":"wait for [[ChromeDriver: chrome on WINDOWS (834d783bd6cd0eb80bf58d8d9d8104b9)] -> xpath: //h1/span[text()=\"Recently Viewed\"]] element to load with default timeout","status":"passed","stage":"finished","steps":[],"attachments":[],"parameters":[{"name":"element","value":"[[ChromeDriver: chrome on WINDOWS (834d783bd6cd0eb80bf58d8d9d8104b9)] -> xpath: //h1/span[text()=\"Recently Viewed\"]]"}],"start":1679764990685,"stop":1679764990782},{"name":"check if element is displayed","status":"passed","stage":"finished","steps":[],"attachments":[],"parameters":[{"name":"element","value":"[[ChromeDriver: chrome on WINDOWS (834d783bd6cd0eb80bf58d8d9d8104b9)] -> xpath: //h1/span[text()=\"Recently Viewed\"]]"}],"start":1679764990808,"stop":1679764990858},{"name":"wait for [[ChromeDriver: chrome on WINDOWS (834d783bd6cd0eb80bf58d8d9d8104b9)] -> xpath: //a[@title=\"New\"]] element to load with default timeout","status":"passed","stage":"finished","steps":[],"attachments":[],"parameters":[{"name":"element","value":"[[ChromeDriver: chrome on WINDOWS (834d783bd6cd0eb80bf58d8d9d8104b9)] -> xpath: //a[@title=\"New\"]]"}],"start":1679764990918,"stop":1679764990999},{"name":"check if element is displayed","status":"passed","stage":"finished","steps":[],"attachments":[],"parameters":[{"name":"element","value":"[[ChromeDriver: chrome on WINDOWS (834d783bd6cd0eb80bf58d8d9d8104b9)] -> xpath: //a[@title=\"New\"]]"}],"start":1679764991025,"stop":1679764991073}],"attachments":[],"parameters":[],"start":1679764989661,"stop":1679764991073},{"name":"click on new button","status":"passed","stage":"finished","steps":[{"name":"wait for [[ChromeDriver: chrome on WINDOWS (834d783bd6cd0eb80bf58d8d9d8104b9)] -> xpath: //a[@title=\"New\"]] element to load within 60 secs","status":"passed","stage":"finished","steps":[],"attachments":[],"parameters":[{"name":"element","value":"[[ChromeDriver: chrome on WINDOWS (834d783bd6cd0eb80bf58d8d9d8104b9)] -> xpath: //a[@title=\"New\"]]"},{"name":"timeout","value":"60"}],"start":1679764991134,"stop":1679764991218}],"attachments":[],"parameters":[],"start":1679764991074,"stop":1679764991317},{"name":"verify New Account Page title is displayed","status":"passed","stage":"finished","steps":[{"name":"wait for [[ChromeDriver: chrome on WINDOWS (834d783bd6cd0eb80bf58d8d9d8104b9)] -> xpath: //h2[text()=\"New Account\"]] element to load with default timeout","status":"passed","stage":"finished","steps":[],"attachments":[],"parameters":[{"name":"element","value":"[[ChromeDriver: chrome on WINDOWS (834d783bd6cd0eb80bf58d8d9d8104b9)] -> xpath: //h2[text()=\"New Account\"]]"}],"start":1679764992424,"stop":1679764992513},{"name":"check if element is displayed","status":"passed","stage":"finished","steps":[],"attachments":[],"parameters":[{"name":"element","value":"[[ChromeDriver: chrome on WINDOWS (834d783bd6cd0eb80bf58d8d9d8104b9)] -> xpath: //h2[text()=\"New Account\"]]"}],"start":1679764992543,"stop":1679764992618}],"attachments":[],"parameters":[],"start":1679764991317,"stop":1679764992618},{"name":"click on Contact radio button","status":"broken","statusDetails":{"known":false,"muted":false,"flaky":false,"message":"Expected condition failed: waiting for visibility of [[ChromeDriver: chrome on WINDOWS (834d783bd6cd0eb80bf58d8d9d8104b9)] -> xpath: //span[text()=\"Contact\"]] (tried for 10 second(s) with 500 milliseconds interval)\nBuild info: version: '3.141.59', revision: 'e82be7d358', time: '2018-11-14T08:17:03'\nSystem info: host: 'NTS-NISHANTKOLT', ip: '192.168.1.5', os.name: 'Windows 10', os.arch: 'amd64', os.version: '10.0', java.version: '11.0.15.1'\nDriver info: org.openqa.selenium.chrome.ChromeDriver\nCapabilities {acceptInsecureCerts: false, browserName: chrome, browserVersion: 111.0.5563.65, chrome: {chromedriverVersion: 111.0.5563.64 (c710e93d5b63..., userDataDir: C:\\Users\\NTS-NI~1\\AppData\\L...}, goog:chromeOptions: {debuggerAddress: localhost:62093}, javascriptEnabled: true, networkConnectionEnabled: false, pageLoadStrategy: normal, platform: WINDOWS, platformName: WINDOWS, proxy: Proxy(), setWindowRect: true, strictFileInteractability: false, timeouts: {implicit: 0, pageLoad: 300000, script: 30000}, unhandledPromptBehavior: dismiss and notify, webauthn:extension:credBlob: true, webauthn:extension:largeBlob: true, webauthn:extension:minPinLength: true, webauthn:extension:prf: true, webauthn:virtualAuthenticators: true}\nSession ID: 834d783bd6cd0eb80bf58d8d9d8104b9","trace":"org.openqa.selenium.TimeoutException: Expected condition failed: waiting for visibility of [[ChromeDriver: chrome on WINDOWS (834d783bd6cd0eb80bf58d8d9d8104b9)] -> xpath: //span[text()=\"Contact\"]] (tried for 10 second(s) with 500 milliseconds interval)\nBuild info: version: '3.141.59', revision: 'e82be7d358', time: '2018-11-14T08:17:03'\nSystem info: host: 'NTS-NISHANTKOLT', ip: '192.168.1.5', os.name: 'Windows 10', os.arch: 'amd64', os.version: '10.0', java.version: '11.0.15.1'\nDriver info: org.openqa.selenium.chrome.ChromeDriver\nCapabilities {acceptInsecureCerts: false, browserName: chrome, browserVersion: 111.0.5563.65, chrome: {chromedriverVersion: 111.0.5563.64 (c710e93d5b63..., userDataDir: C:\\Users\\NTS-NI~1\\AppData\\L...}, goog:chromeOptions: {debuggerAddress: localhost:62093}, javascriptEnabled: true, networkConnectionEnabled: false, pageLoadStrategy: normal, platform: WINDOWS, platformName: WINDOWS, proxy: Proxy(), setWindowRect: true, strictFileInteractability: false, timeouts: {implicit: 0, pageLoad: 300000, script: 30000}, unhandledPromptBehavior: dismiss and notify, webauthn:extension:credBlob: true, webauthn:extension:largeBlob: true, webauthn:extension:minPinLength: true, webauthn:extension:prf: true, webauthn:virtualAuthenticators: true}\nSession ID: 834d783bd6cd0eb80bf58d8d9d8104b9\r\n\tat org.openqa.selenium.support.ui.WebDriverWait.timeoutException(WebDriverWait.java:95)\r\n\tat org.openqa.selenium.support.ui.FluentWait.until(FluentWait.java:272)\r\n\tat utilities.AppUtils.waitForElementLoad(AppUtils.java:119)\r\n\tat pages.AccountPage.selectContact(AccountPage.java:86)\r\n\tat tests.ui.HomePageTest.successful_Login_Test(HomePageTest.java:37)\r\n\tat java.base/jdk.internal.reflect.NativeMethodAccessorImpl.invoke0(Native Method)\r\n\tat java.base/jdk.internal.reflect.NativeMethodAccessorImpl.invoke(NativeMethodAccessorImpl.java:62)\r\n\tat java.base/jdk.internal.reflect.DelegatingMethodAccessorImpl.invoke(DelegatingMethodAccessorImpl.java:43)\r\n\tat java.base/java.lang.reflect.Method.invoke(Method.java:566)\r\n\tat org.testng.internal.MethodInvocationHelper.invokeMethod(MethodInvocationHelper.java:133)\r\n\tat org.testng.internal.TestInvoker.invokeMethod(TestInvoker.java:598)\r\n\tat org.testng.internal.TestInvoker.invokeTestMethod(TestInvoker.java:173)\r\n\tat org.testng.internal.MethodRunner.runInSequence(MethodRunner.java:46)\r\n\tat org.testng.internal.TestInvoker$MethodInvocationAgent.invoke(TestInvoker.java:824)\r\n\tat org.testng.internal.TestInvoker.invokeTestMethods(TestInvoker.java:146)\r\n\tat org.testng.internal.TestMethodWorker.invokeTestMethods(TestMethodWorker.java:146)\r\n\tat org.testng.internal.TestMethodWorker.run(TestMethodWorker.java:128)\r\n\tat java.base/java.util.ArrayList.forEach(ArrayList.java:1541)\r\n\tat org.testng.TestRunner.privateRun(TestRunner.java:794)\r\n\tat org.testng.TestRunner.run(TestRunner.java:596)\r\n\tat org.testng.SuiteRunner.runTest(SuiteRunner.java:377)\r\n\tat org.testng.SuiteRunner.runSequentially(SuiteRunner.java:371)\r\n\tat org.testng.SuiteRunner.privateRun(SuiteRunner.java:332)\r\n\tat org.testng.SuiteRunner.run(SuiteRunner.java:276)\r\n\tat org.testng.SuiteRunnerWorker.runSuite(SuiteRunnerWorker.java:53)\r\n\tat org.testng.SuiteRunnerWorker.run(SuiteRunnerWorker.java:96)\r\n\tat org.testng.TestNG.runSuitesSequentially(TestNG.java:1212)\r\n\tat org.testng.TestNG.runSuitesLocally(TestNG.java:1134)\r\n\tat org.testng.TestNG.runSuites(TestNG.java:1063)\r\n\tat org.testng.TestNG.run(TestNG.java:1031)\r\n\tat com.intellij.rt.testng.IDEARemoteTestNG.run(IDEARemoteTestNG.java:66)\r\n\tat com.intellij.rt.testng.RemoteTestNGStarter.main(RemoteTestNGStarter.java:109)\r\n"},"stage":"finished","steps":[{"name":"wait for [[ChromeDriver: chrome on WINDOWS (834d783bd6cd0eb80bf58d8d9d8104b9)] -> xpath: //span[text()=\"Contact\"]] element to load within 10 secs","status":"broken","statusDetails":{"known":false,"muted":false,"flaky":false,"message":"Expected condition failed: waiting for visibility of [[ChromeDriver: chrome on WINDOWS (834d783bd6cd0eb80bf58d8d9d8104b9)] -> xpath: //span[text()=\"Contact\"]] (tried for 10 second(s) with 500 milliseconds interval)\nBuild info: version: '3.141.59', revision: 'e82be7d358', time: '2018-11-14T08:17:03'\nSystem info: host: 'NTS-NISHANTKOLT', ip: '192.168.1.5', os.name: 'Windows 10', os.arch: 'amd64', os.version: '10.0', java.version: '11.0.15.1'\nDriver info: org.openqa.selenium.chrome.ChromeDriver\nCapabilities {acceptInsecureCerts: false, browserName: chrome, browserVersion: 111.0.5563.65, chrome: {chromedriverVersion: 111.0.5563.64 (c710e93d5b63..., userDataDir: C:\\Users\\NTS-NI~1\\AppData\\L...}, goog:chromeOptions: {debuggerAddress: localhost:62093}, javascriptEnabled: true, networkConnectionEnabled: false, pageLoadStrategy: normal, platform: WINDOWS, platformName: WINDOWS, proxy: Proxy(), setWindowRect: true, strictFileInteractability: false, timeouts: {implicit: 0, pageLoad: 300000, script: 30000}, unhandledPromptBehavior: dismiss and notify, webauthn:extension:credBlob: true, webauthn:extension:largeBlob: true, webauthn:extension:minPinLength: true, webauthn:extension:prf: true, webauthn:virtualAuthenticators: true}\nSession ID: 834d783bd6cd0eb80bf58d8d9d8104b9","trace":"org.openqa.selenium.TimeoutException: Expected condition failed: waiting for visibility of [[ChromeDriver: chrome on WINDOWS (834d783bd6cd0eb80bf58d8d9d8104b9)] -> xpath: //span[text()=\"Contact\"]] (tried for 10 second(s) with 500 milliseconds interval)\nBuild info: version: '3.141.59', revision: 'e82be7d358', time: '2018-11-14T08:17:03'\nSystem info: host: 'NTS-NISHANTKOLT', ip: '192.168.1.5', os.name: 'Windows 10', os.arch: 'amd64', os.version: '10.0', java.version: '11.0.15.1'\nDriver info: org.openqa.selenium.chrome.ChromeDriver\nCapabilities {acceptInsecureCerts: false, browserName: chrome, browserVersion: 111.0.5563.65, chrome: {chromedriverVersion: 111.0.5563.64 (c710e93d5b63..., userDataDir: C:\\Users\\NTS-NI~1\\AppData\\L...}, goog:chromeOptions: {debuggerAddress: localhost:62093}, javascriptEnabled: true, networkConnectionEnabled: false, pageLoadStrategy: normal, platform: WINDOWS, platformName: WINDOWS, proxy: Proxy(), setWindowRect: true, strictFileInteractability: false, timeouts: {implicit: 0, pageLoad: 300000, script: 30000}, unhandledPromptBehavior: dismiss and notify, webauthn:extension:credBlob: true, webauthn:extension:largeBlob: true, webauthn:extension:minPinLength: true, webauthn:extension:prf: true, webauthn:virtualAuthenticators: true}\nSession ID: 834d783bd6cd0eb80bf58d8d9d8104b9\r\n\tat org.openqa.selenium.support.ui.WebDriverWait.timeoutException(WebDriverWait.java:95)\r\n\tat org.openqa.selenium.support.ui.FluentWait.until(FluentWait.java:272)\r\n\tat utilities.AppUtils.waitForElementLoad(AppUtils.java:119)\r\n\tat pages.AccountPage.selectContact(AccountPage.java:86)\r\n\tat tests.ui.HomePageTest.successful_Login_Test(HomePageTest.java:37)\r\n\tat java.base/jdk.internal.reflect.NativeMethodAccessorImpl.invoke0(Native Method)\r\n\tat java.base/jdk.internal.reflect.NativeMethodAccessorImpl.invoke(NativeMethodAccessorImpl.java:62)\r\n\tat java.base/jdk.internal.reflect.DelegatingMethodAccessorImpl.invoke(DelegatingMethodAccessorImpl.java:43)\r\n\tat java.base/java.lang.reflect.Method.invoke(Method.java:566)\r\n\tat org.testng.internal.MethodInvocationHelper.invokeMethod(MethodInvocationHelper.java:133)\r\n\tat org.testng.internal.TestInvoker.invokeMethod(TestInvoker.java:598)\r\n\tat org.testng.internal.TestInvoker.invokeTestMethod(TestInvoker.java:173)\r\n\tat org.testng.internal.MethodRunner.runInSequence(MethodRunner.java:46)\r\n\tat org.testng.internal.TestInvoker$MethodInvocationAgent.invoke(TestInvoker.java:824)\r\n\tat org.testng.internal.TestInvoker.invokeTestMethods(TestInvoker.java:146)\r\n\tat org.testng.internal.TestMethodWorker.invokeTestMethods(TestMethodWorker.java:146)\r\n\tat org.testng.internal.TestMethodWorker.run(TestMethodWorker.java:128)\r\n\tat java.base/java.util.ArrayList.forEach(ArrayList.java:1541)\r\n\tat org.testng.TestRunner.privateRun(TestRunner.java:794)\r\n\tat org.testng.TestRunner.run(TestRunner.java:596)\r\n\tat org.testng.SuiteRunner.runTest(SuiteRunner.java:377)\r\n\tat org.testng.SuiteRunner.runSequentially(SuiteRunner.java:371)\r\n\tat org.testng.SuiteRunner.privateRun(SuiteRunner.java:332)\r\n\tat org.testng.SuiteRunner.run(SuiteRunner.java:276)\r\n\tat org.testng.SuiteRunnerWorker.runSuite(SuiteRunnerWorker.java:53)\r\n\tat org.testng.SuiteRunnerWorker.run(SuiteRunnerWorker.java:96)\r\n\tat org.testng.TestNG.runSuitesSequentially(TestNG.java:1212)\r\n\tat org.testng.TestNG.runSuitesLocally(TestNG.java:1134)\r\n\tat org.testng.TestNG.runSuites(TestNG.java:1063)\r\n\tat org.testng.TestNG.run(TestNG.java:1031)\r\n\tat com.intellij.rt.testng.IDEARemoteTestNG.run(IDEARemoteTestNG.java:66)\r\n\tat com.intellij.rt.testng.RemoteTestNGStarter.main(RemoteTestNGStarter.java:109)\r\n"},"stage":"finished","steps":[],"attachments":[],"parameters":[{"name":"element","value":"[[ChromeDriver: chrome on WINDOWS (834d783bd6cd0eb80bf58d8d9d8104b9)] -> xpath: //span[text()=\"Contact\"]]"},{"name":"timeout","value":"10"}],"start":1679764992680,"stop":1679765002988}],"attachments":[],"parameters":[],"start":1679764992619,"stop":1679765002988}],"attachments":[{"name":"saveFailureScreenShot","source":"c5cc50d9-e77c-4fe7-8ad4-a6f0e8720b0b-attachment"}],"parameters":[],"start":1679764959611,"stop":1679765003190,"uuid":"acdeb644-670c-4b00-a3e9-0ab28e0821d0","historyId":"1c655a8ba9faaa96eaea2f1f5ac376af","fullName":"tests.ui.HomePageTest.successful_Login_Test","labels":[{"name":"package","value":"tests.ui.HomePageTest"},{"name":"testClass","value":"tests.ui.HomePageTest"},{"name":"testMethod","value":"successful_Login_Test"},{"name":"parentSuite","value":"Default Suite"},{"name":"suite","value":"automation_poc-main"},{"name":"subSuite","value":"tests.ui.HomePageTest"},{"name":"host","value":"NTS-NishantKolte"},{"name":"thread","value":"26636@NTS-NishantKolte.main(1)"},{"name":"framework","value":"testng"},{"name":"language","value":"java"},{"name":"story","value":"story_id: 001 - successful login and create a patient account"},{"name":"feature","value":"HomePage feature"},{"name":"severity","value":"critical"}],"links":[]}