{"name":"verify successful login test","status":"broken","statusDetails":{"known":false,"muted":false,"flaky":false,"message":"element click intercepted: Element <button lightning-basecombobox_basecombobox=\"\" class=\"slds-combobox__input slds-input_faux slds-combobox__input-value\" id=\"combobox-button-896\" type=\"button\" aria-expanded=\"false\" aria-haspopup=\"listbox\" name=\"PHX_PrimaryContact__c\" role=\"combobox\" data-value=\"--None--\" aria-label=\"Primary, --None--\" aria-required=\"false\" aria-controls=\"dropdown-element-896\">...</button> is not clickable at point (429, 89). Other element would receive the click: <a role=\"tab\" aria-controls=\"578:0\" tabindex=\"-1\" title=\"GanRevcovi GK\" data-tabid=\"ctab0\" aria-selected=\"false\" aria-describedby=\"tabOperation-452:0;p\" href=\"/lightning/r/Account/0010100000TTXRJAA5/view\" class=\"tabHeader slds-context-bar__label-action \" data-aura-rendered-by=\"586:0\">...</a>\n  (Session info: chrome=111.0.5563.65)\nBuild info: version: '3.141.59', revision: 'e82be7d358', time: '2018-11-14T08:17:03'\nSystem info: host: 'NTS-NISHANTKOLT', ip: '192.168.1.5', os.name: 'Windows 10', os.arch: 'amd64', os.version: '10.0', java.version: '11.0.15.1'\nDriver info: org.openqa.selenium.chrome.ChromeDriver\nCapabilities {acceptInsecureCerts: false, browserName: chrome, browserVersion: 111.0.5563.65, chrome: {chromedriverVersion: 111.0.5563.64 (c710e93d5b63..., userDataDir: C:\\Users\\NTS-NI~1\\AppData\\L...}, goog:chromeOptions: {debuggerAddress: localhost:50130}, javascriptEnabled: true, networkConnectionEnabled: false, pageLoadStrategy: normal, platform: WINDOWS, platformName: WINDOWS, proxy: Proxy(), setWindowRect: true, strictFileInteractability: false, timeouts: {implicit: 0, pageLoad: 300000, script: 30000}, unhandledPromptBehavior: dismiss and notify, webauthn:extension:credBlob: true, webauthn:extension:largeBlob: true, webauthn:extension:minPinLength: true, webauthn:extension:prf: true, webauthn:virtualAuthenticators: true}\nSession ID: 016caca80ed0691183541325d7b17120","trace":"org.openqa.selenium.ElementClickInterceptedException: element click intercepted: Element <button lightning-basecombobox_basecombobox=\"\" class=\"slds-combobox__input slds-input_faux slds-combobox__input-value\" id=\"combobox-button-896\" type=\"button\" aria-expanded=\"false\" aria-haspopup=\"listbox\" name=\"PHX_PrimaryContact__c\" role=\"combobox\" data-value=\"--None--\" aria-label=\"Primary, --None--\" aria-required=\"false\" aria-controls=\"dropdown-element-896\">...</button> is not clickable at point (429, 89). Other element would receive the click: <a role=\"tab\" aria-controls=\"578:0\" tabindex=\"-1\" title=\"GanRevcovi GK\" data-tabid=\"ctab0\" aria-selected=\"false\" aria-describedby=\"tabOperation-452:0;p\" href=\"/lightning/r/Account/0010100000TTXRJAA5/view\" class=\"tabHeader slds-context-bar__label-action \" data-aura-rendered-by=\"586:0\">...</a>\n  (Session info: chrome=111.0.5563.65)\nBuild info: version: '3.141.59', revision: 'e82be7d358', time: '2018-11-14T08:17:03'\nSystem info: host: 'NTS-NISHANTKOLT', ip: '192.168.1.5', os.name: 'Windows 10', os.arch: 'amd64', os.version: '10.0', java.version: '11.0.15.1'\nDriver info: org.openqa.selenium.chrome.ChromeDriver\nCapabilities {acceptInsecureCerts: false, browserName: chrome, browserVersion: 111.0.5563.65, chrome: {chromedriverVersion: 111.0.5563.64 (c710e93d5b63..., userDataDir: C:\\Users\\NTS-NI~1\\AppData\\L...}, goog:chromeOptions: {debuggerAddress: localhost:50130}, javascriptEnabled: true, networkConnectionEnabled: false, pageLoadStrategy: normal, platform: WINDOWS, platformName: WINDOWS, proxy: Proxy(), setWindowRect: true, strictFileInteractability: false, timeouts: {implicit: 0, pageLoad: 300000, script: 30000}, unhandledPromptBehavior: dismiss and notify, webauthn:extension:credBlob: true, webauthn:extension:largeBlob: true, webauthn:extension:minPinLength: true, webauthn:extension:prf: true, webauthn:virtualAuthenticators: true}\nSession ID: 016caca80ed0691183541325d7b17120\r\n\tat java.base/jdk.internal.reflect.NativeConstructorAccessorImpl.newInstance0(Native Method)\r\n\tat java.base/jdk.internal.reflect.NativeConstructorAccessorImpl.newInstance(NativeConstructorAccessorImpl.java:62)\r\n\tat java.base/jdk.internal.reflect.DelegatingConstructorAccessorImpl.newInstance(DelegatingConstructorAccessorImpl.java:45)\r\n\tat java.base/java.lang.reflect.Constructor.newInstance(Constructor.java:490)\r\n\tat org.openqa.selenium.remote.http.W3CHttpResponseCodec.createException(W3CHttpResponseCodec.java:187)\r\n\tat org.openqa.selenium.remote.http.W3CHttpResponseCodec.decode(W3CHttpResponseCodec.java:122)\r\n\tat org.openqa.selenium.remote.http.W3CHttpResponseCodec.decode(W3CHttpResponseCodec.java:49)\r\n\tat org.openqa.selenium.remote.HttpCommandExecutor.execute(HttpCommandExecutor.java:158)\r\n\tat org.openqa.selenium.remote.service.DriverCommandExecutor.execute(DriverCommandExecutor.java:83)\r\n\tat org.openqa.selenium.remote.RemoteWebDriver.execute(RemoteWebDriver.java:552)\r\n\tat org.openqa.selenium.remote.RemoteWebElement.execute(RemoteWebElement.java:285)\r\n\tat org.openqa.selenium.remote.RemoteWebElement.click(RemoteWebElement.java:84)\r\n\tat utilities.AppUtils.selectDropDownField(AppUtils.java:166)\r\n\tat pages.AccountPage.updateContactDetails(AccountPage.java:100)\r\n\tat tests.ui.HomePageTest.successful_Login_Test(HomePageTest.java:41)\r\n\tat java.base/jdk.internal.reflect.NativeMethodAccessorImpl.invoke0(Native Method)\r\n\tat java.base/jdk.internal.reflect.NativeMethodAccessorImpl.invoke(NativeMethodAccessorImpl.java:62)\r\n\tat java.base/jdk.internal.reflect.DelegatingMethodAccessorImpl.invoke(DelegatingMethodAccessorImpl.java:43)\r\n\tat java.base/java.lang.reflect.Method.invoke(Method.java:566)\r\n\tat org.testng.internal.MethodInvocationHelper.invokeMethod(MethodInvocationHelper.java:133)\r\n\tat org.testng.internal.TestInvoker.invokeMethod(TestInvoker.java:598)\r\n\tat org.testng.internal.TestInvoker.invokeTestMethod(TestInvoker.java:173)\r\n\tat org.testng.internal.MethodRunner.runInSequence(MethodRunner.java:46)\r\n\tat org.testng.internal.TestInvoker$MethodInvocationAgent.invoke(TestInvoker.java:824)\r\n\tat org.testng.internal.TestInvoker.invokeTestMethods(TestInvoker.java:146)\r\n\tat org.testng.internal.TestMethodWorker.invokeTestMethods(TestMethodWorker.java:146)\r\n\tat org.testng.internal.TestMethodWorker.run(TestMethodWorker.java:128)\r\n\tat java.base/java.util.ArrayList.forEach(ArrayList.java:1541)\r\n\tat org.testng.TestRunner.privateRun(TestRunner.java:794)\r\n\tat org.testng.TestRunner.run(TestRunner.java:596)\r\n\tat org.testng.SuiteRunner.runTest(SuiteRunner.java:377)\r\n\tat org.testng.SuiteRunner.runSequentially(SuiteRunner.java:371)\r\n\tat org.testng.SuiteRunner.privateRun(SuiteRunner.java:332)\r\n\tat org.testng.SuiteRunner.run(SuiteRunner.java:276)\r\n\tat org.testng.SuiteRunnerWorker.runSuite(SuiteRunnerWorker.java:53)\r\n\tat org.testng.SuiteRunnerWorker.run(SuiteRunnerWorker.java:96)\r\n\tat org.testng.TestNG.runSuitesSequentially(TestNG.java:1212)\r\n\tat org.testng.TestNG.runSuitesLocally(TestNG.java:1134)\r\n\tat org.testng.TestNG.runSuites(TestNG.java:1063)\r\n\tat org.testng.TestNG.run(TestNG.java:1031)\r\n\tat com.intellij.rt.testng.IDEARemoteTestNG.run(IDEARemoteTestNG.java:66)\r\n\tat com.intellij.rt.testng.RemoteTestNGStarter.main(RemoteTestNGStarter.java:109)\r\n"},"stage":"finished","description":"verify user able to create a new patient account","steps":[{"name":"verify ACTICS PRM and Env title displayed on the Home Page","status":"passed","stage":"finished","steps":[{"name":"wait for [[ChromeDriver: chrome on WINDOWS (016caca80ed0691183541325d7b17120)] -> xpath: //span[contains(text(),\"Sandbox: Regression\")]] element to load with default timeout","status":"passed","stage":"finished","steps":[],"attachments":[],"parameters":[{"name":"element","value":"[[ChromeDriver: chrome on WINDOWS (016caca80ed0691183541325d7b17120)] -> xpath: //span[contains(text(),\"Sandbox: Regression\")]]"}],"start":1679747367803,"stop":1679747367904},{"name":"check if element is displayed","status":"passed","stage":"finished","steps":[],"attachments":[],"parameters":[{"name":"element","value":"[[ChromeDriver: chrome on WINDOWS (016caca80ed0691183541325d7b17120)] -> xpath: //span[contains(text(),\"Sandbox: Regression\")]]"}],"start":1679747367928,"stop":1679747367975},{"name":"wait for [[ChromeDriver: chrome on WINDOWS (016caca80ed0691183541325d7b17120)] -> xpath: //span[@title=\"ACTICS PRM\"]] element to load with default timeout","status":"passed","stage":"finished","steps":[],"attachments":[],"parameters":[{"name":"element","value":"[[ChromeDriver: chrome on WINDOWS (016caca80ed0691183541325d7b17120)] -> xpath: //span[@title=\"ACTICS PRM\"]]"}],"start":1679747368020,"stop":1679747368090},{"name":"check if element is displayed","status":"passed","stage":"finished","steps":[],"attachments":[],"parameters":[{"name":"element","value":"[[ChromeDriver: chrome on WINDOWS (016caca80ed0691183541325d7b17120)] -> xpath: //span[@title=\"ACTICS PRM\"]]"}],"start":1679747368109,"stop":1679747368145}],"attachments":[],"parameters":[],"start":1679747361743,"stop":1679747368145},{"name":"click on navigation button dropdown","status":"passed","stage":"finished","steps":[{"name":"wait for [[ChromeDriver: chrome on WINDOWS (016caca80ed0691183541325d7b17120)] -> xpath: //span[contains(text(),\"Show Navigation Menu\")]/parent::button] element to be clickable within 10 seconds","status":"passed","stage":"finished","steps":[],"attachments":[],"parameters":[{"name":"element","value":"[[ChromeDriver: chrome on WINDOWS (016caca80ed0691183541325d7b17120)] -> xpath: //span[contains(text(),\"Show Navigation Menu\")]/parent::button]"},{"name":"timeout","value":"10"}],"start":1679747371267,"stop":1679747371396},{"name":"click on element - [[ChromeDriver: chrome on WINDOWS (016caca80ed0691183541325d7b17120)] -> xpath: //span[contains(text(),\"Show Navigation Menu\")]/parent::button]","status":"passed","stage":"finished","steps":[],"attachments":[],"parameters":[{"name":"element","value":"[[ChromeDriver: chrome on WINDOWS (016caca80ed0691183541325d7b17120)] -> xpath: //span[contains(text(),\"Show Navigation Menu\")]/parent::button]"}],"start":1679747371436,"stop":1679747372617},{"name":"check if element is displayed","status":"passed","stage":"finished","steps":[],"attachments":[],"parameters":[{"name":"element","value":"[[ChromeDriver: chrome on WINDOWS (016caca80ed0691183541325d7b17120)] -> xpath: //div[@id=\"navMenuList\"]]"}],"start":1679747372636,"stop":1679747372666}],"attachments":[],"parameters":[],"start":1679747368145,"stop":1679747374676},{"name":"click on account option from navigation dropdown","status":"passed","stage":"finished","steps":[{"name":"wait for [[ChromeDriver: chrome on WINDOWS (016caca80ed0691183541325d7b17120)] -> xpath: //li[@role=\"presentation\"]//descendant::a[@data-itemid=\"Account\"]] element to be clickable within 60 seconds","status":"passed","stage":"finished","steps":[],"attachments":[],"parameters":[{"name":"element","value":"[[ChromeDriver: chrome on WINDOWS (016caca80ed0691183541325d7b17120)] -> xpath: //li[@role=\"presentation\"]//descendant::a[@data-itemid=\"Account\"]]"},{"name":"timeout","value":"60"}],"start":1679747374736,"stop":1679747374847}],"attachments":[],"parameters":[],"start":1679747374677,"stop":1679747375043},{"name":"verify Account Page title is displayed","status":"passed","stage":"finished","steps":[{"name":"wait for [[ChromeDriver: chrome on WINDOWS (016caca80ed0691183541325d7b17120)] -> xpath: //h1/span[text()=\"Accounts\"]] element to load with default timeout","status":"passed","stage":"finished","steps":[],"attachments":[],"parameters":[{"name":"element","value":"[[ChromeDriver: chrome on WINDOWS (016caca80ed0691183541325d7b17120)] -> xpath: //h1/span[text()=\"Accounts\"]]"}],"start":1679747376044,"stop":1679747376126},{"name":"check if element is displayed","status":"passed","stage":"finished","steps":[],"attachments":[],"parameters":[{"name":"element","value":"[[ChromeDriver: chrome on WINDOWS (016caca80ed0691183541325d7b17120)] -> xpath: //h1/span[text()=\"Accounts\"]]"}],"start":1679747376149,"stop":1679747376181},{"name":"wait for [[ChromeDriver: chrome on WINDOWS (016caca80ed0691183541325d7b17120)] -> xpath: //h1/span[text()=\"Recently Viewed\"]] element to load with default timeout","status":"passed","stage":"finished","steps":[],"attachments":[],"parameters":[{"name":"element","value":"[[ChromeDriver: chrome on WINDOWS (016caca80ed0691183541325d7b17120)] -> xpath: //h1/span[text()=\"Recently Viewed\"]]"}],"start":1679747376212,"stop":1679747376283},{"name":"check if element is displayed","status":"passed","stage":"finished","steps":[],"attachments":[],"parameters":[{"name":"element","value":"[[ChromeDriver: chrome on WINDOWS (016caca80ed0691183541325d7b17120)] -> xpath: //h1/span[text()=\"Recently Viewed\"]]"}],"start":1679747376303,"stop":1679747376336},{"name":"wait for [[ChromeDriver: chrome on WINDOWS (016caca80ed0691183541325d7b17120)] -> xpath: //a[@title=\"New\"]] element to load with default timeout","status":"passed","stage":"finished","steps":[],"attachments":[],"parameters":[{"name":"element","value":"[[ChromeDriver: chrome on WINDOWS (016caca80ed0691183541325d7b17120)] -> xpath: //a[@title=\"New\"]]"}],"start":1679747376369,"stop":1679747376422},{"name":"check if element is displayed","status":"passed","stage":"finished","steps":[],"attachments":[],"parameters":[{"name":"element","value":"[[ChromeDriver: chrome on WINDOWS (016caca80ed0691183541325d7b17120)] -> xpath: //a[@title=\"New\"]]"}],"start":1679747376448,"stop":1679747376495}],"attachments":[],"parameters":[],"start":1679747375045,"stop":1679747376495},{"name":"click on new button","status":"passed","stage":"finished","steps":[{"name":"wait for [[ChromeDriver: chrome on WINDOWS (016caca80ed0691183541325d7b17120)] -> xpath: //a[@title=\"New\"]] element to load within 60 secs","status":"passed","stage":"finished","steps":[],"attachments":[],"parameters":[{"name":"element","value":"[[ChromeDriver: chrome on WINDOWS (016caca80ed0691183541325d7b17120)] -> xpath: //a[@title=\"New\"]]"},{"name":"timeout","value":"60"}],"start":1679747376525,"stop":1679747376592}],"attachments":[],"parameters":[],"start":1679747376495,"stop":1679747376671},{"name":"verify New Account Page title is displayed","status":"passed","stage":"finished","steps":[{"name":"wait for [[ChromeDriver: chrome on WINDOWS (016caca80ed0691183541325d7b17120)] -> xpath: //h2[text()=\"New Account\"]] element to load with default timeout","status":"passed","stage":"finished","steps":[],"attachments":[],"parameters":[{"name":"element","value":"[[ChromeDriver: chrome on WINDOWS (016caca80ed0691183541325d7b17120)] -> xpath: //h2[text()=\"New Account\"]]"}],"start":1679747378406,"stop":1679747378462},{"name":"check if element is displayed","status":"passed","stage":"finished","steps":[],"attachments":[],"parameters":[{"name":"element","value":"[[ChromeDriver: chrome on WINDOWS (016caca80ed0691183541325d7b17120)] -> xpath: //h2[text()=\"New Account\"]]"}],"start":1679747378486,"stop":1679747378532}],"attachments":[],"parameters":[],"start":1679747376671,"stop":1679747378532},{"name":"click on Contact radio button","status":"passed","stage":"finished","steps":[{"name":"wait for [[ChromeDriver: chrome on WINDOWS (016caca80ed0691183541325d7b17120)] -> xpath: //span[text()=\"Contact\"]] element to load within 10 secs","status":"passed","stage":"finished","steps":[],"attachments":[],"parameters":[{"name":"element","value":"[[ChromeDriver: chrome on WINDOWS (016caca80ed0691183541325d7b17120)] -> xpath: //span[text()=\"Contact\"]]"},{"name":"timeout","value":"10"}],"start":1679747378563,"stop":1679747378646}],"attachments":[],"parameters":[],"start":1679747378532,"stop":1679747378723},{"name":"click on Next button","status":"passed","stage":"finished","steps":[{"name":"wait for [[ChromeDriver: chrome on WINDOWS (016caca80ed0691183541325d7b17120)] -> xpath: //span[text()='Next']/parent::button] element to load within 10 secs","status":"passed","stage":"finished","steps":[],"attachments":[],"parameters":[{"name":"element","value":"[[ChromeDriver: chrome on WINDOWS (016caca80ed0691183541325d7b17120)] -> xpath: //span[text()='Next']/parent::button]"},{"name":"timeout","value":"10"}],"start":1679747378782,"stop":1679747378866}],"attachments":[],"parameters":[],"start":1679747378723,"stop":1679747378958},{"name":"select value from contact input lookup","status":"passed","stage":"finished","steps":[{"name":"wait for [[ChromeDriver: chrome on WINDOWS (016caca80ed0691183541325d7b17120)] -> xpath: //label[text()='Person Account']/following-sibling::div/descendant::input] element to load within 10 secs","status":"passed","stage":"finished","steps":[],"attachments":[],"parameters":[{"name":"element","value":"[[ChromeDriver: chrome on WINDOWS (016caca80ed0691183541325d7b17120)] -> xpath: //label[text()='Person Account']/following-sibling::div/descendant::input]"},{"name":"timeout","value":"10"}],"start":1679747382942,"stop":1679747383554}],"attachments":[],"parameters":[{"name":"inputText","value":"Patient Test"}],"start":1679747378959,"stop":1679747385848},{"name":"click next button on Account Information Page","status":"passed","stage":"finished","steps":[{"name":"wait for [[ChromeDriver: chrome on WINDOWS (016caca80ed0691183541325d7b17120)] -> xpath: //button[text()='Next']] element to load within 5 secs","status":"passed","stage":"finished","steps":[],"attachments":[],"parameters":[{"name":"element","value":"[[ChromeDriver: chrome on WINDOWS (016caca80ed0691183541325d7b17120)] -> xpath: //button[text()='Next']]"},{"name":"timeout","value":"5"}],"start":1679747385907,"stop":1679747385977}],"attachments":[],"parameters":[],"start":1679747385848,"stop":1679747386048},{"name":"update the contact details","status":"broken","statusDetails":{"known":false,"muted":false,"flaky":false,"message":"element click intercepted: Element <button lightning-basecombobox_basecombobox=\"\" class=\"slds-combobox__input slds-input_faux slds-combobox__input-value\" id=\"combobox-button-896\" type=\"button\" aria-expanded=\"false\" aria-haspopup=\"listbox\" name=\"PHX_PrimaryContact__c\" role=\"combobox\" data-value=\"--None--\" aria-label=\"Primary, --None--\" aria-required=\"false\" aria-controls=\"dropdown-element-896\">...</button> is not clickable at point (429, 89). Other element would receive the click: <a role=\"tab\" aria-controls=\"578:0\" tabindex=\"-1\" title=\"GanRevcovi GK\" data-tabid=\"ctab0\" aria-selected=\"false\" aria-describedby=\"tabOperation-452:0;p\" href=\"/lightning/r/Account/0010100000TTXRJAA5/view\" class=\"tabHeader slds-context-bar__label-action \" data-aura-rendered-by=\"586:0\">...</a>\n  (Session info: chrome=111.0.5563.65)\nBuild info: version: '3.141.59', revision: 'e82be7d358', time: '2018-11-14T08:17:03'\nSystem info: host: 'NTS-NISHANTKOLT', ip: '192.168.1.5', os.name: 'Windows 10', os.arch: 'amd64', os.version: '10.0', java.version: '11.0.15.1'\nDriver info: org.openqa.selenium.chrome.ChromeDriver\nCapabilities {acceptInsecureCerts: false, browserName: chrome, browserVersion: 111.0.5563.65, chrome: {chromedriverVersion: 111.0.5563.64 (c710e93d5b63..., userDataDir: C:\\Users\\NTS-NI~1\\AppData\\L...}, goog:chromeOptions: {debuggerAddress: localhost:50130}, javascriptEnabled: true, networkConnectionEnabled: false, pageLoadStrategy: normal, platform: WINDOWS, platformName: WINDOWS, proxy: Proxy(), setWindowRect: true, strictFileInteractability: false, timeouts: {implicit: 0, pageLoad: 300000, script: 30000}, unhandledPromptBehavior: dismiss and notify, webauthn:extension:credBlob: true, webauthn:extension:largeBlob: true, webauthn:extension:minPinLength: true, webauthn:extension:prf: true, webauthn:virtualAuthenticators: true}\nSession ID: 016caca80ed0691183541325d7b17120","trace":"org.openqa.selenium.ElementClickInterceptedException: element click intercepted: Element <button lightning-basecombobox_basecombobox=\"\" class=\"slds-combobox__input slds-input_faux slds-combobox__input-value\" id=\"combobox-button-896\" type=\"button\" aria-expanded=\"false\" aria-haspopup=\"listbox\" name=\"PHX_PrimaryContact__c\" role=\"combobox\" data-value=\"--None--\" aria-label=\"Primary, --None--\" aria-required=\"false\" aria-controls=\"dropdown-element-896\">...</button> is not clickable at point (429, 89). Other element would receive the click: <a role=\"tab\" aria-controls=\"578:0\" tabindex=\"-1\" title=\"GanRevcovi GK\" data-tabid=\"ctab0\" aria-selected=\"false\" aria-describedby=\"tabOperation-452:0;p\" href=\"/lightning/r/Account/0010100000TTXRJAA5/view\" class=\"tabHeader slds-context-bar__label-action \" data-aura-rendered-by=\"586:0\">...</a>\n  (Session info: chrome=111.0.5563.65)\nBuild info: version: '3.141.59', revision: 'e82be7d358', time: '2018-11-14T08:17:03'\nSystem info: host: 'NTS-NISHANTKOLT', ip: '192.168.1.5', os.name: 'Windows 10', os.arch: 'amd64', os.version: '10.0', java.version: '11.0.15.1'\nDriver info: org.openqa.selenium.chrome.ChromeDriver\nCapabilities {acceptInsecureCerts: false, browserName: chrome, browserVersion: 111.0.5563.65, chrome: {chromedriverVersion: 111.0.5563.64 (c710e93d5b63..., userDataDir: C:\\Users\\NTS-NI~1\\AppData\\L...}, goog:chromeOptions: {debuggerAddress: localhost:50130}, javascriptEnabled: true, networkConnectionEnabled: false, pageLoadStrategy: normal, platform: WINDOWS, platformName: WINDOWS, proxy: Proxy(), setWindowRect: true, strictFileInteractability: false, timeouts: {implicit: 0, pageLoad: 300000, script: 30000}, unhandledPromptBehavior: dismiss and notify, webauthn:extension:credBlob: true, webauthn:extension:largeBlob: true, webauthn:extension:minPinLength: true, webauthn:extension:prf: true, webauthn:virtualAuthenticators: true}\nSession ID: 016caca80ed0691183541325d7b17120\r\n\tat java.base/jdk.internal.reflect.NativeConstructorAccessorImpl.newInstance0(Native Method)\r\n\tat java.base/jdk.internal.reflect.NativeConstructorAccessorImpl.newInstance(NativeConstructorAccessorImpl.java:62)\r\n\tat java.base/jdk.internal.reflect.DelegatingConstructorAccessorImpl.newInstance(DelegatingConstructorAccessorImpl.java:45)\r\n\tat java.base/java.lang.reflect.Constructor.newInstance(Constructor.java:490)\r\n\tat org.openqa.selenium.remote.http.W3CHttpResponseCodec.createException(W3CHttpResponseCodec.java:187)\r\n\tat org.openqa.selenium.remote.http.W3CHttpResponseCodec.decode(W3CHttpResponseCodec.java:122)\r\n\tat org.openqa.selenium.remote.http.W3CHttpResponseCodec.decode(W3CHttpResponseCodec.java:49)\r\n\tat org.openqa.selenium.remote.HttpCommandExecutor.execute(HttpCommandExecutor.java:158)\r\n\tat org.openqa.selenium.remote.service.DriverCommandExecutor.execute(DriverCommandExecutor.java:83)\r\n\tat org.openqa.selenium.remote.RemoteWebDriver.execute(RemoteWebDriver.java:552)\r\n\tat org.openqa.selenium.remote.RemoteWebElement.execute(RemoteWebElement.java:285)\r\n\tat org.openqa.selenium.remote.RemoteWebElement.click(RemoteWebElement.java:84)\r\n\tat utilities.AppUtils.selectDropDownField(AppUtils.java:166)\r\n\tat pages.AccountPage.updateContactDetails(AccountPage.java:100)\r\n\tat tests.ui.HomePageTest.successful_Login_Test(HomePageTest.java:41)\r\n\tat java.base/jdk.internal.reflect.NativeMethodAccessorImpl.invoke0(Native Method)\r\n\tat java.base/jdk.internal.reflect.NativeMethodAccessorImpl.invoke(NativeMethodAccessorImpl.java:62)\r\n\tat java.base/jdk.internal.reflect.DelegatingMethodAccessorImpl.invoke(DelegatingMethodAccessorImpl.java:43)\r\n\tat java.base/java.lang.reflect.Method.invoke(Method.java:566)\r\n\tat org.testng.internal.MethodInvocationHelper.invokeMethod(MethodInvocationHelper.java:133)\r\n\tat org.testng.internal.TestInvoker.invokeMethod(TestInvoker.java:598)\r\n\tat org.testng.internal.TestInvoker.invokeTestMethod(TestInvoker.java:173)\r\n\tat org.testng.internal.MethodRunner.runInSequence(MethodRunner.java:46)\r\n\tat org.testng.internal.TestInvoker$MethodInvocationAgent.invoke(TestInvoker.java:824)\r\n\tat org.testng.internal.TestInvoker.invokeTestMethods(TestInvoker.java:146)\r\n\tat org.testng.internal.TestMethodWorker.invokeTestMethods(TestMethodWorker.java:146)\r\n\tat org.testng.internal.TestMethodWorker.run(TestMethodWorker.java:128)\r\n\tat java.base/java.util.ArrayList.forEach(ArrayList.java:1541)\r\n\tat org.testng.TestRunner.privateRun(TestRunner.java:794)\r\n\tat org.testng.TestRunner.run(TestRunner.java:596)\r\n\tat org.testng.SuiteRunner.runTest(SuiteRunner.java:377)\r\n\tat org.testng.SuiteRunner.runSequentially(SuiteRunner.java:371)\r\n\tat org.testng.SuiteRunner.privateRun(SuiteRunner.java:332)\r\n\tat org.testng.SuiteRunner.run(SuiteRunner.java:276)\r\n\tat org.testng.SuiteRunnerWorker.runSuite(SuiteRunnerWorker.java:53)\r\n\tat org.testng.SuiteRunnerWorker.run(SuiteRunnerWorker.java:96)\r\n\tat org.testng.TestNG.runSuitesSequentially(TestNG.java:1212)\r\n\tat org.testng.TestNG.runSuitesLocally(TestNG.java:1134)\r\n\tat org.testng.TestNG.runSuites(TestNG.java:1063)\r\n\tat org.testng.TestNG.run(TestNG.java:1031)\r\n\tat com.intellij.rt.testng.IDEARemoteTestNG.run(IDEARemoteTestNG.java:66)\r\n\tat com.intellij.rt.testng.RemoteTestNGStarter.main(RemoteTestNGStarter.java:109)\r\n"},"stage":"finished","steps":[{"name":"select text 'Yes' from dropdown field 'Yes'","status":"broken","statusDetails":{"known":false,"muted":false,"flaky":false,"message":"element click intercepted: Element <button lightning-basecombobox_basecombobox=\"\" class=\"slds-combobox__input slds-input_faux slds-combobox__input-value\" id=\"combobox-button-896\" type=\"button\" aria-expanded=\"false\" aria-haspopup=\"listbox\" name=\"PHX_PrimaryContact__c\" role=\"combobox\" data-value=\"--None--\" aria-label=\"Primary, --None--\" aria-required=\"false\" aria-controls=\"dropdown-element-896\">...</button> is not clickable at point (429, 89). Other element would receive the click: <a role=\"tab\" aria-controls=\"578:0\" tabindex=\"-1\" title=\"GanRevcovi GK\" data-tabid=\"ctab0\" aria-selected=\"false\" aria-describedby=\"tabOperation-452:0;p\" href=\"/lightning/r/Account/0010100000TTXRJAA5/view\" class=\"tabHeader slds-context-bar__label-action \" data-aura-rendered-by=\"586:0\">...</a>\n  (Session info: chrome=111.0.5563.65)\nBuild info: version: '3.141.59', revision: 'e82be7d358', time: '2018-11-14T08:17:03'\nSystem info: host: 'NTS-NISHANTKOLT', ip: '192.168.1.5', os.name: 'Windows 10', os.arch: 'amd64', os.version: '10.0', java.version: '11.0.15.1'\nDriver info: org.openqa.selenium.chrome.ChromeDriver\nCapabilities {acceptInsecureCerts: false, browserName: chrome, browserVersion: 111.0.5563.65, chrome: {chromedriverVersion: 111.0.5563.64 (c710e93d5b63..., userDataDir: C:\\Users\\NTS-NI~1\\AppData\\L...}, goog:chromeOptions: {debuggerAddress: localhost:50130}, javascriptEnabled: true, networkConnectionEnabled: false, pageLoadStrategy: normal, platform: WINDOWS, platformName: WINDOWS, proxy: Proxy(), setWindowRect: true, strictFileInteractability: false, timeouts: {implicit: 0, pageLoad: 300000, script: 30000}, unhandledPromptBehavior: dismiss and notify, webauthn:extension:credBlob: true, webauthn:extension:largeBlob: true, webauthn:extension:minPinLength: true, webauthn:extension:prf: true, webauthn:virtualAuthenticators: true}\nSession ID: 016caca80ed0691183541325d7b17120","trace":"org.openqa.selenium.ElementClickInterceptedException: element click intercepted: Element <button lightning-basecombobox_basecombobox=\"\" class=\"slds-combobox__input slds-input_faux slds-combobox__input-value\" id=\"combobox-button-896\" type=\"button\" aria-expanded=\"false\" aria-haspopup=\"listbox\" name=\"PHX_PrimaryContact__c\" role=\"combobox\" data-value=\"--None--\" aria-label=\"Primary, --None--\" aria-required=\"false\" aria-controls=\"dropdown-element-896\">...</button> is not clickable at point (429, 89). Other element would receive the click: <a role=\"tab\" aria-controls=\"578:0\" tabindex=\"-1\" title=\"GanRevcovi GK\" data-tabid=\"ctab0\" aria-selected=\"false\" aria-describedby=\"tabOperation-452:0;p\" href=\"/lightning/r/Account/0010100000TTXRJAA5/view\" class=\"tabHeader slds-context-bar__label-action \" data-aura-rendered-by=\"586:0\">...</a>\n  (Session info: chrome=111.0.5563.65)\nBuild info: version: '3.141.59', revision: 'e82be7d358', time: '2018-11-14T08:17:03'\nSystem info: host: 'NTS-NISHANTKOLT', ip: '192.168.1.5', os.name: 'Windows 10', os.arch: 'amd64', os.version: '10.0', java.version: '11.0.15.1'\nDriver info: org.openqa.selenium.chrome.ChromeDriver\nCapabilities {acceptInsecureCerts: false, browserName: chrome, browserVersion: 111.0.5563.65, chrome: {chromedriverVersion: 111.0.5563.64 (c710e93d5b63..., userDataDir: C:\\Users\\NTS-NI~1\\AppData\\L...}, goog:chromeOptions: {debuggerAddress: localhost:50130}, javascriptEnabled: true, networkConnectionEnabled: false, pageLoadStrategy: normal, platform: WINDOWS, platformName: WINDOWS, proxy: Proxy(), setWindowRect: true, strictFileInteractability: false, timeouts: {implicit: 0, pageLoad: 300000, script: 30000}, unhandledPromptBehavior: dismiss and notify, webauthn:extension:credBlob: true, webauthn:extension:largeBlob: true, webauthn:extension:minPinLength: true, webauthn:extension:prf: true, webauthn:virtualAuthenticators: true}\nSession ID: 016caca80ed0691183541325d7b17120\r\n\tat java.base/jdk.internal.reflect.NativeConstructorAccessorImpl.newInstance0(Native Method)\r\n\tat java.base/jdk.internal.reflect.NativeConstructorAccessorImpl.newInstance(NativeConstructorAccessorImpl.java:62)\r\n\tat java.base/jdk.internal.reflect.DelegatingConstructorAccessorImpl.newInstance(DelegatingConstructorAccessorImpl.java:45)\r\n\tat java.base/java.lang.reflect.Constructor.newInstance(Constructor.java:490)\r\n\tat org.openqa.selenium.remote.http.W3CHttpResponseCodec.createException(W3CHttpResponseCodec.java:187)\r\n\tat org.openqa.selenium.remote.http.W3CHttpResponseCodec.decode(W3CHttpResponseCodec.java:122)\r\n\tat org.openqa.selenium.remote.http.W3CHttpResponseCodec.decode(W3CHttpResponseCodec.java:49)\r\n\tat org.openqa.selenium.remote.HttpCommandExecutor.execute(HttpCommandExecutor.java:158)\r\n\tat org.openqa.selenium.remote.service.DriverCommandExecutor.execute(DriverCommandExecutor.java:83)\r\n\tat org.openqa.selenium.remote.RemoteWebDriver.execute(RemoteWebDriver.java:552)\r\n\tat org.openqa.selenium.remote.RemoteWebElement.execute(RemoteWebElement.java:285)\r\n\tat org.openqa.selenium.remote.RemoteWebElement.click(RemoteWebElement.java:84)\r\n\tat utilities.AppUtils.selectDropDownField(AppUtils.java:166)\r\n\tat pages.AccountPage.updateContactDetails(AccountPage.java:100)\r\n\tat tests.ui.HomePageTest.successful_Login_Test(HomePageTest.java:41)\r\n\tat java.base/jdk.internal.reflect.NativeMethodAccessorImpl.invoke0(Native Method)\r\n\tat java.base/jdk.internal.reflect.NativeMethodAccessorImpl.invoke(NativeMethodAccessorImpl.java:62)\r\n\tat java.base/jdk.internal.reflect.DelegatingMethodAccessorImpl.invoke(DelegatingMethodAccessorImpl.java:43)\r\n\tat java.base/java.lang.reflect.Method.invoke(Method.java:566)\r\n\tat org.testng.internal.MethodInvocationHelper.invokeMethod(MethodInvocationHelper.java:133)\r\n\tat org.testng.internal.TestInvoker.invokeMethod(TestInvoker.java:598)\r\n\tat org.testng.internal.TestInvoker.invokeTestMethod(TestInvoker.java:173)\r\n\tat org.testng.internal.MethodRunner.runInSequence(MethodRunner.java:46)\r\n\tat org.testng.internal.TestInvoker$MethodInvocationAgent.invoke(TestInvoker.java:824)\r\n\tat org.testng.internal.TestInvoker.invokeTestMethods(TestInvoker.java:146)\r\n\tat org.testng.internal.TestMethodWorker.invokeTestMethods(TestMethodWorker.java:146)\r\n\tat org.testng.internal.TestMethodWorker.run(TestMethodWorker.java:128)\r\n\tat java.base/java.util.ArrayList.forEach(ArrayList.java:1541)\r\n\tat org.testng.TestRunner.privateRun(TestRunner.java:794)\r\n\tat org.testng.TestRunner.run(TestRunner.java:596)\r\n\tat org.testng.SuiteRunner.runTest(SuiteRunner.java:377)\r\n\tat org.testng.SuiteRunner.runSequentially(SuiteRunner.java:371)\r\n\tat org.testng.SuiteRunner.privateRun(SuiteRunner.java:332)\r\n\tat org.testng.SuiteRunner.run(SuiteRunner.java:276)\r\n\tat org.testng.SuiteRunnerWorker.runSuite(SuiteRunnerWorker.java:53)\r\n\tat org.testng.SuiteRunnerWorker.run(SuiteRunnerWorker.java:96)\r\n\tat org.testng.TestNG.runSuitesSequentially(TestNG.java:1212)\r\n\tat org.testng.TestNG.runSuitesLocally(TestNG.java:1134)\r\n\tat org.testng.TestNG.runSuites(TestNG.java:1063)\r\n\tat org.testng.TestNG.run(TestNG.java:1031)\r\n\tat com.intellij.rt.testng.IDEARemoteTestNG.run(IDEARemoteTestNG.java:66)\r\n\tat com.intellij.rt.testng.RemoteTestNGStarter.main(RemoteTestNGStarter.java:109)\r\n"},"stage":"finished","steps":[],"attachments":[],"parameters":[{"name":"value","value":"Yes"},{"name":"label","value":"Primary"}],"start":1679747386048,"stop":1679747389921}],"attachments":[],"parameters":[],"start":1679747386048,"stop":1679747389921}],"attachments":[{"name":"saveFailureScreenShot","source":"52bbd95c-1594-4e36-a4d2-3612e9519205-attachment"}],"parameters":[],"start":1679747361740,"stop":1679747390091,"uuid":"b4232dd5-7ab0-4ae8-8912-8a4285b19a56","historyId":"1c655a8ba9faaa96eaea2f1f5ac376af","fullName":"tests.ui.HomePageTest.successful_Login_Test","labels":[{"name":"package","value":"tests.ui.HomePageTest"},{"name":"testClass","value":"tests.ui.HomePageTest"},{"name":"testMethod","value":"successful_Login_Test"},{"name":"parentSuite","value":"Default Suite"},{"name":"suite","value":"automation_poc-main"},{"name":"subSuite","value":"tests.ui.HomePageTest"},{"name":"host","value":"NTS-NishantKolte"},{"name":"thread","value":"20052@NTS-NishantKolte.main(1)"},{"name":"framework","value":"testng"},{"name":"language","value":"java"},{"name":"story","value":"story_id: 001 - successful login and create a patient account"},{"name":"feature","value":"HomePage feature"},{"name":"severity","value":"critical"}],"links":[]}