{"name":"verify successful login test","status":"broken","statusDetails":{"known":false,"muted":false,"flaky":false,"message":"element click intercepted: Element <button lightning-basecombobox_basecombobox=\"\" class=\"slds-combobox__input slds-input_faux slds-combobox__input-value\" id=\"combobox-button-570\" type=\"button\" aria-expanded=\"false\" aria-haspopup=\"listbox\" name=\"PHX_PrimaryContact__c\" role=\"combobox\" data-value=\"--None--\" aria-label=\"Primary, --None--\" aria-required=\"false\" aria-controls=\"dropdown-element-570\">...</button> is not clickable at point (429, 89). Other element would receive the click: <a role=\"tab\" aria-controls=\"1628:0\" tabindex=\"-1\" title=\"07558164\" data-tabid=\"ctab4\" aria-selected=\"false\" aria-describedby=\"tabOperation-454:0;p\" href=\"/lightning/r/Case/500010000081iaMAAQ/view\" class=\"tabHeader slds-context-bar__label-action \" data-aura-rendered-by=\"1636:0\">...</a>\n  (Session info: chrome=111.0.5563.65)\nBuild info: version: '3.141.59', revision: 'e82be7d358', time: '2018-11-14T08:17:03'\nSystem info: host: 'NTS-NISHANTKOLT', ip: '192.168.1.5', os.name: 'Windows 10', os.arch: 'amd64', os.version: '10.0', java.version: '11.0.15.1'\nDriver info: org.openqa.selenium.chrome.ChromeDriver\nCapabilities {acceptInsecureCerts: false, browserName: chrome, browserVersion: 111.0.5563.65, chrome: {chromedriverVersion: 111.0.5563.64 (c710e93d5b63..., userDataDir: C:\\Users\\NTS-NI~1\\AppData\\L...}, goog:chromeOptions: {debuggerAddress: localhost:62750}, javascriptEnabled: true, networkConnectionEnabled: false, pageLoadStrategy: normal, platform: WINDOWS, platformName: WINDOWS, proxy: Proxy(), setWindowRect: true, strictFileInteractability: false, timeouts: {implicit: 0, pageLoad: 300000, script: 30000}, unhandledPromptBehavior: dismiss and notify, webauthn:extension:credBlob: true, webauthn:extension:largeBlob: true, webauthn:extension:minPinLength: true, webauthn:extension:prf: true, webauthn:virtualAuthenticators: true}\nSession ID: de7006b897727e7a2d656bddbec1a06a","trace":"org.openqa.selenium.ElementClickInterceptedException: element click intercepted: Element <button lightning-basecombobox_basecombobox=\"\" class=\"slds-combobox__input slds-input_faux slds-combobox__input-value\" id=\"combobox-button-570\" type=\"button\" aria-expanded=\"false\" aria-haspopup=\"listbox\" name=\"PHX_PrimaryContact__c\" role=\"combobox\" data-value=\"--None--\" aria-label=\"Primary, --None--\" aria-required=\"false\" aria-controls=\"dropdown-element-570\">...</button> is not clickable at point (429, 89). Other element would receive the click: <a role=\"tab\" aria-controls=\"1628:0\" tabindex=\"-1\" title=\"07558164\" data-tabid=\"ctab4\" aria-selected=\"false\" aria-describedby=\"tabOperation-454:0;p\" href=\"/lightning/r/Case/500010000081iaMAAQ/view\" class=\"tabHeader slds-context-bar__label-action \" data-aura-rendered-by=\"1636:0\">...</a>\n  (Session info: chrome=111.0.5563.65)\nBuild info: version: '3.141.59', revision: 'e82be7d358', time: '2018-11-14T08:17:03'\nSystem info: host: 'NTS-NISHANTKOLT', ip: '192.168.1.5', os.name: 'Windows 10', os.arch: 'amd64', os.version: '10.0', java.version: '11.0.15.1'\nDriver info: org.openqa.selenium.chrome.ChromeDriver\nCapabilities {acceptInsecureCerts: false, browserName: chrome, browserVersion: 111.0.5563.65, chrome: {chromedriverVersion: 111.0.5563.64 (c710e93d5b63..., userDataDir: C:\\Users\\NTS-NI~1\\AppData\\L...}, goog:chromeOptions: {debuggerAddress: localhost:62750}, javascriptEnabled: true, networkConnectionEnabled: false, pageLoadStrategy: normal, platform: WINDOWS, platformName: WINDOWS, proxy: Proxy(), setWindowRect: true, strictFileInteractability: false, timeouts: {implicit: 0, pageLoad: 300000, script: 30000}, unhandledPromptBehavior: dismiss and notify, webauthn:extension:credBlob: true, webauthn:extension:largeBlob: true, webauthn:extension:minPinLength: true, webauthn:extension:prf: true, webauthn:virtualAuthenticators: true}\nSession ID: de7006b897727e7a2d656bddbec1a06a\r\n\tat java.base/jdk.internal.reflect.NativeConstructorAccessorImpl.newInstance0(Native Method)\r\n\tat java.base/jdk.internal.reflect.NativeConstructorAccessorImpl.newInstance(NativeConstructorAccessorImpl.java:62)\r\n\tat java.base/jdk.internal.reflect.DelegatingConstructorAccessorImpl.newInstance(DelegatingConstructorAccessorImpl.java:45)\r\n\tat java.base/java.lang.reflect.Constructor.newInstance(Constructor.java:490)\r\n\tat org.openqa.selenium.remote.http.W3CHttpResponseCodec.createException(W3CHttpResponseCodec.java:187)\r\n\tat org.openqa.selenium.remote.http.W3CHttpResponseCodec.decode(W3CHttpResponseCodec.java:122)\r\n\tat org.openqa.selenium.remote.http.W3CHttpResponseCodec.decode(W3CHttpResponseCodec.java:49)\r\n\tat org.openqa.selenium.remote.HttpCommandExecutor.execute(HttpCommandExecutor.java:158)\r\n\tat org.openqa.selenium.remote.service.DriverCommandExecutor.execute(DriverCommandExecutor.java:83)\r\n\tat org.openqa.selenium.remote.RemoteWebDriver.execute(RemoteWebDriver.java:552)\r\n\tat org.openqa.selenium.remote.RemoteWebElement.execute(RemoteWebElement.java:285)\r\n\tat org.openqa.selenium.remote.RemoteWebElement.click(RemoteWebElement.java:84)\r\n\tat utilities.AppUtils.selectDropDownField(AppUtils.java:161)\r\n\tat pages.AccountPage.updateContactDetails(AccountPage.java:114)\r\n\tat tests.ui.HomePageTest.successful_Login_Test(HomePageTest.java:41)\r\n\tat java.base/jdk.internal.reflect.NativeMethodAccessorImpl.invoke0(Native Method)\r\n\tat java.base/jdk.internal.reflect.NativeMethodAccessorImpl.invoke(NativeMethodAccessorImpl.java:62)\r\n\tat java.base/jdk.internal.reflect.DelegatingMethodAccessorImpl.invoke(DelegatingMethodAccessorImpl.java:43)\r\n\tat java.base/java.lang.reflect.Method.invoke(Method.java:566)\r\n\tat org.testng.internal.MethodInvocationHelper.invokeMethod(MethodInvocationHelper.java:133)\r\n\tat org.testng.internal.TestInvoker.invokeMethod(TestInvoker.java:598)\r\n\tat org.testng.internal.TestInvoker.invokeTestMethod(TestInvoker.java:173)\r\n\tat org.testng.internal.MethodRunner.runInSequence(MethodRunner.java:46)\r\n\tat org.testng.internal.TestInvoker$MethodInvocationAgent.invoke(TestInvoker.java:824)\r\n\tat org.testng.internal.TestInvoker.invokeTestMethods(TestInvoker.java:146)\r\n\tat org.testng.internal.TestMethodWorker.invokeTestMethods(TestMethodWorker.java:146)\r\n\tat org.testng.internal.TestMethodWorker.run(TestMethodWorker.java:128)\r\n\tat java.base/java.util.ArrayList.forEach(ArrayList.java:1541)\r\n\tat org.testng.TestRunner.privateRun(TestRunner.java:794)\r\n\tat org.testng.TestRunner.run(TestRunner.java:596)\r\n\tat org.testng.SuiteRunner.runTest(SuiteRunner.java:377)\r\n\tat org.testng.SuiteRunner.runSequentially(SuiteRunner.java:371)\r\n\tat org.testng.SuiteRunner.privateRun(SuiteRunner.java:332)\r\n\tat org.testng.SuiteRunner.run(SuiteRunner.java:276)\r\n\tat org.testng.SuiteRunnerWorker.runSuite(SuiteRunnerWorker.java:53)\r\n\tat org.testng.SuiteRunnerWorker.run(SuiteRunnerWorker.java:96)\r\n\tat org.testng.TestNG.runSuitesSequentially(TestNG.java:1212)\r\n\tat org.testng.TestNG.runSuitesLocally(TestNG.java:1134)\r\n\tat org.testng.TestNG.runSuites(TestNG.java:1063)\r\n\tat org.testng.TestNG.run(TestNG.java:1031)\r\n\tat com.intellij.rt.testng.IDEARemoteTestNG.run(IDEARemoteTestNG.java:66)\r\n\tat com.intellij.rt.testng.RemoteTestNGStarter.main(RemoteTestNGStarter.java:109)\r\n"},"stage":"finished","description":"verify user able to create a new patient account","steps":[{"name":"verify ACTICS PRM and Env title displayed on the Home Page","status":"passed","stage":"finished","steps":[{"name":"wait for [[ChromeDriver: chrome on WINDOWS (de7006b897727e7a2d656bddbec1a06a)] -> xpath: //span[contains(text(),\"Sandbox: Regression\")]] element to load with default timeout","status":"passed","stage":"finished","steps":[],"attachments":[],"parameters":[{"name":"element","value":"[[ChromeDriver: chrome on WINDOWS (de7006b897727e7a2d656bddbec1a06a)] -> xpath: //span[contains(text(),\"Sandbox: Regression\")]]"}],"start":1679765817505,"stop":1679765817632},{"name":"check if element is displayed","status":"passed","stage":"finished","steps":[],"attachments":[],"parameters":[{"name":"element","value":"[[ChromeDriver: chrome on WINDOWS (de7006b897727e7a2d656bddbec1a06a)] -> xpath: //span[contains(text(),\"Sandbox: Regression\")]]"}],"start":1679765817658,"stop":1679765817724},{"name":"wait for [[ChromeDriver: chrome on WINDOWS (de7006b897727e7a2d656bddbec1a06a)] -> xpath: //span[@title=\"ACTICS PRM\"]] element to load with default timeout","status":"passed","stage":"finished","steps":[],"attachments":[],"parameters":[{"name":"element","value":"[[ChromeDriver: chrome on WINDOWS (de7006b897727e7a2d656bddbec1a06a)] -> xpath: //span[@title=\"ACTICS PRM\"]]"}],"start":1679765817792,"stop":1679765817929},{"name":"check if element is displayed","status":"passed","stage":"finished","steps":[],"attachments":[],"parameters":[{"name":"element","value":"[[ChromeDriver: chrome on WINDOWS (de7006b897727e7a2d656bddbec1a06a)] -> xpath: //span[@title=\"ACTICS PRM\"]]"}],"start":1679765817957,"stop":1679765818037}],"attachments":[],"parameters":[],"start":1679765808879,"stop":1679765818037},{"name":"close all open tabs","status":"passed","stage":"finished","steps":[{"name":"click on element - [[ChromeDriver: chrome on WINDOWS (de7006b897727e7a2d656bddbec1a06a)] -> xpath: //button[contains(@title,'Close')]]","status":"passed","stage":"finished","steps":[],"attachments":[],"parameters":[{"name":"element","value":"[[ChromeDriver: chrome on WINDOWS (de7006b897727e7a2d656bddbec1a06a)] -> xpath: //button[contains(@title,'Close')]]"}],"start":1679765819093,"stop":1679765820208},{"name":"click on element - [[ChromeDriver: chrome on WINDOWS (de7006b897727e7a2d656bddbec1a06a)] -> xpath: //button[contains(@title,'Close')]]","status":"passed","stage":"finished","steps":[],"attachments":[],"parameters":[{"name":"element","value":"[[ChromeDriver: chrome on WINDOWS (de7006b897727e7a2d656bddbec1a06a)] -> xpath: //button[contains(@title,'Close')]]"}],"start":1679765821208,"stop":1679765822323},{"name":"click on element - [[ChromeDriver: chrome on WINDOWS (de7006b897727e7a2d656bddbec1a06a)] -> xpath: //button[contains(@title,'Close')]]","status":"passed","stage":"finished","steps":[],"attachments":[],"parameters":[{"name":"element","value":"[[ChromeDriver: chrome on WINDOWS (de7006b897727e7a2d656bddbec1a06a)] -> xpath: //button[contains(@title,'Close')]]"}],"start":1679765823325,"stop":1679765824442},{"name":"click on element - [[ChromeDriver: chrome on WINDOWS (de7006b897727e7a2d656bddbec1a06a)] -> xpath: //button[contains(@title,'Close')]]","status":"passed","stage":"finished","steps":[],"attachments":[],"parameters":[{"name":"element","value":"[[ChromeDriver: chrome on WINDOWS (de7006b897727e7a2d656bddbec1a06a)] -> xpath: //button[contains(@title,'Close')]]"}],"start":1679765825446,"stop":1679765826548}],"attachments":[],"parameters":[],"start":1679765818037,"stop":1679765826548},{"name":"click on navigation button dropdown","status":"passed","stage":"finished","steps":[{"name":"wait for [[ChromeDriver: chrome on WINDOWS (de7006b897727e7a2d656bddbec1a06a)] -> xpath: //span[contains(text(),\"Show Navigation Menu\")]/parent::button] element to be clickable within 10 seconds","status":"passed","stage":"finished","steps":[],"attachments":[],"parameters":[{"name":"element","value":"[[ChromeDriver: chrome on WINDOWS (de7006b897727e7a2d656bddbec1a06a)] -> xpath: //span[contains(text(),\"Show Navigation Menu\")]/parent::button]"},{"name":"timeout","value":"10"}],"start":1679765829614,"stop":1679765829743},{"name":"click on element - [[ChromeDriver: chrome on WINDOWS (de7006b897727e7a2d656bddbec1a06a)] -> xpath: //span[contains(text(),\"Show Navigation Menu\")]/parent::button]","status":"passed","stage":"finished","steps":[],"attachments":[],"parameters":[{"name":"element","value":"[[ChromeDriver: chrome on WINDOWS (de7006b897727e7a2d656bddbec1a06a)] -> xpath: //span[contains(text(),\"Show Navigation Menu\")]/parent::button]"}],"start":1679765829802,"stop":1679765831046},{"name":"check if element is displayed","status":"passed","stage":"finished","steps":[],"attachments":[],"parameters":[{"name":"element","value":"[[ChromeDriver: chrome on WINDOWS (de7006b897727e7a2d656bddbec1a06a)] -> xpath: //div[@id=\"navMenuList\"]]"}],"start":1679765831074,"stop":1679765831117}],"attachments":[],"parameters":[],"start":1679765826548,"stop":1679765833129},{"name":"click on account option from navigation dropdown","status":"passed","stage":"finished","steps":[{"name":"wait for [[ChromeDriver: chrome on WINDOWS (de7006b897727e7a2d656bddbec1a06a)] -> xpath: //li[@role=\"presentation\"]//descendant::a[@data-itemid=\"Account\"]] element to be clickable within 10 seconds","status":"passed","stage":"finished","steps":[],"attachments":[],"parameters":[{"name":"element","value":"[[ChromeDriver: chrome on WINDOWS (de7006b897727e7a2d656bddbec1a06a)] -> xpath: //li[@role=\"presentation\"]//descendant::a[@data-itemid=\"Account\"]]"},{"name":"timeout","value":"10"}],"start":1679765833187,"stop":1679765833301}],"attachments":[],"parameters":[],"start":1679765833130,"stop":1679765833590},{"name":"verify Account Page title is displayed","status":"passed","stage":"finished","steps":[{"name":"wait for [[ChromeDriver: chrome on WINDOWS (de7006b897727e7a2d656bddbec1a06a)] -> xpath: //h1/span[text()=\"Accounts\"]] element to load with default timeout","status":"passed","stage":"finished","steps":[],"attachments":[],"parameters":[{"name":"element","value":"[[ChromeDriver: chrome on WINDOWS (de7006b897727e7a2d656bddbec1a06a)] -> xpath: //h1/span[text()=\"Accounts\"]]"}],"start":1679765833980,"stop":1679765834047},{"name":"check if element is displayed","status":"passed","stage":"finished","steps":[],"attachments":[],"parameters":[{"name":"element","value":"[[ChromeDriver: chrome on WINDOWS (de7006b897727e7a2d656bddbec1a06a)] -> xpath: //h1/span[text()=\"Accounts\"]]"}],"start":1679765834073,"stop":1679765834129},{"name":"wait for [[ChromeDriver: chrome on WINDOWS (de7006b897727e7a2d656bddbec1a06a)] -> xpath: //h1/span[text()=\"Recently Viewed\"]] element to load with default timeout","status":"passed","stage":"finished","steps":[],"attachments":[],"parameters":[{"name":"element","value":"[[ChromeDriver: chrome on WINDOWS (de7006b897727e7a2d656bddbec1a06a)] -> xpath: //h1/span[text()=\"Recently Viewed\"]]"}],"start":1679765834189,"stop":1679765834294},{"name":"check if element is displayed","status":"passed","stage":"finished","steps":[],"attachments":[],"parameters":[{"name":"element","value":"[[ChromeDriver: chrome on WINDOWS (de7006b897727e7a2d656bddbec1a06a)] -> xpath: //h1/span[text()=\"Recently Viewed\"]]"}],"start":1679765834325,"stop":1679765834391},{"name":"wait for [[ChromeDriver: chrome on WINDOWS (de7006b897727e7a2d656bddbec1a06a)] -> xpath: //a[@title=\"New\"]] element to load with default timeout","status":"passed","stage":"finished","steps":[],"attachments":[],"parameters":[{"name":"element","value":"[[ChromeDriver: chrome on WINDOWS (de7006b897727e7a2d656bddbec1a06a)] -> xpath: //a[@title=\"New\"]]"}],"start":1679765834446,"stop":1679765834528},{"name":"check if element is displayed","status":"passed","stage":"finished","steps":[],"attachments":[],"parameters":[{"name":"element","value":"[[ChromeDriver: chrome on WINDOWS (de7006b897727e7a2d656bddbec1a06a)] -> xpath: //a[@title=\"New\"]]"}],"start":1679765834553,"stop":1679765834599}],"attachments":[],"parameters":[],"start":1679765833590,"stop":1679765834599},{"name":"click on new button","status":"passed","stage":"finished","steps":[{"name":"wait for [[ChromeDriver: chrome on WINDOWS (de7006b897727e7a2d656bddbec1a06a)] -> xpath: //a[@title=\"New\"]] element to load within 60 secs","status":"passed","stage":"finished","steps":[],"attachments":[],"parameters":[{"name":"element","value":"[[ChromeDriver: chrome on WINDOWS (de7006b897727e7a2d656bddbec1a06a)] -> xpath: //a[@title=\"New\"]]"},{"name":"timeout","value":"60"}],"start":1679765834629,"stop":1679765834713}],"attachments":[],"parameters":[],"start":1679765834599,"stop":1679765834801},{"name":"verify New Account Page title is displayed","status":"passed","stage":"finished","steps":[{"name":"wait for [[ChromeDriver: chrome on WINDOWS (de7006b897727e7a2d656bddbec1a06a)] -> xpath: //h2[text()=\"New Account\"]] element to load with default timeout","status":"passed","stage":"finished","steps":[],"attachments":[],"parameters":[{"name":"element","value":"[[ChromeDriver: chrome on WINDOWS (de7006b897727e7a2d656bddbec1a06a)] -> xpath: //h2[text()=\"New Account\"]]"}],"start":1679765836458,"stop":1679765836551},{"name":"check if element is displayed","status":"passed","stage":"finished","steps":[],"attachments":[],"parameters":[{"name":"element","value":"[[ChromeDriver: chrome on WINDOWS (de7006b897727e7a2d656bddbec1a06a)] -> xpath: //h2[text()=\"New Account\"]]"}],"start":1679765836575,"stop":1679765836625}],"attachments":[],"parameters":[],"start":1679765834803,"stop":1679765836625},{"name":"click on Contact radio button","status":"passed","stage":"finished","steps":[{"name":"wait for [[ChromeDriver: chrome on WINDOWS (de7006b897727e7a2d656bddbec1a06a)] -> xpath: //span[text()=\"Contact\"]] element to load within 10 secs","status":"passed","stage":"finished","steps":[],"attachments":[],"parameters":[{"name":"element","value":"[[ChromeDriver: chrome on WINDOWS (de7006b897727e7a2d656bddbec1a06a)] -> xpath: //span[text()=\"Contact\"]]"},{"name":"timeout","value":"10"}],"start":1679765836692,"stop":1679765836781}],"attachments":[],"parameters":[],"start":1679765836625,"stop":1679765836878},{"name":"click on Next button","status":"passed","stage":"finished","steps":[{"name":"wait for [[ChromeDriver: chrome on WINDOWS (de7006b897727e7a2d656bddbec1a06a)] -> xpath: //span[text()='Next']/parent::button] element to load within 10 secs","status":"passed","stage":"finished","steps":[],"attachments":[],"parameters":[{"name":"element","value":"[[ChromeDriver: chrome on WINDOWS (de7006b897727e7a2d656bddbec1a06a)] -> xpath: //span[text()='Next']/parent::button]"},{"name":"timeout","value":"10"}],"start":1679765836930,"stop":1679765837026}],"attachments":[],"parameters":[],"start":1679765836878,"stop":1679765837142},{"name":"select value from contact input lookup","status":"passed","stage":"finished","steps":[{"name":"wait for [[ChromeDriver: chrome on WINDOWS (de7006b897727e7a2d656bddbec1a06a)] -> xpath: //label[text()='Person Account']/following-sibling::div/descendant::input] element to load within 10 secs","status":"passed","stage":"finished","steps":[],"attachments":[],"parameters":[{"name":"element","value":"[[ChromeDriver: chrome on WINDOWS (de7006b897727e7a2d656bddbec1a06a)] -> xpath: //label[text()='Person Account']/following-sibling::div/descendant::input]"},{"name":"timeout","value":"10"}],"start":1679765840619,"stop":1679765841264}],"attachments":[],"parameters":[{"name":"inputText","value":"Patient Test"}],"start":1679765837142,"stop":1679765848997},{"name":"click next button on Account Information Page","status":"passed","stage":"finished","steps":[{"name":"wait for [[ChromeDriver: chrome on WINDOWS (de7006b897727e7a2d656bddbec1a06a)] -> xpath: //button[text()='Next']] element to load within 5 secs","status":"passed","stage":"finished","steps":[],"attachments":[],"parameters":[{"name":"element","value":"[[ChromeDriver: chrome on WINDOWS (de7006b897727e7a2d656bddbec1a06a)] -> xpath: //button[text()='Next']]"},{"name":"timeout","value":"5"}],"start":1679765849048,"stop":1679765849145}],"attachments":[],"parameters":[],"start":1679765848997,"stop":1679765849235},{"name":"update the contact details","status":"broken","statusDetails":{"known":false,"muted":false,"flaky":false,"message":"element click intercepted: Element <button lightning-basecombobox_basecombobox=\"\" class=\"slds-combobox__input slds-input_faux slds-combobox__input-value\" id=\"combobox-button-570\" type=\"button\" aria-expanded=\"false\" aria-haspopup=\"listbox\" name=\"PHX_PrimaryContact__c\" role=\"combobox\" data-value=\"--None--\" aria-label=\"Primary, --None--\" aria-required=\"false\" aria-controls=\"dropdown-element-570\">...</button> is not clickable at point (429, 89). Other element would receive the click: <a role=\"tab\" aria-controls=\"1628:0\" tabindex=\"-1\" title=\"07558164\" data-tabid=\"ctab4\" aria-selected=\"false\" aria-describedby=\"tabOperation-454:0;p\" href=\"/lightning/r/Case/500010000081iaMAAQ/view\" class=\"tabHeader slds-context-bar__label-action \" data-aura-rendered-by=\"1636:0\">...</a>\n  (Session info: chrome=111.0.5563.65)\nBuild info: version: '3.141.59', revision: 'e82be7d358', time: '2018-11-14T08:17:03'\nSystem info: host: 'NTS-NISHANTKOLT', ip: '192.168.1.5', os.name: 'Windows 10', os.arch: 'amd64', os.version: '10.0', java.version: '11.0.15.1'\nDriver info: org.openqa.selenium.chrome.ChromeDriver\nCapabilities {acceptInsecureCerts: false, browserName: chrome, browserVersion: 111.0.5563.65, chrome: {chromedriverVersion: 111.0.5563.64 (c710e93d5b63..., userDataDir: C:\\Users\\NTS-NI~1\\AppData\\L...}, goog:chromeOptions: {debuggerAddress: localhost:62750}, javascriptEnabled: true, networkConnectionEnabled: false, pageLoadStrategy: normal, platform: WINDOWS, platformName: WINDOWS, proxy: Proxy(), setWindowRect: true, strictFileInteractability: false, timeouts: {implicit: 0, pageLoad: 300000, script: 30000}, unhandledPromptBehavior: dismiss and notify, webauthn:extension:credBlob: true, webauthn:extension:largeBlob: true, webauthn:extension:minPinLength: true, webauthn:extension:prf: true, webauthn:virtualAuthenticators: true}\nSession ID: de7006b897727e7a2d656bddbec1a06a","trace":"org.openqa.selenium.ElementClickInterceptedException: element click intercepted: Element <button lightning-basecombobox_basecombobox=\"\" class=\"slds-combobox__input slds-input_faux slds-combobox__input-value\" id=\"combobox-button-570\" type=\"button\" aria-expanded=\"false\" aria-haspopup=\"listbox\" name=\"PHX_PrimaryContact__c\" role=\"combobox\" data-value=\"--None--\" aria-label=\"Primary, --None--\" aria-required=\"false\" aria-controls=\"dropdown-element-570\">...</button> is not clickable at point (429, 89). Other element would receive the click: <a role=\"tab\" aria-controls=\"1628:0\" tabindex=\"-1\" title=\"07558164\" data-tabid=\"ctab4\" aria-selected=\"false\" aria-describedby=\"tabOperation-454:0;p\" href=\"/lightning/r/Case/500010000081iaMAAQ/view\" class=\"tabHeader slds-context-bar__label-action \" data-aura-rendered-by=\"1636:0\">...</a>\n  (Session info: chrome=111.0.5563.65)\nBuild info: version: '3.141.59', revision: 'e82be7d358', time: '2018-11-14T08:17:03'\nSystem info: host: 'NTS-NISHANTKOLT', ip: '192.168.1.5', os.name: 'Windows 10', os.arch: 'amd64', os.version: '10.0', java.version: '11.0.15.1'\nDriver info: org.openqa.selenium.chrome.ChromeDriver\nCapabilities {acceptInsecureCerts: false, browserName: chrome, browserVersion: 111.0.5563.65, chrome: {chromedriverVersion: 111.0.5563.64 (c710e93d5b63..., userDataDir: C:\\Users\\NTS-NI~1\\AppData\\L...}, goog:chromeOptions: {debuggerAddress: localhost:62750}, javascriptEnabled: true, networkConnectionEnabled: false, pageLoadStrategy: normal, platform: WINDOWS, platformName: WINDOWS, proxy: Proxy(), setWindowRect: true, strictFileInteractability: false, timeouts: {implicit: 0, pageLoad: 300000, script: 30000}, unhandledPromptBehavior: dismiss and notify, webauthn:extension:credBlob: true, webauthn:extension:largeBlob: true, webauthn:extension:minPinLength: true, webauthn:extension:prf: true, webauthn:virtualAuthenticators: true}\nSession ID: de7006b897727e7a2d656bddbec1a06a\r\n\tat java.base/jdk.internal.reflect.NativeConstructorAccessorImpl.newInstance0(Native Method)\r\n\tat java.base/jdk.internal.reflect.NativeConstructorAccessorImpl.newInstance(NativeConstructorAccessorImpl.java:62)\r\n\tat java.base/jdk.internal.reflect.DelegatingConstructorAccessorImpl.newInstance(DelegatingConstructorAccessorImpl.java:45)\r\n\tat java.base/java.lang.reflect.Constructor.newInstance(Constructor.java:490)\r\n\tat org.openqa.selenium.remote.http.W3CHttpResponseCodec.createException(W3CHttpResponseCodec.java:187)\r\n\tat org.openqa.selenium.remote.http.W3CHttpResponseCodec.decode(W3CHttpResponseCodec.java:122)\r\n\tat org.openqa.selenium.remote.http.W3CHttpResponseCodec.decode(W3CHttpResponseCodec.java:49)\r\n\tat org.openqa.selenium.remote.HttpCommandExecutor.execute(HttpCommandExecutor.java:158)\r\n\tat org.openqa.selenium.remote.service.DriverCommandExecutor.execute(DriverCommandExecutor.java:83)\r\n\tat org.openqa.selenium.remote.RemoteWebDriver.execute(RemoteWebDriver.java:552)\r\n\tat org.openqa.selenium.remote.RemoteWebElement.execute(RemoteWebElement.java:285)\r\n\tat org.openqa.selenium.remote.RemoteWebElement.click(RemoteWebElement.java:84)\r\n\tat utilities.AppUtils.selectDropDownField(AppUtils.java:161)\r\n\tat pages.AccountPage.updateContactDetails(AccountPage.java:114)\r\n\tat tests.ui.HomePageTest.successful_Login_Test(HomePageTest.java:41)\r\n\tat java.base/jdk.internal.reflect.NativeMethodAccessorImpl.invoke0(Native Method)\r\n\tat java.base/jdk.internal.reflect.NativeMethodAccessorImpl.invoke(NativeMethodAccessorImpl.java:62)\r\n\tat java.base/jdk.internal.reflect.DelegatingMethodAccessorImpl.invoke(DelegatingMethodAccessorImpl.java:43)\r\n\tat java.base/java.lang.reflect.Method.invoke(Method.java:566)\r\n\tat org.testng.internal.MethodInvocationHelper.invokeMethod(MethodInvocationHelper.java:133)\r\n\tat org.testng.internal.TestInvoker.invokeMethod(TestInvoker.java:598)\r\n\tat org.testng.internal.TestInvoker.invokeTestMethod(TestInvoker.java:173)\r\n\tat org.testng.internal.MethodRunner.runInSequence(MethodRunner.java:46)\r\n\tat org.testng.internal.TestInvoker$MethodInvocationAgent.invoke(TestInvoker.java:824)\r\n\tat org.testng.internal.TestInvoker.invokeTestMethods(TestInvoker.java:146)\r\n\tat org.testng.internal.TestMethodWorker.invokeTestMethods(TestMethodWorker.java:146)\r\n\tat org.testng.internal.TestMethodWorker.run(TestMethodWorker.java:128)\r\n\tat java.base/java.util.ArrayList.forEach(ArrayList.java:1541)\r\n\tat org.testng.TestRunner.privateRun(TestRunner.java:794)\r\n\tat org.testng.TestRunner.run(TestRunner.java:596)\r\n\tat org.testng.SuiteRunner.runTest(SuiteRunner.java:377)\r\n\tat org.testng.SuiteRunner.runSequentially(SuiteRunner.java:371)\r\n\tat org.testng.SuiteRunner.privateRun(SuiteRunner.java:332)\r\n\tat org.testng.SuiteRunner.run(SuiteRunner.java:276)\r\n\tat org.testng.SuiteRunnerWorker.runSuite(SuiteRunnerWorker.java:53)\r\n\tat org.testng.SuiteRunnerWorker.run(SuiteRunnerWorker.java:96)\r\n\tat org.testng.TestNG.runSuitesSequentially(TestNG.java:1212)\r\n\tat org.testng.TestNG.runSuitesLocally(TestNG.java:1134)\r\n\tat org.testng.TestNG.runSuites(TestNG.java:1063)\r\n\tat org.testng.TestNG.run(TestNG.java:1031)\r\n\tat com.intellij.rt.testng.IDEARemoteTestNG.run(IDEARemoteTestNG.java:66)\r\n\tat com.intellij.rt.testng.RemoteTestNGStarter.main(RemoteTestNGStarter.java:109)\r\n"},"stage":"finished","steps":[{"name":"enter text 'test first name contact' in field 'First Name'","status":"passed","stage":"finished","steps":[],"attachments":[],"parameters":[{"name":"value","value":"test first name contact"},{"name":"label","value":"First Name"}],"start":1679765849236,"stop":1679765851713},{"name":"enter text 'test middle name contact' in field 'Middle Name'","status":"passed","stage":"finished","steps":[],"attachments":[],"parameters":[{"name":"value","value":"test middle name contact"},{"name":"label","value":"Middle Name"}],"start":1679765851713,"stop":1679765853044},{"name":"enter text 'test Last Name contact' in field 'Last Name'","status":"passed","stage":"finished","steps":[],"attachments":[],"parameters":[{"name":"value","value":"test Last Name contact"},{"name":"label","value":"Last Name"}],"start":1679765853045,"stop":1679765854361},{"name":"select value 'Role' from input lookup 'Father'","status":"passed","stage":"finished","steps":[],"attachments":[],"parameters":[{"name":"label","value":"Role"},{"name":"inputText","value":"Father"}],"start":1679765854361,"stop":1679765855590},{"name":"enter text '1122334455' in field 'Home Phone'","status":"passed","stage":"finished","steps":[],"attachments":[],"parameters":[{"name":"value","value":"1122334455"},{"name":"label","value":"Home Phone"}],"start":1679765855591,"stop":1679765856869},{"name":"enter text '9988776655' in field 'Mobile Phone'","status":"passed","stage":"finished","steps":[],"attachments":[],"parameters":[{"name":"value","value":"9988776655"},{"name":"label","value":"Mobile Phone"}],"start":1679765856869,"stop":1679765858140},{"name":"select text 'Yes' from dropdown field 'Primary'","status":"broken","statusDetails":{"known":false,"muted":false,"flaky":false,"message":"element click intercepted: Element <button lightning-basecombobox_basecombobox=\"\" class=\"slds-combobox__input slds-input_faux slds-combobox__input-value\" id=\"combobox-button-570\" type=\"button\" aria-expanded=\"false\" aria-haspopup=\"listbox\" name=\"PHX_PrimaryContact__c\" role=\"combobox\" data-value=\"--None--\" aria-label=\"Primary, --None--\" aria-required=\"false\" aria-controls=\"dropdown-element-570\">...</button> is not clickable at point (429, 89). Other element would receive the click: <a role=\"tab\" aria-controls=\"1628:0\" tabindex=\"-1\" title=\"07558164\" data-tabid=\"ctab4\" aria-selected=\"false\" aria-describedby=\"tabOperation-454:0;p\" href=\"/lightning/r/Case/500010000081iaMAAQ/view\" class=\"tabHeader slds-context-bar__label-action \" data-aura-rendered-by=\"1636:0\">...</a>\n  (Session info: chrome=111.0.5563.65)\nBuild info: version: '3.141.59', revision: 'e82be7d358', time: '2018-11-14T08:17:03'\nSystem info: host: 'NTS-NISHANTKOLT', ip: '192.168.1.5', os.name: 'Windows 10', os.arch: 'amd64', os.version: '10.0', java.version: '11.0.15.1'\nDriver info: org.openqa.selenium.chrome.ChromeDriver\nCapabilities {acceptInsecureCerts: false, browserName: chrome, browserVersion: 111.0.5563.65, chrome: {chromedriverVersion: 111.0.5563.64 (c710e93d5b63..., userDataDir: C:\\Users\\NTS-NI~1\\AppData\\L...}, goog:chromeOptions: {debuggerAddress: localhost:62750}, javascriptEnabled: true, networkConnectionEnabled: false, pageLoadStrategy: normal, platform: WINDOWS, platformName: WINDOWS, proxy: Proxy(), setWindowRect: true, strictFileInteractability: false, timeouts: {implicit: 0, pageLoad: 300000, script: 30000}, unhandledPromptBehavior: dismiss and notify, webauthn:extension:credBlob: true, webauthn:extension:largeBlob: true, webauthn:extension:minPinLength: true, webauthn:extension:prf: true, webauthn:virtualAuthenticators: true}\nSession ID: de7006b897727e7a2d656bddbec1a06a","trace":"org.openqa.selenium.ElementClickInterceptedException: element click intercepted: Element <button lightning-basecombobox_basecombobox=\"\" class=\"slds-combobox__input slds-input_faux slds-combobox__input-value\" id=\"combobox-button-570\" type=\"button\" aria-expanded=\"false\" aria-haspopup=\"listbox\" name=\"PHX_PrimaryContact__c\" role=\"combobox\" data-value=\"--None--\" aria-label=\"Primary, --None--\" aria-required=\"false\" aria-controls=\"dropdown-element-570\">...</button> is not clickable at point (429, 89). Other element would receive the click: <a role=\"tab\" aria-controls=\"1628:0\" tabindex=\"-1\" title=\"07558164\" data-tabid=\"ctab4\" aria-selected=\"false\" aria-describedby=\"tabOperation-454:0;p\" href=\"/lightning/r/Case/500010000081iaMAAQ/view\" class=\"tabHeader slds-context-bar__label-action \" data-aura-rendered-by=\"1636:0\">...</a>\n  (Session info: chrome=111.0.5563.65)\nBuild info: version: '3.141.59', revision: 'e82be7d358', time: '2018-11-14T08:17:03'\nSystem info: host: 'NTS-NISHANTKOLT', ip: '192.168.1.5', os.name: 'Windows 10', os.arch: 'amd64', os.version: '10.0', java.version: '11.0.15.1'\nDriver info: org.openqa.selenium.chrome.ChromeDriver\nCapabilities {acceptInsecureCerts: false, browserName: chrome, browserVersion: 111.0.5563.65, chrome: {chromedriverVersion: 111.0.5563.64 (c710e93d5b63..., userDataDir: C:\\Users\\NTS-NI~1\\AppData\\L...}, goog:chromeOptions: {debuggerAddress: localhost:62750}, javascriptEnabled: true, networkConnectionEnabled: false, pageLoadStrategy: normal, platform: WINDOWS, platformName: WINDOWS, proxy: Proxy(), setWindowRect: true, strictFileInteractability: false, timeouts: {implicit: 0, pageLoad: 300000, script: 30000}, unhandledPromptBehavior: dismiss and notify, webauthn:extension:credBlob: true, webauthn:extension:largeBlob: true, webauthn:extension:minPinLength: true, webauthn:extension:prf: true, webauthn:virtualAuthenticators: true}\nSession ID: de7006b897727e7a2d656bddbec1a06a\r\n\tat java.base/jdk.internal.reflect.NativeConstructorAccessorImpl.newInstance0(Native Method)\r\n\tat java.base/jdk.internal.reflect.NativeConstructorAccessorImpl.newInstance(NativeConstructorAccessorImpl.java:62)\r\n\tat java.base/jdk.internal.reflect.DelegatingConstructorAccessorImpl.newInstance(DelegatingConstructorAccessorImpl.java:45)\r\n\tat java.base/java.lang.reflect.Constructor.newInstance(Constructor.java:490)\r\n\tat org.openqa.selenium.remote.http.W3CHttpResponseCodec.createException(W3CHttpResponseCodec.java:187)\r\n\tat org.openqa.selenium.remote.http.W3CHttpResponseCodec.decode(W3CHttpResponseCodec.java:122)\r\n\tat org.openqa.selenium.remote.http.W3CHttpResponseCodec.decode(W3CHttpResponseCodec.java:49)\r\n\tat org.openqa.selenium.remote.HttpCommandExecutor.execute(HttpCommandExecutor.java:158)\r\n\tat org.openqa.selenium.remote.service.DriverCommandExecutor.execute(DriverCommandExecutor.java:83)\r\n\tat org.openqa.selenium.remote.RemoteWebDriver.execute(RemoteWebDriver.java:552)\r\n\tat org.openqa.selenium.remote.RemoteWebElement.execute(RemoteWebElement.java:285)\r\n\tat org.openqa.selenium.remote.RemoteWebElement.click(RemoteWebElement.java:84)\r\n\tat utilities.AppUtils.selectDropDownField(AppUtils.java:161)\r\n\tat pages.AccountPage.updateContactDetails(AccountPage.java:114)\r\n\tat tests.ui.HomePageTest.successful_Login_Test(HomePageTest.java:41)\r\n\tat java.base/jdk.internal.reflect.NativeMethodAccessorImpl.invoke0(Native Method)\r\n\tat java.base/jdk.internal.reflect.NativeMethodAccessorImpl.invoke(NativeMethodAccessorImpl.java:62)\r\n\tat java.base/jdk.internal.reflect.DelegatingMethodAccessorImpl.invoke(DelegatingMethodAccessorImpl.java:43)\r\n\tat java.base/java.lang.reflect.Method.invoke(Method.java:566)\r\n\tat org.testng.internal.MethodInvocationHelper.invokeMethod(MethodInvocationHelper.java:133)\r\n\tat org.testng.internal.TestInvoker.invokeMethod(TestInvoker.java:598)\r\n\tat org.testng.internal.TestInvoker.invokeTestMethod(TestInvoker.java:173)\r\n\tat org.testng.internal.MethodRunner.runInSequence(MethodRunner.java:46)\r\n\tat org.testng.internal.TestInvoker$MethodInvocationAgent.invoke(TestInvoker.java:824)\r\n\tat org.testng.internal.TestInvoker.invokeTestMethods(TestInvoker.java:146)\r\n\tat org.testng.internal.TestMethodWorker.invokeTestMethods(TestMethodWorker.java:146)\r\n\tat org.testng.internal.TestMethodWorker.run(TestMethodWorker.java:128)\r\n\tat java.base/java.util.ArrayList.forEach(ArrayList.java:1541)\r\n\tat org.testng.TestRunner.privateRun(TestRunner.java:794)\r\n\tat org.testng.TestRunner.run(TestRunner.java:596)\r\n\tat org.testng.SuiteRunner.runTest(SuiteRunner.java:377)\r\n\tat org.testng.SuiteRunner.runSequentially(SuiteRunner.java:371)\r\n\tat org.testng.SuiteRunner.privateRun(SuiteRunner.java:332)\r\n\tat org.testng.SuiteRunner.run(SuiteRunner.java:276)\r\n\tat org.testng.SuiteRunnerWorker.runSuite(SuiteRunnerWorker.java:53)\r\n\tat org.testng.SuiteRunnerWorker.run(SuiteRunnerWorker.java:96)\r\n\tat org.testng.TestNG.runSuitesSequentially(TestNG.java:1212)\r\n\tat org.testng.TestNG.runSuitesLocally(TestNG.java:1134)\r\n\tat org.testng.TestNG.runSuites(TestNG.java:1063)\r\n\tat org.testng.TestNG.run(TestNG.java:1031)\r\n\tat com.intellij.rt.testng.IDEARemoteTestNG.run(IDEARemoteTestNG.java:66)\r\n\tat com.intellij.rt.testng.RemoteTestNGStarter.main(RemoteTestNGStarter.java:109)\r\n"},"stage":"finished","steps":[],"attachments":[],"parameters":[{"name":"value","value":"Yes"},{"name":"label","value":"Primary"}],"start":1679765858140,"stop":1679765861353}],"attachments":[],"parameters":[],"start":1679765849236,"stop":1679765861354}],"attachments":[{"name":"saveFailureScreenShot","source":"02088363-0f51-4497-82eb-989edb1f8415-attachment"}],"parameters":[],"start":1679765808876,"stop":1679765861549,"uuid":"e931356b-fd2d-4094-a6d0-e46025587aca","historyId":"1c655a8ba9faaa96eaea2f1f5ac376af","fullName":"tests.ui.HomePageTest.successful_Login_Test","labels":[{"name":"package","value":"tests.ui.HomePageTest"},{"name":"testClass","value":"tests.ui.HomePageTest"},{"name":"testMethod","value":"successful_Login_Test"},{"name":"parentSuite","value":"Default Suite"},{"name":"suite","value":"automation_poc-main"},{"name":"subSuite","value":"tests.ui.HomePageTest"},{"name":"host","value":"NTS-NishantKolte"},{"name":"thread","value":"23304@NTS-NishantKolte.main(1)"},{"name":"framework","value":"testng"},{"name":"language","value":"java"},{"name":"story","value":"story_id: 001 - successful login and create a patient account"},{"name":"feature","value":"HomePage feature"},{"name":"severity","value":"critical"}],"links":[]}